[0.119s] Invoking command in '/home/kgh/ws2/build/yzbot_stm32connect': CMAKE_PREFIX_PATH=/home/kgh/ws2/install/yzbot_msgs:/home/kgh/ws2/install/yzbot_stm32connect:/home/kgh/ws2/install/yzbot_nav2:/home/kgh/ws2/install/yzbot_cartographer:/home/kgh/ws2/install/nav2_system_tests:/home/kgh/ws2/install/nav2_bringup:/home/kgh/ws2/install/navigation2:/home/kgh/ws2/install/smac_planner:/home/kgh/ws2/install/nav2_dwb_controller:/home/kgh/ws2/install/nav2_controller:/home/kgh/ws2/install/dwb_plugins:/home/kgh/ws2/install/dwb_critics:/home/kgh/ws2/install/dwb_core:/home/kgh/ws2/install/nav_2d_utils:/home/kgh/ws2/install/dwb_msgs:/home/kgh/ws2/install/nav_2d_msgs:/home/kgh/ws2/install/nav2_waypoint_follower:/home/kgh/ws2/install/nav2_regulated_pure_pursuit_controller:/home/kgh/ws2/install/nav2_recoveries:/home/kgh/ws2/install/nav2_planner:/home/kgh/ws2/install/nav2_navfn_planner:/home/kgh/ws2/install/nav2_core:/home/kgh/ws2/install/costmap_queue:/home/kgh/ws2/install/nav2_costmap_2d:/home/kgh/ws2/install/nav2_voxel_grid:/home/kgh/ws2/install/nav2_rviz_plugins:/home/kgh/ws2/install/nav2_map_server:/home/kgh/ws2/install/nav2_lifecycle_manager:/home/kgh/ws2/install/nav2_bt_navigator:/home/kgh/ws2/install/nav2_behavior_tree:/home/kgh/ws2/install/nav2_amcl:/home/kgh/ws2/install/nav2_util:/home/kgh/ws2/install/nav2_msgs:/home/kgh/ws2/install/nav2_common:/home/kgh/ws2/install/bluesea2:/home/kgh/ws2/install/yzbot_description:/home/kgh/ws2/install/yzbot_controller:/home/kgh/ws2/install/nav2_gazebo_spawner:/opt/ros/foxy /usr/bin/cmake --build /home/kgh/ws2/build/yzbot_stm32connect -- -j16 -l16
[0.194s] [ 50%] Built target serial
[0.208s] [35m[1mScanning dependencies of target stm32_connect[0m
[0.238s] [ 75%] [32mBuilding CXX object CMakeFiles/stm32_connect.dir/src/plc.cpp.o[0m
[0.238s] [ 75%] [32mBuilding CXX object CMakeFiles/stm32_connect.dir/src/stm32_connect.cpp.o[0m
[2.234s] In file included from [01m[K/home/kgh/ws2/src/yzbot_stm32connect/include/stm32_connect.hpp:6[m[K,
[2.234s]                  from [01m[K/home/kgh/ws2/src/yzbot_stm32connect/src/stm32_connect.cpp:1[m[K:
[2.234s] [01m[K/home/kgh/ws2/src/yzbot_stm32connect/include/plc.hpp:43:5:[m[K [01;31m[Kerror: [m[K‘[01m[Kmy_robot_pose[m[K’ does not name a type; did you mean ‘[01m[KRobot_pose[m[K’?
[2.234s]    43 |     [01;31m[Kmy_robot_pose[m[K.robot_x = 0;
[2.234s]       |     [01;31m[K^~~~~~~~~~~~~[m[K
[2.234s]       |     [32m[KRobot_pose[m[K
[2.235s] [01m[K/home/kgh/ws2/src/yzbot_stm32connect/include/plc.hpp:44:5:[m[K [01;31m[Kerror: [m[K‘[01m[Kmy_robot_pose[m[K’ does not name a type; did you mean ‘[01m[KRobot_pose[m[K’?
[2.235s]    44 |     [01;31m[Kmy_robot_pose[m[K.robot_y = 0;
[2.235s]       |     [01;31m[K^~~~~~~~~~~~~[m[K
[2.236s]       |     [32m[KRobot_pose[m[K
[2.237s] [01m[K/home/kgh/ws2/src/yzbot_stm32connect/include/plc.hpp:45:5:[m[K [01;31m[Kerror: [m[K‘[01m[Kmy_robot_pose[m[K’ does not name a type; did you mean ‘[01m[KRobot_pose[m[K’?
[2.237s]    45 |     [01;31m[Kmy_robot_pose[m[K.robot_yaw = 0;
[2.237s]       |     [01;31m[K^~~~~~~~~~~~~[m[K
[2.237s]       |     [32m[KRobot_pose[m[K
[2.241s] In file included from [01m[K/home/kgh/ws2/src/yzbot_stm32connect/src/plc.cpp:1[m[K:
[2.241s] [01m[K/home/kgh/ws2/src/yzbot_stm32connect/include/plc.hpp:43:5:[m[K [01;31m[Kerror: [m[K‘[01m[Kmy_robot_pose[m[K’ does not name a type; did you mean ‘[01m[KRobot_pose[m[K’?
[2.241s]    43 |     [01;31m[Kmy_robot_pose[m[K.robot_x = 0;
[2.241s]       |     [01;31m[K^~~~~~~~~~~~~[m[K
[2.241s]       |     [32m[KRobot_pose[m[K
[2.243s] [01m[K/home/kgh/ws2/src/yzbot_stm32connect/include/plc.hpp:44:5:[m[K [01;31m[Kerror: [m[K‘[01m[Kmy_robot_pose[m[K’ does not name a type; did you mean ‘[01m[KRobot_pose[m[K’?
[2.243s]    44 |     [01;31m[Kmy_robot_pose[m[K.robot_y = 0;
[2.243s]       |     [01;31m[K^~~~~~~~~~~~~[m[K
[2.243s]       |     [32m[KRobot_pose[m[K
[2.245s] [01m[K/home/kgh/ws2/src/yzbot_stm32connect/include/plc.hpp:45:5:[m[K [01;31m[Kerror: [m[K‘[01m[Kmy_robot_pose[m[K’ does not name a type; did you mean ‘[01m[KRobot_pose[m[K’?
[2.245s]    45 |     [01;31m[Kmy_robot_pose[m[K.robot_yaw = 0;
[2.245s]       |     [01;31m[K^~~~~~~~~~~~~[m[K
[2.245s]       |     [32m[KRobot_pose[m[K
[2.280s] [01m[K/home/kgh/ws2/src/yzbot_stm32connect/src/plc.cpp:[m[K In member function ‘[01m[Kint PLC::pub_odom(short int, short int, short int, short int, float, float, float, float)[m[K’:
[2.281s] [01m[K/home/kgh/ws2/src/yzbot_stm32connect/src/plc.cpp:42:29:[m[K [01;35m[Kwarning: [m[Kunused parameter ‘[01m[Kvx[m[K’ [[01;35m[K-Wunused-parameter[m[K]
[2.281s]    42 | int PLC::pub_odom([01;35m[Kshort int vx[m[K, short int vy, short int t1, short int t2, float angle_v, float angle, float n_vx, float n_vth)
[2.281s]       |                   [01;35m[K~~~~~~~~~~^~[m[K
[2.281s] [01m[K/home/kgh/ws2/src/yzbot_stm32connect/src/plc.cpp:42:43:[m[K [01;35m[Kwarning: [m[Kunused parameter ‘[01m[Kvy[m[K’ [[01;35m[K-Wunused-parameter[m[K]
[2.281s]    42 | int PLC::pub_odom(short int vx, [01;35m[Kshort int vy[m[K, short int t1, short int t2, float angle_v, float angle, float n_vx, float n_vth)
[2.281s]       |                                 [01;35m[K~~~~~~~~~~^~[m[K
[2.281s] [01m[K/home/kgh/ws2/src/yzbot_stm32connect/src/plc.cpp:42:81:[m[K [01;35m[Kwarning: [m[Kunused parameter ‘[01m[Kangle_v[m[K’ [[01;35m[K-Wunused-parameter[m[K]
[2.281s]    42 | int PLC::pub_odom(short int vx, short int vy, short int t1, short int t2, [01;35m[Kfloat angle_v[m[K, float angle, float n_vx, float n_vth)
[2.281s]       |                                                                           [01;35m[K~~~~~~^~~~~~~[m[K
[2.281s] [01m[K/home/kgh/ws2/src/yzbot_stm32connect/src/plc.cpp:42:109:[m[K [01;35m[Kwarning: [m[Kunused parameter ‘[01m[Kn_vx[m[K’ [[01;35m[K-Wunused-parameter[m[K]
[2.281s]    42 | int PLC::pub_odom(short int vx, short int vy, short int t1, short int t2, float angle_v, float angle, [01;35m[Kfloat n_vx[m[K, float n_vth)
[2.282s]       |                                                                                                       [01;35m[K~~~~~~^~~~[m[K
[2.282s] [01m[K/home/kgh/ws2/src/yzbot_stm32connect/src/plc.cpp:42:121:[m[K [01;35m[Kwarning: [m[Kunused parameter ‘[01m[Kn_vth[m[K’ [[01;35m[K-Wunused-parameter[m[K]
[2.282s]    42 | int PLC::pub_odom(short int vx, short int vy, short int t1, short int t2, float angle_v, float angle, float n_vx, [01;35m[Kfloat n_vth[m[K)
[2.282s]       |                                                                                                                   [01;35m[K~~~~~~^~~~~[m[K
[2.282s] [01m[K/home/kgh/ws2/src/yzbot_stm32connect/src/plc.cpp:[m[K In member function ‘[01m[Kvoid PLC::pub_robot_pose(int, int, double, double)[m[K’:
[2.282s] [01m[K/home/kgh/ws2/src/yzbot_stm32connect/src/plc.cpp:152:5:[m[K [01;31m[Kerror: [m[K‘[01m[Kyour_custom_msg_package[m[K’ has not been declared
[2.282s]   152 |     [01;31m[Kyour_custom_msg_package[m[K::msg::RobotPose robot_pose;
[2.282s]       |     [01;31m[K^~~~~~~~~~~~~~~~~~~~~~~[m[K
[2.284s] [01m[K/home/kgh/ws2/src/yzbot_stm32connect/src/plc.cpp:154:5:[m[K [01;31m[Kerror: [m[K‘[01m[Kcurrent_time[m[K’ was not declared in this scope
[2.284s]   154 |     [01;31m[Kcurrent_time[m[K = this->now();
[2.284s]       |     [01;31m[K^~~~~~~~~~~~[m[K
[2.291s] [01m[K/home/kgh/ws2/src/yzbot_stm32connect/src/plc.cpp:155:33:[m[K [01;31m[Kerror: [m[K‘[01m[Krobot_pose_lasttime[m[K’ was not declared in this scope
[2.291s]   155 |     double dt = (current_time - [01;31m[Krobot_pose_lasttime[m[K).seconds();
[2.291s]       |                                 [01;31m[K^~~~~~~~~~~~~~~~~~~[m[K
[2.293s] [01m[K/home/kgh/ws2/src/yzbot_stm32connect/src/plc.cpp:159:57:[m[K [01;31m[Kerror: [m[K‘[01m[Kmy_robot_pose[m[K’ was not declared in this scope; did you mean ‘[01m[Kpub_robot_pose[m[K’?
[2.293s]   159 |     double dt_x = ((left_t + right_t) * pulse_sec * cos([01;31m[Kmy_robot_pose[m[K.robot_yaw + dt_th/2.0))/2.0;
[2.293s]       |                                                         [01;31m[K^~~~~~~~~~~~~[m[K
[2.293s]       |                                                         [32m[Kpub_robot_pose[m[K
[2.297s] [01m[K/home/kgh/ws2/src/yzbot_stm32connect/src/plc.cpp:202:5:[m[K [01;31m[Kerror: [m[K‘[01m[KmRobotPose_yaw[m[K’ was not declared in this scope
[2.297s]   202 |     [01;31m[KmRobotPose_yaw[m[K = mRobotPose_yaw + dt_th;
[2.297s]       |     [01;31m[K^~~~~~~~~~~~~~[m[K
[2.298s] [01m[K/home/kgh/ws2/src/yzbot_stm32connect/src/plc.cpp:203:59:[m[K [01;31m[Kerror: [m[K‘[01m[KSign[m[K’ was not declared in this scope
[2.298s]   203 |     if(fabs(mRobotPose_yaw) > 3.14) mRobotPose_yaw = 3.14*[01;31m[KSign[m[K(mRobotPose_yaw)*-1+(Sign(mRobotPose_yaw)*fabs(fabs(mRobotPose_yaw)-3.14));
[2.298s]       |                                                           [01;31m[K^~~~[m[K
[2.299s] [01m[K/home/kgh/ws2/src/yzbot_stm32connect/src/plc.cpp:204:5:[m[K [01;31m[Kerror: [m[K‘[01m[Krobot_pose[m[K’ was not declared in this scope; did you mean ‘[01m[KRobot_pose[m[K’?
[2.299s]   204 |     [01;31m[Krobot_pose[m[K.yaw = mRobotPose_yaw;
[2.299s]       |     [01;31m[K^~~~~~~~~~[m[K
[2.299s]       |     [32m[KRobot_pose[m[K
[2.300s] [01m[K/home/kgh/ws2/src/yzbot_stm32connect/src/plc.cpp:208:5:[m[K [01;31m[Kerror: [m[K‘[01m[Kpub_robot_pose_[m[K’ was not declared in this scope; did you mean ‘[01m[Kpub_robot_pose[m[K’?
[2.300s]   208 |     [01;31m[Kpub_robot_pose_[m[K->publish(robot_pose);
[2.301s]       |     [01;31m[K^~~~~~~~~~~~~~~[m[K
[2.301s]       |     [32m[Kpub_robot_pose[m[K
[2.301s] [01m[K/home/kgh/ws2/src/yzbot_stm32connect/src/plc.cpp:151:18:[m[K [01;35m[Kwarning: [m[Kunused variable ‘[01m[Ktrueth_angle[m[K’ [[01;35m[K-Wunused-variable[m[K]
[2.301s]   151 |     static float [01;35m[Ktrueth_angle[m[K = 0;
[2.301s]       |                  [01;35m[K^~~~~~~~~~~~[m[K
[2.301s] [01m[K/home/kgh/ws2/src/yzbot_stm32connect/src/plc.cpp:155:12:[m[K [01;35m[Kwarning: [m[Kunused variable ‘[01m[Kdt[m[K’ [[01;35m[K-Wunused-variable[m[K]
[2.301s]   155 |     double [01;35m[Kdt[m[K = (current_time - robot_pose_lasttime).seconds();
[2.301s]       |            [01;35m[K^~[m[K
[2.301s] [01m[K/home/kgh/ws2/src/yzbot_stm32connect/src/plc.cpp:161:12:[m[K [01;35m[Kwarning: [m[Kunused variable ‘[01m[Ksin_y[m[K’ [[01;35m[K-Wunused-variable[m[K]
[2.301s]   161 |     double [01;35m[Ksin_y[m[K = sin(my_robot_pose.robot_yaw + dt_th/2.0);
[2.301s]       |            [01;35m[K^~~~~[m[K
[2.302s] [01m[K/home/kgh/ws2/src/yzbot_stm32connect/src/plc.cpp:148:74:[m[K [01;35m[Kwarning: [m[Kunused parameter ‘[01m[Kangle_l[m[K’ [[01;35m[K-Wunused-parameter[m[K]
[2.302s]   148 | void PLC::pub_robot_pose(int left_t, int right_t, double angle_t, [01;35m[Kdouble angle_l[m[K)
[2.302s]       |                                                                   [01;35m[K~~~~~~~^~~~~~~[m[K
[2.844s] make[2]: *** [CMakeFiles/stm32_connect.dir/build.make:63：CMakeFiles/stm32_connect.dir/src/stm32_connect.cpp.o] 错误 1
[2.844s] make[2]: *** 正在等待未完成的任务....
[3.855s] [01m[K/home/kgh/ws2/src/yzbot_stm32connect/src/plc.cpp:[m[K At global scope:
[3.855s] [01m[K/home/kgh/ws2/src/yzbot_stm32connect/src/plc.cpp:151:18:[m[K [01;35m[Kwarning: [m[K‘[01m[Ktrueth_angle[m[K’ defined but not used [[01;35m[K-Wunused-variable[m[K]
[3.855s]   151 |     static float [01;35m[Ktrueth_angle[m[K = 0;
[3.855s]       |                  [01;35m[K^~~~~~~~~~~~[m[K
[3.880s] make[2]: *** [CMakeFiles/stm32_connect.dir/build.make:89：CMakeFiles/stm32_connect.dir/src/plc.cpp.o] 错误 1
[3.880s] make[1]: *** [CMakeFiles/Makefile2:80：CMakeFiles/stm32_connect.dir/all] 错误 2
[3.880s] make: *** [Makefile:141：all] 错误 2
[3.882s] Invoked command in '/home/kgh/ws2/build/yzbot_stm32connect' returned '2': CMAKE_PREFIX_PATH=/home/kgh/ws2/install/yzbot_msgs:/home/kgh/ws2/install/yzbot_stm32connect:/home/kgh/ws2/install/yzbot_nav2:/home/kgh/ws2/install/yzbot_cartographer:/home/kgh/ws2/install/nav2_system_tests:/home/kgh/ws2/install/nav2_bringup:/home/kgh/ws2/install/navigation2:/home/kgh/ws2/install/smac_planner:/home/kgh/ws2/install/nav2_dwb_controller:/home/kgh/ws2/install/nav2_controller:/home/kgh/ws2/install/dwb_plugins:/home/kgh/ws2/install/dwb_critics:/home/kgh/ws2/install/dwb_core:/home/kgh/ws2/install/nav_2d_utils:/home/kgh/ws2/install/dwb_msgs:/home/kgh/ws2/install/nav_2d_msgs:/home/kgh/ws2/install/nav2_waypoint_follower:/home/kgh/ws2/install/nav2_regulated_pure_pursuit_controller:/home/kgh/ws2/install/nav2_recoveries:/home/kgh/ws2/install/nav2_planner:/home/kgh/ws2/install/nav2_navfn_planner:/home/kgh/ws2/install/nav2_core:/home/kgh/ws2/install/costmap_queue:/home/kgh/ws2/install/nav2_costmap_2d:/home/kgh/ws2/install/nav2_voxel_grid:/home/kgh/ws2/install/nav2_rviz_plugins:/home/kgh/ws2/install/nav2_map_server:/home/kgh/ws2/install/nav2_lifecycle_manager:/home/kgh/ws2/install/nav2_bt_navigator:/home/kgh/ws2/install/nav2_behavior_tree:/home/kgh/ws2/install/nav2_amcl:/home/kgh/ws2/install/nav2_util:/home/kgh/ws2/install/nav2_msgs:/home/kgh/ws2/install/nav2_common:/home/kgh/ws2/install/bluesea2:/home/kgh/ws2/install/yzbot_description:/home/kgh/ws2/install/yzbot_controller:/home/kgh/ws2/install/nav2_gazebo_spawner:/opt/ros/foxy /usr/bin/cmake --build /home/kgh/ws2/build/yzbot_stm32connect -- -j16 -l16
