[0.117s] Invoking command in '/home/kgh/ws2/build/yzbot_stm32connect': CMAKE_PREFIX_PATH=/home/kgh/ws2/install/yzbot_msgs:/home/kgh/ws2/install/yzbot_stm32connect:/home/kgh/ws2/install/yzbot_nav2:/home/kgh/ws2/install/yzbot_cartographer:/home/kgh/ws2/install/nav2_system_tests:/home/kgh/ws2/install/nav2_bringup:/home/kgh/ws2/install/navigation2:/home/kgh/ws2/install/smac_planner:/home/kgh/ws2/install/nav2_dwb_controller:/home/kgh/ws2/install/nav2_controller:/home/kgh/ws2/install/dwb_plugins:/home/kgh/ws2/install/dwb_critics:/home/kgh/ws2/install/dwb_core:/home/kgh/ws2/install/nav_2d_utils:/home/kgh/ws2/install/dwb_msgs:/home/kgh/ws2/install/nav_2d_msgs:/home/kgh/ws2/install/nav2_waypoint_follower:/home/kgh/ws2/install/nav2_regulated_pure_pursuit_controller:/home/kgh/ws2/install/nav2_recoveries:/home/kgh/ws2/install/nav2_planner:/home/kgh/ws2/install/nav2_navfn_planner:/home/kgh/ws2/install/nav2_core:/home/kgh/ws2/install/costmap_queue:/home/kgh/ws2/install/nav2_costmap_2d:/home/kgh/ws2/install/nav2_voxel_grid:/home/kgh/ws2/install/nav2_rviz_plugins:/home/kgh/ws2/install/nav2_map_server:/home/kgh/ws2/install/nav2_lifecycle_manager:/home/kgh/ws2/install/nav2_bt_navigator:/home/kgh/ws2/install/nav2_behavior_tree:/home/kgh/ws2/install/nav2_amcl:/home/kgh/ws2/install/nav2_util:/home/kgh/ws2/install/nav2_msgs:/home/kgh/ws2/install/nav2_common:/home/kgh/ws2/install/bluesea2:/home/kgh/ws2/install/yzbot_description:/home/kgh/ws2/install/yzbot_controller:/home/kgh/ws2/install/nav2_gazebo_spawner:/opt/ros/foxy /usr/bin/cmake --build /home/kgh/ws2/build/yzbot_stm32connect -- -j16 -l16
[0.182s] [ 44%] Built target serial
[0.195s] [35m[1mScanning dependencies of target stm32_connect[0m
[0.225s] [ 55%] [32mBuilding CXX object CMakeFiles/stm32_connect.dir/src/pms.cpp.o[0m
[2.109s] [01m[K/home/kgh/ws2/src/yzbot_stm32connect/src/pms.cpp:[m[K In constructor â€˜[01m[KPMS::PMS(RobotSerial*)[m[Kâ€™:
[2.110s] [01m[K/home/kgh/ws2/src/yzbot_stm32connect/src/pms.cpp:12:48:[m[K [01;31m[Kerror: [m[Kâ€˜[01m[Kget_callback[m[Kâ€™ is not a member of â€˜[01m[KPMS[m[Kâ€™
[2.110s]    12 |         "your_topic_name", 10, std::bind(&PMS::[01;31m[Kget_callback[m[K, this, std::placeholders::_1));
[2.110s]       |                                                [01;31m[K^~~~~~~~~~~~[m[K
[2.110s] [01m[K/home/kgh/ws2/src/yzbot_stm32connect/src/pms.cpp:9:9:[m[K [01;35m[Kwarning: [m[Kunused variable â€˜[01m[Kauto_charge_flag[m[Kâ€™ [[01;35m[K-Wunused-variable[m[K]
[2.110s]     9 |     int [01;35m[Kauto_charge_flag[m[K = 0;
[2.110s]       |         [01;35m[K^~~~~~~~~~~~~~~~[m[K
[2.116s] [01m[K/home/kgh/ws2/src/yzbot_stm32connect/src/pms.cpp:[m[K In function â€˜[01m[Kvoid get_callback(yzbot_msgs::msg::ChargeCtrl_<std::allocator<void> >::SharedPtr)[m[Kâ€™:
[2.116s] [01m[K/home/kgh/ws2/src/yzbot_stm32connect/src/pms.cpp:19:5:[m[K [01;31m[Kerror: [m[Kâ€˜[01m[Kauto_charge_flag[m[Kâ€™ was not declared in this scope
[2.116s]    19 |     [01;31m[Kauto_charge_flag[m[K = msg->auto_charging_flag;
[2.116s]       |     [01;31m[K^~~~~~~~~~~~~~~~[m[K
[2.116s] In file included from [01m[K/opt/ros/foxy/include/rclcpp/service.hpp:34[m[K,
[2.116s]                  from [01m[K/opt/ros/foxy/include/rclcpp/callback_group.hpp:25[m[K,
[2.117s]                  from [01m[K/opt/ros/foxy/include/rclcpp/any_executable.hpp:20[m[K,
[2.117s]                  from [01m[K/opt/ros/foxy/include/rclcpp/memory_strategy.hpp:24[m[K,
[2.117s]                  from [01m[K/opt/ros/foxy/include/rclcpp/memory_strategies.hpp:18[m[K,
[2.117s]                  from [01m[K/opt/ros/foxy/include/rclcpp/executor_options.hpp:20[m[K,
[2.117s]                  from [01m[K/opt/ros/foxy/include/rclcpp/executor.hpp:33[m[K,
[2.117s]                  from [01m[K/opt/ros/foxy/include/rclcpp/executors/multi_threaded_executor.hpp:26[m[K,
[2.117s]                  from [01m[K/opt/ros/foxy/include/rclcpp/executors.hpp:21[m[K,
[2.117s]                  from [01m[K/opt/ros/foxy/include/rclcpp/rclcpp.hpp:146[m[K,
[2.117s]                  from [01m[K/home/kgh/ws2/src/yzbot_stm32connect/include/pms.hpp:4[m[K,
[2.117s]                  from [01m[K/home/kgh/ws2/src/yzbot_stm32connect/src/pms.cpp:1[m[K:
[2.117s] [01m[K/home/kgh/ws2/src/yzbot_stm32connect/src/pms.cpp:20:17:[m[K [01;31m[Kerror: [m[Kinvalid use of â€˜[01m[Kthis[m[Kâ€™ in non-member function
[2.117s]    20 |     RCLCPP_INFO([01;31m[Kthis[m[K->get_logger(), "auto_charging_flag: %d", auto_charging_flag);
[2.117s]       |                 [01;31m[K^~~~[m[K
[2.117s] [01m[K/home/kgh/ws2/src/yzbot_stm32connect/src/pms.cpp:20:17:[m[K [01;31m[Kerror: [m[Kinvalid use of â€˜[01m[Kthis[m[Kâ€™ in non-member function
[2.117s] [01m[K/home/kgh/ws2/src/yzbot_stm32connect/src/pms.cpp:20:5:[m[K [01;31m[Kerror: [m[Ktemplate argument 1 is invalid
[2.117s]    20 |     [01;31m[KRCLCPP_INFO[m[K(this->get_logger(), "auto_charging_flag: %d", auto_charging_flag);
[2.118s]       |     [01;31m[K^~~~~~~~~~~[m[K
[2.118s] [01m[K/home/kgh/ws2/src/yzbot_stm32connect/src/pms.cpp:20:5:[m[K [01;31m[Kerror: [m[Ktemplate argument 1 is invalid
[2.118s]    20 |     [01;31m[KRCLCPP_INFO[m[K(this->get_logger(), "auto_charging_flag: %d", auto_charging_flag);
[2.118s]       |     [01;31m[K^~~~~~~~~~~[m[K
[2.118s] [01m[K/home/kgh/ws2/src/yzbot_stm32connect/src/pms.cpp:20:5:[m[K [01;31m[Kerror: [m[Ktemplate argument 1 is invalid
[2.118s]    20 |     [01;31m[KRCLCPP_INFO[m[K(this->get_logger(), "auto_charging_flag: %d", auto_charging_flag);
[2.118s]       |     [01;31m[K^~~~~~~~~~~[m[K
[2.118s] In file included from [01m[K/opt/ros/foxy/include/rclcpp/client.hpp:40[m[K,
[2.118s]                  from [01m[K/opt/ros/foxy/include/rclcpp/callback_group.hpp:23[m[K,
[2.118s]                  from [01m[K/opt/ros/foxy/include/rclcpp/any_executable.hpp:20[m[K,
[2.118s]                  from [01m[K/opt/ros/foxy/include/rclcpp/memory_strategy.hpp:24[m[K,
[2.118s]                  from [01m[K/opt/ros/foxy/include/rclcpp/memory_strategies.hpp:18[m[K,
[2.118s]                  from [01m[K/opt/ros/foxy/include/rclcpp/executor_options.hpp:20[m[K,
[2.118s]                  from [01m[K/opt/ros/foxy/include/rclcpp/executor.hpp:33[m[K,
[2.118s]                  from [01m[K/opt/ros/foxy/include/rclcpp/executors/multi_threaded_executor.hpp:26[m[K,
[2.118s]                  from [01m[K/opt/ros/foxy/include/rclcpp/executors.hpp:21[m[K,
[2.118s]                  from [01m[K/opt/ros/foxy/include/rclcpp/rclcpp.hpp:146[m[K,
[2.119s]                  from [01m[K/home/kgh/ws2/src/yzbot_stm32connect/include/pms.hpp:4[m[K,
[2.119s]                  from [01m[K/home/kgh/ws2/src/yzbot_stm32connect/src/pms.cpp:1[m[K:
[2.119s] [01m[K/home/kgh/ws2/src/yzbot_stm32connect/src/pms.cpp:20:17:[m[K [01;31m[Kerror: [m[Kinvalid use of â€˜[01m[Kthis[m[Kâ€™ in non-member function
[2.119s]    20 |     RCLCPP_INFO([01;31m[Kthis[m[K->get_logger(), "auto_charging_flag: %d", auto_charging_flag);
[2.119s]       |                 [01;31m[K^~~~[m[K
[2.119s] [01m[K/home/kgh/ws2/src/yzbot_stm32connect/src/pms.cpp:20:17:[m[K [01;31m[Kerror: [m[Kinvalid use of â€˜[01m[Kthis[m[Kâ€™ in non-member function
[2.119s]    20 |     RCLCPP_INFO([01;31m[Kthis[m[K->get_logger(), "auto_charging_flag: %d", auto_charging_flag);
[2.119s]       |                 [01;31m[K^~~~[m[K
[2.122s] [01m[K/home/kgh/ws2/src/yzbot_stm32connect/src/pms.cpp:20:63:[m[K [01;31m[Kerror: [m[Kâ€˜[01m[Kauto_charging_flag[m[Kâ€™ was not declared in this scope
[2.122s]    20 |     RCLCPP_INFO(this->get_logger(), "auto_charging_flag: %d", [01;31m[Kauto_charging_flag[m[K);
[2.122s]       |                                                               [01;31m[K^~~~~~~~~~~~~~~~~~[m[K
[2.127s] [01m[K/home/kgh/ws2/src/yzbot_stm32connect/src/pms.cpp:22:9:[m[K [01;31m[Kerror: [m[Kâ€˜[01m[Kauto_charging_flag[m[Kâ€™ was not declared in this scope
[2.127s]    22 |     if ([01;31m[Kauto_charging_flag[m[K == 0) mRobot_Serial->Auto_Charging(0);
[2.127s]       |         [01;31m[K^~~~~~~~~~~~~~~~~~[m[K
[2.128s] [01m[K/home/kgh/ws2/src/yzbot_stm32connect/src/pms.cpp:22:34:[m[K [01;31m[Kerror: [m[Kâ€˜[01m[KmRobot_Serial[m[Kâ€™ was not declared in this scope; did you mean â€˜[01m[KRobotSerial[m[Kâ€™?
[2.128s]    22 |     if (auto_charging_flag == 0) [01;31m[KmRobot_Serial[m[K->Auto_Charging(0);
[2.128s]       |                                  [01;31m[K^~~~~~~~~~~~~[m[K
[2.128s]       |                                  [32m[KRobotSerial[m[K
[2.129s] [01m[K/home/kgh/ws2/src/yzbot_stm32connect/src/pms.cpp:23:40:[m[K [01;31m[Kerror: [m[Kâ€˜[01m[KmRobot_Serial[m[Kâ€™ was not declared in this scope; did you mean â€˜[01m[KRobotSerial[m[Kâ€™?
[2.129s]    23 |     else if (auto_charging_flag == 1)  [01;31m[KmRobot_Serial[m[K->Auto_Charging(1);
[2.129s]       |                                        [01;31m[K^~~~~~~~~~~~~[m[K
[2.129s]       |                                        [32m[KRobotSerial[m[K
[2.629s] make[2]: *** [CMakeFiles/stm32_connect.dir/build.make:102ï¼šCMakeFiles/stm32_connect.dir/src/pms.cpp.o] é”™è¯¯ 1
[2.629s] make[1]: *** [CMakeFiles/Makefile2:80ï¼šCMakeFiles/stm32_connect.dir/all] é”™è¯¯ 2
[2.629s] make: *** [Makefile:141ï¼šall] é”™è¯¯ 2
[2.632s] Invoked command in '/home/kgh/ws2/build/yzbot_stm32connect' returned '2': CMAKE_PREFIX_PATH=/home/kgh/ws2/install/yzbot_msgs:/home/kgh/ws2/install/yzbot_stm32connect:/home/kgh/ws2/install/yzbot_nav2:/home/kgh/ws2/install/yzbot_cartographer:/home/kgh/ws2/install/nav2_system_tests:/home/kgh/ws2/install/nav2_bringup:/home/kgh/ws2/install/navigation2:/home/kgh/ws2/install/smac_planner:/home/kgh/ws2/install/nav2_dwb_controller:/home/kgh/ws2/install/nav2_controller:/home/kgh/ws2/install/dwb_plugins:/home/kgh/ws2/install/dwb_critics:/home/kgh/ws2/install/dwb_core:/home/kgh/ws2/install/nav_2d_utils:/home/kgh/ws2/install/dwb_msgs:/home/kgh/ws2/install/nav_2d_msgs:/home/kgh/ws2/install/nav2_waypoint_follower:/home/kgh/ws2/install/nav2_regulated_pure_pursuit_controller:/home/kgh/ws2/install/nav2_recoveries:/home/kgh/ws2/install/nav2_planner:/home/kgh/ws2/install/nav2_navfn_planner:/home/kgh/ws2/install/nav2_core:/home/kgh/ws2/install/costmap_queue:/home/kgh/ws2/install/nav2_costmap_2d:/home/kgh/ws2/install/nav2_voxel_grid:/home/kgh/ws2/install/nav2_rviz_plugins:/home/kgh/ws2/install/nav2_map_server:/home/kgh/ws2/install/nav2_lifecycle_manager:/home/kgh/ws2/install/nav2_bt_navigator:/home/kgh/ws2/install/nav2_behavior_tree:/home/kgh/ws2/install/nav2_amcl:/home/kgh/ws2/install/nav2_util:/home/kgh/ws2/install/nav2_msgs:/home/kgh/ws2/install/nav2_common:/home/kgh/ws2/install/bluesea2:/home/kgh/ws2/install/yzbot_description:/home/kgh/ws2/install/yzbot_controller:/home/kgh/ws2/install/nav2_gazebo_spawner:/opt/ros/foxy /usr/bin/cmake --build /home/kgh/ws2/build/yzbot_stm32connect -- -j16 -l16
