[0.112s] Invoking command in '/home/kgh/ws2/build/yzbot_stm32connect': CMAKE_PREFIX_PATH=/home/kgh/ws2/install/yzbot_msgs:/home/kgh/ws2/install/yzbot_stm32connect:/home/kgh/ws2/install/yzbot_nav2:/home/kgh/ws2/install/yzbot_cartographer:/home/kgh/ws2/install/nav2_system_tests:/home/kgh/ws2/install/nav2_bringup:/home/kgh/ws2/install/navigation2:/home/kgh/ws2/install/smac_planner:/home/kgh/ws2/install/nav2_dwb_controller:/home/kgh/ws2/install/nav2_controller:/home/kgh/ws2/install/dwb_plugins:/home/kgh/ws2/install/dwb_critics:/home/kgh/ws2/install/dwb_core:/home/kgh/ws2/install/nav_2d_utils:/home/kgh/ws2/install/dwb_msgs:/home/kgh/ws2/install/nav_2d_msgs:/home/kgh/ws2/install/nav2_waypoint_follower:/home/kgh/ws2/install/nav2_regulated_pure_pursuit_controller:/home/kgh/ws2/install/nav2_recoveries:/home/kgh/ws2/install/nav2_planner:/home/kgh/ws2/install/nav2_navfn_planner:/home/kgh/ws2/install/nav2_core:/home/kgh/ws2/install/costmap_queue:/home/kgh/ws2/install/nav2_costmap_2d:/home/kgh/ws2/install/nav2_voxel_grid:/home/kgh/ws2/install/nav2_rviz_plugins:/home/kgh/ws2/install/nav2_map_server:/home/kgh/ws2/install/nav2_lifecycle_manager:/home/kgh/ws2/install/nav2_bt_navigator:/home/kgh/ws2/install/nav2_behavior_tree:/home/kgh/ws2/install/nav2_amcl:/home/kgh/ws2/install/nav2_util:/home/kgh/ws2/install/nav2_msgs:/home/kgh/ws2/install/nav2_common:/home/kgh/ws2/install/bluesea2:/home/kgh/ws2/install/yzbot_description:/home/kgh/ws2/install/yzbot_controller:/home/kgh/ws2/install/nav2_gazebo_spawner:/opt/ros/foxy /usr/bin/cmake --build /home/kgh/ws2/build/yzbot_stm32connect -- -j16 -l16
[0.191s] [ 40%] Built target serial
[0.219s] [35m[1mScanning dependencies of target stm32_connect[0m
[0.289s] [ 60%] [32mBuilding CXX object CMakeFiles/stm32_connect.dir/src/psc.cpp.o[0m
[0.289s] [ 60%] [32mBuilding CXX object CMakeFiles/stm32_connect.dir/src/stm32_connect.cpp.o[0m
[2.257s] [01m[K/home/kgh/ws2/src/yzbot_stm32connect/src/psc.cpp:[m[K In constructor ‚Äò[01m[KPSC::PSC(RobotSerial*)[m[K‚Äô:
[2.257s] [01m[K/home/kgh/ws2/src/yzbot_stm32connect/src/psc.cpp:12:67:[m[K [01;31m[Kerror: [m[K‚Äò[01m[KPSCGetNeckStatus[m[K‚Äô is not a member of ‚Äò[01m[Kyzbot_msgs::msg[m[K‚Äô; did you mean ‚Äò[01m[KPscGetNeckStatus[m[K‚Äô?
[2.257s]    12 |     psc_neck_status_pub = this->create_publisher<yzbot_msgs::msg::[01;31m[KPSCGetNeckStatus[m[K>("psc_get_neck_status", 10);
[2.257s]       |                                                                   [01;31m[K^~~~~~~~~~~~~~~~[m[K
[2.257s]       |                                                                   [32m[KPscGetNeckStatus[m[K
[2.257s] [01m[K/home/kgh/ws2/src/yzbot_stm32connect/src/psc.cpp:12:110:[m[K [01;31m[Kerror: [m[Kno matching function for call to ‚Äò[01m[KPSC::create_publisher<<expression error> >(const char [20], int)[m[K‚Äô
[2.257s]    12 |     psc_neck_status_pub = this->create_publisher<yzbot_msgs::msg::PSCGetNeckStatus>("psc_get_neck_status", 10[01;31m[K)[m[K;
[2.258s]       |                                                                                                              [01;31m[K^[m[K
[2.258s] In file included from [01m[K/opt/ros/foxy/include/rclcpp/node.hpp:1224[m[K,
[2.258s]                  from [01m[K/opt/ros/foxy/include/rclcpp/executors/single_threaded_executor.hpp:28[m[K,
[2.258s]                  from [01m[K/opt/ros/foxy/include/rclcpp/executors.hpp:22[m[K,
[2.258s]                  from [01m[K/opt/ros/foxy/include/rclcpp/rclcpp.hpp:146[m[K,
[2.258s]                  from [01m[K/home/kgh/ws2/src/yzbot_stm32connect/include/psc.hpp:4[m[K,
[2.258s]                  from [01m[K/home/kgh/ws2/src/yzbot_stm32connect/src/psc.cpp:1[m[K:
[2.258s] [01m[K/opt/ros/foxy/include/rclcpp/node_impl.hpp:71:1:[m[K [01;36m[Knote: [m[Kcandidate: ‚Äò[01m[Ktemplate<class MessageT, class AllocatorT, class PublisherT> std::shared_ptr<PublisherT> rclcpp::Node::create_publisher(const string&, const rclcpp::QoS&, const rclcpp::PublisherOptionsWithAllocator<AllocatorT>&)[m[K‚Äô
[2.258s]    71 | [01;36m[KNode[m[K::create_publisher(
[2.258s]       | [01;36m[K^~~~[m[K
[2.258s] [01m[K/opt/ros/foxy/include/rclcpp/node_impl.hpp:71:1:[m[K [01;36m[Knote: [m[K  template argument deduction/substitution failed:
[2.258s] [01m[K/home/kgh/ws2/src/yzbot_stm32connect/src/psc.cpp:12:110:[m[K [01;31m[Kerror: [m[Ktemplate argument 1 is invalid
[2.258s]    12 |     psc_neck_status_pub = this->create_publisher<yzbot_msgs::msg::PSCGetNeckStatus>("psc_get_neck_status", 10[01;31m[K)[m[K;
[2.258s]       |                                                                                                              [01;31m[K^[m[K
[2.259s] [01m[K/home/kgh/ws2/src/yzbot_stm32connect/src/psc.cpp:13:67:[m[K [01;31m[Kerror: [m[K‚Äò[01m[KPSCGetHeadStatus[m[K‚Äô is not a member of ‚Äò[01m[Kyzbot_msgs::msg[m[K‚Äô; did you mean ‚Äò[01m[KPscGetHeadStatus[m[K‚Äô?
[2.259s]    13 |     psc_head_status_pub = this->create_publisher<yzbot_msgs::msg::[01;31m[KPSCGetHeadStatus[m[K>("psc_get_head_status", 10);
[2.259s]       |                                                                   [01;31m[K^~~~~~~~~~~~~~~~[m[K
[2.259s]       |                                                                   [32m[KPscGetHeadStatus[m[K
[2.259s] [01m[K/home/kgh/ws2/src/yzbot_stm32connect/src/psc.cpp:13:110:[m[K [01;31m[Kerror: [m[Kno matching function for call to ‚Äò[01m[KPSC::create_publisher<<expression error> >(const char [20], int)[m[K‚Äô
[2.259s]    13 |     psc_head_status_pub = this->create_publisher<yzbot_msgs::msg::PSCGetHeadStatus>("psc_get_head_status", 10[01;31m[K)[m[K;
[2.259s]       |                                                                                                              [01;31m[K^[m[K
[2.259s] In file included from [01m[K/opt/ros/foxy/include/rclcpp/node.hpp:1224[m[K,
[2.259s]                  from [01m[K/opt/ros/foxy/include/rclcpp/executors/single_threaded_executor.hpp:28[m[K,
[2.259s]                  from [01m[K/opt/ros/foxy/include/rclcpp/executors.hpp:22[m[K,
[2.259s]                  from [01m[K/opt/ros/foxy/include/rclcpp/rclcpp.hpp:146[m[K,
[2.259s]                  from [01m[K/home/kgh/ws2/src/yzbot_stm32connect/include/psc.hpp:4[m[K,
[2.259s]                  from [01m[K/home/kgh/ws2/src/yzbot_stm32connect/src/psc.cpp:1[m[K:
[2.259s] [01m[K/opt/ros/foxy/include/rclcpp/node_impl.hpp:71:1:[m[K [01;36m[Knote: [m[Kcandidate: ‚Äò[01m[Ktemplate<class MessageT, class AllocatorT, class PublisherT> std::shared_ptr<PublisherT> rclcpp::Node::create_publisher(const string&, const rclcpp::QoS&, const rclcpp::PublisherOptionsWithAllocator<AllocatorT>&)[m[K‚Äô
[2.259s]    71 | [01;36m[KNode[m[K::create_publisher(
[2.260s]       | [01;36m[K^~~~[m[K
[2.260s] [01m[K/opt/ros/foxy/include/rclcpp/node_impl.hpp:71:1:[m[K [01;36m[Knote: [m[K  template argument deduction/substitution failed:
[2.260s] [01m[K/home/kgh/ws2/src/yzbot_stm32connect/src/psc.cpp:13:110:[m[K [01;31m[Kerror: [m[Ktemplate argument 1 is invalid
[2.260s]    13 |     psc_head_status_pub = this->create_publisher<yzbot_msgs::msg::PSCGetHeadStatus>("psc_get_head_status", 10[01;31m[K)[m[K;
[2.260s]       |                                                                                                              [01;31m[K^[m[K
[2.269s] [01m[K/home/kgh/ws2/src/yzbot_stm32connect/src/psc.cpp:[m[K At global scope:
[2.269s] [01m[K/home/kgh/ws2/src/yzbot_stm32connect/src/psc.cpp:78:6:[m[K [01;31m[Kerror: [m[Kno declaration matches ‚Äò[01m[Kvoid PSC::Neck_Control_By_Key_callback(const PscKeyNeckControl&)[m[K‚Äô
[2.269s]    78 | void [01;31m[KPSC[m[K::Neck_Control_By_Key_callback(const yzbot_msgs::msg::PscKeyNeckControl &msg)
[2.269s]       |      [01;31m[K^~~[m[K
[2.269s] [01m[K/home/kgh/ws2/src/yzbot_stm32connect/src/psc.cpp:78:6:[m[K [01;36m[Knote: [m[Kno functions named ‚Äò[01m[Kvoid PSC::Neck_Control_By_Key_callback(const PscKeyNeckControl&)[m[K‚Äô
[2.269s] In file included from [01m[K/home/kgh/ws2/src/yzbot_stm32connect/src/psc.cpp:1[m[K:
[2.269s] [01m[K/home/kgh/ws2/src/yzbot_stm32connect/include/psc.hpp:60:7:[m[K [01;36m[Knote: [m[K‚Äò[01m[Kclass PSC[m[K‚Äô defined here
[2.269s]    60 | class [01;36m[KPSC[m[K : public rclcpp::Node
[2.269s]       |       [01;36m[K^~~[m[K
[2.269s] [01m[K/home/kgh/ws2/src/yzbot_stm32connect/src/psc.cpp:85:6:[m[K [01;31m[Kerror: [m[Kno declaration matches ‚Äò[01m[Kvoid PSC::control_by_key_callback(const PscKeyHeadControl&)[m[K‚Äô
[2.269s]    85 | void [01;31m[KPSC[m[K::control_by_key_callback(const yzbot_msgs::msg::PscKeyHeadControl &msg)
[2.269s]       |      [01;31m[K^~~[m[K
[2.270s] [01m[K/home/kgh/ws2/src/yzbot_stm32connect/src/psc.cpp:85:6:[m[K [01;36m[Knote: [m[Kno functions named ‚Äò[01m[Kvoid PSC::control_by_key_callback(const PscKeyHeadControl&)[m[K‚Äô
[2.270s] In file included from [01m[K/home/kgh/ws2/src/yzbot_stm32connect/src/psc.cpp:1[m[K:
[2.270s] [01m[K/home/kgh/ws2/src/yzbot_stm32connect/include/psc.hpp:60:7:[m[K [01;36m[Knote: [m[K‚Äò[01m[Kclass PSC[m[K‚Äô defined here
[2.270s]    60 | class [01;36m[KPSC[m[K : public rclcpp::Node
[2.270s]       |       [01;36m[K^~~[m[K
[2.270s] [01m[K/home/kgh/ws2/src/yzbot_stm32connect/src/psc.cpp:91:54:[m[K [01;31m[Kerror: [m[K‚Äò[01m[KPscHeadOffset[m[K‚Äô in namespace ‚Äò[01m[Kyzbot_msgs[m[K‚Äô does not name a type
[2.270s]    91 | void PSC::set_head_offset_callback(const yzbot_msgs::[01;31m[KPscHeadOffset[m[K &msg)
[2.270s]       |                                                      [01;31m[K^~~~~~~~~~~~~[m[K
[2.270s] [01m[K/home/kgh/ws2/src/yzbot_stm32connect/src/psc.cpp:91:6:[m[K [01;31m[Kerror: [m[Kno declaration matches ‚Äò[01m[Kvoid PSC::set_head_offset_callback(const int&)[m[K‚Äô
[2.270s]    91 | void [01;31m[KPSC[m[K::set_head_offset_callback(const yzbot_msgs::PscHeadOffset &msg)
[2.270s]       |      [01;31m[K^~~[m[K
[2.270s] [01m[K/home/kgh/ws2/src/yzbot_stm32connect/src/psc.cpp:91:6:[m[K [01;36m[Knote: [m[Kno functions named ‚Äò[01m[Kvoid PSC::set_head_offset_callback(const int&)[m[K‚Äô
[2.270s] In file included from [01m[K/home/kgh/ws2/src/yzbot_stm32connect/src/psc.cpp:1[m[K:
[2.270s] [01m[K/home/kgh/ws2/src/yzbot_stm32connect/include/psc.hpp:60:7:[m[K [01;36m[Knote: [m[K‚Äò[01m[Kclass PSC[m[K‚Äô defined here
[2.270s]    60 | class [01;36m[KPSC[m[K : public rclcpp::Node
[2.271s]       |       [01;36m[K^~~[m[K
[3.158s] make[2]: *** [CMakeFiles/stm32_connect.dir/build.make:115ÔºöCMakeFiles/stm32_connect.dir/src/psc.cpp.o] ÈîôËØØ 1
[3.158s] make[2]: *** Ê≠£Âú®Á≠âÂæÖÊú™ÂÆåÊàêÁöÑ‰ªªÂä°....
[3.304s] make[1]: *** [CMakeFiles/Makefile2:80ÔºöCMakeFiles/stm32_connect.dir/all] ÈîôËØØ 2
[3.304s] make: *** [Makefile:141Ôºöall] ÈîôËØØ 2
[3.307s] Invoked command in '/home/kgh/ws2/build/yzbot_stm32connect' returned '2': CMAKE_PREFIX_PATH=/home/kgh/ws2/install/yzbot_msgs:/home/kgh/ws2/install/yzbot_stm32connect:/home/kgh/ws2/install/yzbot_nav2:/home/kgh/ws2/install/yzbot_cartographer:/home/kgh/ws2/install/nav2_system_tests:/home/kgh/ws2/install/nav2_bringup:/home/kgh/ws2/install/navigation2:/home/kgh/ws2/install/smac_planner:/home/kgh/ws2/install/nav2_dwb_controller:/home/kgh/ws2/install/nav2_controller:/home/kgh/ws2/install/dwb_plugins:/home/kgh/ws2/install/dwb_critics:/home/kgh/ws2/install/dwb_core:/home/kgh/ws2/install/nav_2d_utils:/home/kgh/ws2/install/dwb_msgs:/home/kgh/ws2/install/nav_2d_msgs:/home/kgh/ws2/install/nav2_waypoint_follower:/home/kgh/ws2/install/nav2_regulated_pure_pursuit_controller:/home/kgh/ws2/install/nav2_recoveries:/home/kgh/ws2/install/nav2_planner:/home/kgh/ws2/install/nav2_navfn_planner:/home/kgh/ws2/install/nav2_core:/home/kgh/ws2/install/costmap_queue:/home/kgh/ws2/install/nav2_costmap_2d:/home/kgh/ws2/install/nav2_voxel_grid:/home/kgh/ws2/install/nav2_rviz_plugins:/home/kgh/ws2/install/nav2_map_server:/home/kgh/ws2/install/nav2_lifecycle_manager:/home/kgh/ws2/install/nav2_bt_navigator:/home/kgh/ws2/install/nav2_behavior_tree:/home/kgh/ws2/install/nav2_amcl:/home/kgh/ws2/install/nav2_util:/home/kgh/ws2/install/nav2_msgs:/home/kgh/ws2/install/nav2_common:/home/kgh/ws2/install/bluesea2:/home/kgh/ws2/install/yzbot_description:/home/kgh/ws2/install/yzbot_controller:/home/kgh/ws2/install/nav2_gazebo_spawner:/opt/ros/foxy /usr/bin/cmake --build /home/kgh/ws2/build/yzbot_stm32connect -- -j16 -l16
