-- Found ament_cmake: 0.9.12 (/opt/ros/foxy/share/ament_cmake/cmake)
-- Using PYTHON_EXECUTABLE: /usr/bin/python3
-- Found rclcpp: 2.4.3 (/opt/ros/foxy/share/rclcpp/cmake)
-- Using all available rosidl_typesupport_c: rosidl_typesupport_fastrtps_c;rosidl_typesupport_introspection_c
-- Found rosidl_adapter: 1.3.1 (/opt/ros/foxy/share/rosidl_adapter/cmake)
-- Using all available rosidl_typesupport_cpp: rosidl_typesupport_fastrtps_cpp;rosidl_typesupport_introspection_cpp
-- Found rmw_implementation_cmake: 1.0.4 (/opt/ros/foxy/share/rmw_implementation_cmake/cmake)
-- Using RMW implementation 'rmw_fastrtps_cpp' as default
-- Found yzbot_msgs: 0.0.0 (/home/kgh/ws2/install/yzbot_msgs/share/yzbot_msgs/cmake)
-- Found nav_msgs: 2.0.5 (/opt/ros/foxy/share/nav_msgs/cmake)
-- Found tf2_msgs: 0.13.14 (/opt/ros/foxy/share/tf2_msgs/cmake)
-- Found tf2_ros: 0.13.14 (/opt/ros/foxy/share/tf2_ros/cmake)
-- Found ament_lint_auto: 0.9.8 (/opt/ros/foxy/share/ament_lint_auto/cmake)
-- Added test 'copyright' to check source files copyright and LICENSE
-- Added test 'cppcheck' to perform static code analysis on C / C++ code
-- Configured cppcheck include dirs: /home/kgh/ws2/src/yzbot_stm32connect/include;$<BUILD_INTERFACE:/home/kgh/ws2/src/yzbot_stm32connect/include>
-- Configured cppcheck exclude dirs and/or files: 
-- Added test 'cpplint' to check C / C++ code against the Google style
-- Configured cpplint exclude dirs and/or files: 
-- Added test 'lint_cmake' to check CMake code style
-- Added test 'uncrustify' to check C / C++ code style
-- Configured uncrustify additional arguments: 
-- Added test 'xmllint' to check XML markup files
-- Configuring done
-- Generating done
-- Build files have been written to: /home/kgh/ws2/build/yzbot_stm32connect
[ 44%] Built target serial
[35m[1mScanning dependencies of target stm32_connect[0m
[ 55%] [32mBuilding CXX object CMakeFiles/stm32_connect.dir/src/pms.cpp.o[0m
In file included from [01m[K/home/kgh/ws2/src/yzbot_stm32connect/src/pms.cpp:1[m[K:
[01m[K/home/kgh/ws2/src/yzbot_stm32connect/include/pms.hpp:16:20:[m[K [01;31m[Kerror: [m[Kexpected â€˜[01m[K)[m[Kâ€™ before â€˜[01m[K*[m[Kâ€™ token
   16 |     PMS[34m[K([m[KRobotSerial[01;31m[K [m[K[32m[K*[m[KRobotserial_);
      |        [34m[K~[m[K           [01;31m[K^[m[K[32m[K~[m[K
      |                    [32m[K)[m[K
[01m[K/home/kgh/ws2/src/yzbot_stm32connect/src/pms.cpp:3:1:[m[K [01;31m[Kerror: [m[Kâ€˜[01m[KRobotSerial[m[Kâ€™ does not name a type
    3 | [01;31m[KRobotSerial[m[K *mRobotSerial;
      | [01;31m[K^~~~~~~~~~~[m[K
[01m[K/home/kgh/ws2/src/yzbot_stm32connect/src/pms.cpp:8:9:[m[K [01;31m[Kerror: [m[Kexpected constructor, destructor, or type conversion before â€˜[01m[K([m[Kâ€™ token
    8 | PMS::PMS[01;31m[K([m[KRobotSerial *Robotserial_) : Node("pms")
      |         [01;31m[K^[m[K
[01m[K/home/kgh/ws2/src/yzbot_stm32connect/src/pms.cpp:13:10:[m[K [01;31m[Kerror: [m[Kdefinition of implicitly-declared â€˜[01m[Kconstexpr PMS::PMS()[m[Kâ€™
   13 | PMS::PMS([01;31m[K)[m[K {}
      |          [01;31m[K^[m[K
make[2]: *** [CMakeFiles/stm32_connect.dir/build.make:102ï¼šCMakeFiles/stm32_connect.dir/src/pms.cpp.o] é”™è¯¯ 1
make[1]: *** [CMakeFiles/Makefile2:80ï¼šCMakeFiles/stm32_connect.dir/all] é”™è¯¯ 2
make: *** [Makefile:141ï¼šall] é”™è¯¯ 2
