[01m[K/home/kgh/ws2/src/navigation2/nav2_amcl/src/sensors/laser/likelihood_field_model_prob.cpp:[m[K In static member function â€˜[01m[Kstatic double nav2_amcl::LikelihoodFieldModelProb::sensorFunction(nav2_amcl::LaserData*, pf_sample_set_t*)[m[Kâ€™:
[01m[K/home/kgh/ws2/src/navigation2/nav2_amcl/src/sensors/laser/likelihood_field_model_prob.cpp:60:10:[m[K [01;31m[Kerror: [m[Kvariable â€˜[01m[Kobs_range[m[Kâ€™ set but not used [[01;31m[K-Werror=unused-but-set-variable[m[K]
   60 |   double [01;31m[Kobs_range[m[K, obs_bearing, obs_r_temp, obs_r_max;
      |          [01;31m[K^~~~~~~~~[m[K
[01m[K/home/kgh/ws2/src/navigation2/nav2_amcl/src/sensors/laser/likelihood_field_model_prob.cpp:60:21:[m[K [01;31m[Kerror: [m[Kvariable â€˜[01m[Kobs_bearing[m[Kâ€™ set but not used [[01;31m[K-Werror=unused-but-set-variable[m[K]
   60 |   double obs_range, [01;31m[Kobs_bearing[m[K, obs_r_temp, obs_r_max;
      |                     [01;31m[K^~~~~~~~~~~[m[K
cc1plus: all warnings being treated as errors
make[2]: *** [src/sensors/CMakeFiles/sensors_lib.dir/build.make:102ï¼šsrc/sensors/CMakeFiles/sensors_lib.dir/laser/likelihood_field_model_prob.cpp.o] é”™è¯¯ 1
make[1]: *** [CMakeFiles/Makefile2:360ï¼šsrc/sensors/CMakeFiles/sensors_lib.dir/all] é”™è¯¯ 2
make: *** [Makefile:141ï¼šall] é”™è¯¯ 2
