[0.114s] Invoking command in '/home/kgh/ws2/build/yzbot_stm32connect': CMAKE_PREFIX_PATH=/home/kgh/ws2/install/yzbot_msgs:/home/kgh/ws2/install/yzbot_stm32connect:/home/kgh/ws2/install/yzbot_nav2:/home/kgh/ws2/install/yzbot_cartographer:/home/kgh/ws2/install/nav2_system_tests:/home/kgh/ws2/install/nav2_bringup:/home/kgh/ws2/install/navigation2:/home/kgh/ws2/install/smac_planner:/home/kgh/ws2/install/nav2_dwb_controller:/home/kgh/ws2/install/nav2_controller:/home/kgh/ws2/install/dwb_plugins:/home/kgh/ws2/install/dwb_critics:/home/kgh/ws2/install/dwb_core:/home/kgh/ws2/install/nav_2d_utils:/home/kgh/ws2/install/dwb_msgs:/home/kgh/ws2/install/nav_2d_msgs:/home/kgh/ws2/install/nav2_waypoint_follower:/home/kgh/ws2/install/nav2_regulated_pure_pursuit_controller:/home/kgh/ws2/install/nav2_recoveries:/home/kgh/ws2/install/nav2_planner:/home/kgh/ws2/install/nav2_navfn_planner:/home/kgh/ws2/install/nav2_core:/home/kgh/ws2/install/costmap_queue:/home/kgh/ws2/install/nav2_costmap_2d:/home/kgh/ws2/install/nav2_voxel_grid:/home/kgh/ws2/install/nav2_rviz_plugins:/home/kgh/ws2/install/nav2_map_server:/home/kgh/ws2/install/nav2_lifecycle_manager:/home/kgh/ws2/install/nav2_bt_navigator:/home/kgh/ws2/install/nav2_behavior_tree:/home/kgh/ws2/install/nav2_amcl:/home/kgh/ws2/install/nav2_util:/home/kgh/ws2/install/nav2_msgs:/home/kgh/ws2/install/nav2_common:/home/kgh/ws2/install/bluesea2:/home/kgh/ws2/install/yzbot_description:/home/kgh/ws2/install/yzbot_controller:/home/kgh/ws2/install/nav2_gazebo_spawner:/opt/ros/foxy /usr/bin/cmake --build /home/kgh/ws2/build/yzbot_stm32connect -- -j16 -l16
[0.140s] -- Found ament_cmake: 0.9.12 (/opt/ros/foxy/share/ament_cmake/cmake)
[0.158s] -- Using PYTHON_EXECUTABLE: /usr/bin/python3
[0.293s] -- Found rclcpp: 2.4.3 (/opt/ros/foxy/share/rclcpp/cmake)
[0.322s] -- Using all available rosidl_typesupport_c: rosidl_typesupport_fastrtps_c;rosidl_typesupport_introspection_c
[0.325s] -- Found rosidl_adapter: 1.3.1 (/opt/ros/foxy/share/rosidl_adapter/cmake)
[0.427s] -- Using all available rosidl_typesupport_cpp: rosidl_typesupport_fastrtps_cpp;rosidl_typesupport_introspection_cpp
[0.463s] -- Found rmw_implementation_cmake: 1.0.4 (/opt/ros/foxy/share/rmw_implementation_cmake/cmake)
[0.465s] -- Using RMW implementation 'rmw_fastrtps_cpp' as default
[0.570s] -- Found yzbot_msgs: 0.0.0 (/home/kgh/ws2/install/yzbot_msgs/share/yzbot_msgs/cmake)
[0.574s] -- Found nav_msgs: 2.0.5 (/opt/ros/foxy/share/nav_msgs/cmake)
[0.658s] -- Found tf2_msgs: 0.13.14 (/opt/ros/foxy/share/tf2_msgs/cmake)
[0.796s] -- Found tf2_ros: 0.13.14 (/opt/ros/foxy/share/tf2_ros/cmake)
[0.905s] -- Found ament_lint_auto: 0.9.8 (/opt/ros/foxy/share/ament_lint_auto/cmake)
[0.955s] -- Added test 'copyright' to check source files copyright and LICENSE
[0.956s] -- Added test 'cppcheck' to perform static code analysis on C / C++ code
[0.956s] -- Configured cppcheck include dirs: /home/kgh/ws2/src/yzbot_stm32connect/include;$<BUILD_INTERFACE:/home/kgh/ws2/src/yzbot_stm32connect/include>
[0.956s] -- Configured cppcheck exclude dirs and/or files: 
[0.957s] -- Added test 'cpplint' to check C / C++ code against the Google style
[0.957s] -- Configured cpplint exclude dirs and/or files: 
[0.957s] -- Added test 'lint_cmake' to check CMake code style
[0.958s] -- Added test 'uncrustify' to check C / C++ code style
[0.958s] -- Configured uncrustify additional arguments: 
[0.958s] -- Added test 'xmllint' to check XML markup files
[0.960s] -- Configuring done
[0.970s] -- Generating done
[0.972s] -- Build files have been written to: /home/kgh/ws2/build/yzbot_stm32connect
[1.007s] [ 40%] Built target serial
[1.024s] [35m[1mScanning dependencies of target stm32_connect[0m
[1.081s] [ 70%] [32mBuilding CXX object CMakeFiles/stm32_connect.dir/src/pms.cpp.o[0m
[1.082s] [ 70%] [32mBuilding CXX object CMakeFiles/stm32_connect.dir/src/stm32_connect.cpp.o[0m
[1.082s] [ 70%] [32mBuilding CXX object CMakeFiles/stm32_connect.dir/src/plc.cpp.o[0m
[1.083s] [ 80%] [32mBuilding CXX object CMakeFiles/stm32_connect.dir/src/psc.cpp.o[0m
[3.351s] In file included from [01m[K/home/kgh/ws2/src/yzbot_stm32connect/src/psc.cpp:1[m[K:
[3.351s] [01m[K/home/kgh/ws2/src/yzbot_stm32connect/include/psc.hpp:80:53:[m[K [01;31m[Kerror: [m[K‚Äò[01m[KPSCAngleControl[m[K‚Äô in namespace ‚Äò[01m[Kyzbot_msgs::msg[m[K‚Äô does not name a type
[3.351s]    80 |   void head_control_by_angle(const yzbot_msgs::msg::[01;31m[KPSCAngleControl[m[K &msg);
[3.351s]       |                                                     [01;31m[K^~~~~~~~~~~~~~~[m[K
[3.360s] [01m[K/home/kgh/ws2/src/yzbot_stm32connect/include/psc.hpp:88:38:[m[K [01;31m[Kerror: [m[K‚Äò[01m[KPSCGetNeckStatus[m[K‚Äô is not a member of ‚Äò[01m[Kyzbot_msgs::msg[m[K‚Äô; did you mean ‚Äò[01m[KPscGetNeckStatus[m[K‚Äô?
[3.360s]    88 |   rclcpp::Publisher<yzbot_msgs::msg::[01;31m[KPSCGetNeckStatus[m[K>::SharedPtr psc_neck_status_pub;
[3.360s]       |                                      [01;31m[K^~~~~~~~~~~~~~~~[m[K
[3.360s]       |                                      [32m[KPscGetNeckStatus[m[K
[3.360s] [01m[K/home/kgh/ws2/src/yzbot_stm32connect/include/psc.hpp:88:54:[m[K [01;31m[Kerror: [m[Ktemplate argument 1 is invalid
[3.360s]    88 |   rclcpp::Publisher<yzbot_msgs::msg::PSCGetNeckStatus[01;31m[K>[m[K::SharedPtr psc_neck_status_pub;
[3.360s]       |                                                      [01;31m[K^[m[K
[3.360s] [01m[K/home/kgh/ws2/src/yzbot_stm32connect/include/psc.hpp:88:57:[m[K [01;31m[Kerror: [m[Kexpected ‚Äò[01m[K;[m[K‚Äô at end of member declaration
[3.360s]    88 |   rclcpp::Publisher<yzbot_msgs::msg::PSCGetNeckStatus>::[01;31m[KSharedPtr[m[K psc_neck_status_pub;
[3.360s]       |                                                         [01;31m[K^~~~~~~~~[m[K
[3.360s]       |                                                                  [32m[K;[m[K
[3.367s] [01m[K/home/kgh/ws2/src/yzbot_stm32connect/include/psc.hpp:88:67:[m[K [01;31m[Kerror: [m[K‚Äò[01m[Kpsc_neck_status_pub[m[K‚Äô does not name a type
[3.367s]    88 |   rclcpp::Publisher<yzbot_msgs::msg::PSCGetNeckStatus>::SharedPtr [01;31m[Kpsc_neck_status_pub[m[K;
[3.367s]       |                                                                   [01;31m[K^~~~~~~~~~~~~~~~~~~[m[K
[3.367s] [01m[K/home/kgh/ws2/src/yzbot_stm32connect/include/psc.hpp:89:38:[m[K [01;31m[Kerror: [m[K‚Äò[01m[KPSCGetHeadStatus[m[K‚Äô is not a member of ‚Äò[01m[Kyzbot_msgs::msg[m[K‚Äô; did you mean ‚Äò[01m[KPscGetHeadStatus[m[K‚Äô?
[3.367s]    89 |   rclcpp::Publisher<yzbot_msgs::msg::[01;31m[KPSCGetHeadStatus[m[K>::SharedPtr psc_head_status_pub;
[3.368s]       |                                      [01;31m[K^~~~~~~~~~~~~~~~[m[K
[3.368s]       |                                      [32m[KPscGetHeadStatus[m[K
[3.368s] [01m[K/home/kgh/ws2/src/yzbot_stm32connect/include/psc.hpp:89:54:[m[K [01;31m[Kerror: [m[Ktemplate argument 1 is invalid
[3.368s]    89 |   rclcpp::Publisher<yzbot_msgs::msg::PSCGetHeadStatus[01;31m[K>[m[K::SharedPtr psc_head_status_pub;
[3.368s]       |                                                      [01;31m[K^[m[K
[3.368s] [01m[K/home/kgh/ws2/src/yzbot_stm32connect/include/psc.hpp:89:57:[m[K [01;31m[Kerror: [m[Kexpected ‚Äò[01m[K;[m[K‚Äô at end of member declaration
[3.368s]    89 |   rclcpp::Publisher<yzbot_msgs::msg::PSCGetHeadStatus>::[01;31m[KSharedPtr[m[K psc_head_status_pub;
[3.368s]       |                                                         [01;31m[K^~~~~~~~~[m[K
[3.368s]       |                                                                  [32m[K;[m[K
[3.368s] [01m[K/home/kgh/ws2/src/yzbot_stm32connect/include/psc.hpp:89:57:[m[K [01;31m[Kerror: [m[Kredeclaration of ‚Äò[01m[Kint PSC::SharedPtr[m[K‚Äô
[3.368s] [01m[K/home/kgh/ws2/src/yzbot_stm32connect/include/psc.hpp:88:57:[m[K [01;36m[Knote: [m[Kprevious declaration ‚Äò[01m[Kint PSC::SharedPtr[m[K‚Äô
[3.368s]    88 |   rclcpp::Publisher<yzbot_msgs::msg::PSCGetNeckStatus>::[01;36m[KSharedPtr[m[K psc_neck_status_pub;
[3.368s]       |                                                         [01;36m[K^~~~~~~~~[m[K
[3.375s] [01m[K/home/kgh/ws2/src/yzbot_stm32connect/include/psc.hpp:89:67:[m[K [01;31m[Kerror: [m[K‚Äò[01m[Kpsc_head_status_pub[m[K‚Äô does not name a type
[3.375s]    89 |   rclcpp::Publisher<yzbot_msgs::msg::PSCGetHeadStatus>::SharedPtr [01;31m[Kpsc_head_status_pub[m[K;
[3.375s]       |                                                                   [01;31m[K^~~~~~~~~~~~~~~~~~~[m[K
[3.389s] [01m[K/home/kgh/ws2/src/yzbot_stm32connect/src/psc.cpp:[m[K In constructor ‚Äò[01m[KPSC::PSC(RobotSerial*)[m[K‚Äô:
[3.389s] [01m[K/home/kgh/ws2/src/yzbot_stm32connect/src/psc.cpp:12:5:[m[K [01;31m[Kerror: [m[K‚Äò[01m[Kpsc_neck_status_pub[m[K‚Äô was not declared in this scope; did you mean ‚Äò[01m[Kpsc_neck_status[m[K‚Äô?
[3.389s]    12 |     [01;31m[Kpsc_neck_status_pub[m[K = this->create_publisher<yzbot_msgs::msg::PSCGetNeckStatus>("psc_get_neck_status", 10);
[3.389s]       |     [01;31m[K^~~~~~~~~~~~~~~~~~~[m[K
[3.389s]       |     [32m[Kpsc_neck_status[m[K
[3.389s] [01m[K/home/kgh/ws2/src/yzbot_stm32connect/src/psc.cpp:12:67:[m[K [01;31m[Kerror: [m[K‚Äò[01m[KPSCGetNeckStatus[m[K‚Äô is not a member of ‚Äò[01m[Kyzbot_msgs::msg[m[K‚Äô; did you mean ‚Äò[01m[KPscGetNeckStatus[m[K‚Äô?
[3.389s]    12 |     psc_neck_status_pub = this->create_publisher<yzbot_msgs::msg::[01;31m[KPSCGetNeckStatus[m[K>("psc_get_neck_status", 10);
[3.389s]       |                                                                   [01;31m[K^~~~~~~~~~~~~~~~[m[K
[3.389s]       |                                                                   [32m[KPscGetNeckStatus[m[K
[3.389s] [01m[K/home/kgh/ws2/src/yzbot_stm32connect/src/psc.cpp:12:110:[m[K [01;31m[Kerror: [m[Kno matching function for call to ‚Äò[01m[KPSC::create_publisher<<expression error> >(const char [20], int)[m[K‚Äô
[3.390s]    12 |     psc_neck_status_pub = this->create_publisher<yzbot_msgs::msg::PSCGetNeckStatus>("psc_get_neck_status", 10[01;31m[K)[m[K;
[3.390s]       |                                                                                                              [01;31m[K^[m[K
[3.390s] In file included from [01m[K/opt/ros/foxy/include/rclcpp/node.hpp:1224[m[K,
[3.390s]                  from [01m[K/opt/ros/foxy/include/rclcpp/executors/single_threaded_executor.hpp:28[m[K,
[3.390s]                  from [01m[K/opt/ros/foxy/include/rclcpp/executors.hpp:22[m[K,
[3.390s]                  from [01m[K/opt/ros/foxy/include/rclcpp/rclcpp.hpp:146[m[K,
[3.390s]                  from [01m[K/home/kgh/ws2/src/yzbot_stm32connect/include/psc.hpp:4[m[K,
[3.390s]                  from [01m[K/home/kgh/ws2/src/yzbot_stm32connect/src/psc.cpp:1[m[K:
[3.390s] [01m[K/opt/ros/foxy/include/rclcpp/node_impl.hpp:71:1:[m[K [01;36m[Knote: [m[Kcandidate: ‚Äò[01m[Ktemplate<class MessageT, class AllocatorT, class PublisherT> std::shared_ptr<PublisherT> rclcpp::Node::create_publisher(const string&, const rclcpp::QoS&, const rclcpp::PublisherOptionsWithAllocator<AllocatorT>&)[m[K‚Äô
[3.390s]    71 | [01;36m[KNode[m[K::create_publisher(
[3.390s]       | [01;36m[K^~~~[m[K
[3.390s] [01m[K/opt/ros/foxy/include/rclcpp/node_impl.hpp:71:1:[m[K [01;36m[Knote: [m[K  template argument deduction/substitution failed:
[3.390s] [01m[K/home/kgh/ws2/src/yzbot_stm32connect/src/psc.cpp:12:110:[m[K [01;31m[Kerror: [m[Ktemplate argument 1 is invalid
[3.391s]    12 |     psc_neck_status_pub = this->create_publisher<yzbot_msgs::msg::PSCGetNeckStatus>("psc_get_neck_status", 10[01;31m[K)[m[K;
[3.391s]       |                                                                                                              [01;31m[K^[m[K
[3.395s] [01m[K/home/kgh/ws2/src/yzbot_stm32connect/src/psc.cpp:13:5:[m[K [01;31m[Kerror: [m[K‚Äò[01m[Kpsc_head_status_pub[m[K‚Äô was not declared in this scope; did you mean ‚Äò[01m[Kpsc_head_status[m[K‚Äô?
[3.395s]    13 |     [01;31m[Kpsc_head_status_pub[m[K = this->create_publisher<yzbot_msgs::msg::PSCGetHeadStatus>("psc_get_head_status", 10);
[3.395s]       |     [01;31m[K^~~~~~~~~~~~~~~~~~~[m[K
[3.395s]       |     [32m[Kpsc_head_status[m[K
[3.395s] [01m[K/home/kgh/ws2/src/yzbot_stm32connect/src/psc.cpp:13:67:[m[K [01;31m[Kerror: [m[K‚Äò[01m[KPSCGetHeadStatus[m[K‚Äô is not a member of ‚Äò[01m[Kyzbot_msgs::msg[m[K‚Äô; did you mean ‚Äò[01m[KPscGetHeadStatus[m[K‚Äô?
[3.395s]    13 |     psc_head_status_pub = this->create_publisher<yzbot_msgs::msg::[01;31m[KPSCGetHeadStatus[m[K>("psc_get_head_status", 10);
[3.395s]       |                                                                   [01;31m[K^~~~~~~~~~~~~~~~[m[K
[3.395s]       |                                                                   [32m[KPscGetHeadStatus[m[K
[3.395s] [01m[K/home/kgh/ws2/src/yzbot_stm32connect/src/psc.cpp:13:110:[m[K [01;31m[Kerror: [m[Kno matching function for call to ‚Äò[01m[KPSC::create_publisher<<expression error> >(const char [20], int)[m[K‚Äô
[3.395s]    13 |     psc_head_status_pub = this->create_publisher<yzbot_msgs::msg::PSCGetHeadStatus>("psc_get_head_status", 10[01;31m[K)[m[K;
[3.395s]       |                                                                                                              [01;31m[K^[m[K
[3.396s] In file included from [01m[K/opt/ros/foxy/include/rclcpp/node.hpp:1224[m[K,
[3.396s]                  from [01m[K/opt/ros/foxy/include/rclcpp/executors/single_threaded_executor.hpp:28[m[K,
[3.396s]                  from [01m[K/opt/ros/foxy/include/rclcpp/executors.hpp:22[m[K,
[3.396s]                  from [01m[K/opt/ros/foxy/include/rclcpp/rclcpp.hpp:146[m[K,
[3.396s]                  from [01m[K/home/kgh/ws2/src/yzbot_stm32connect/include/psc.hpp:4[m[K,
[3.396s]                  from [01m[K/home/kgh/ws2/src/yzbot_stm32connect/src/psc.cpp:1[m[K:
[3.396s] [01m[K/opt/ros/foxy/include/rclcpp/node_impl.hpp:71:1:[m[K [01;36m[Knote: [m[Kcandidate: ‚Äò[01m[Ktemplate<class MessageT, class AllocatorT, class PublisherT> std::shared_ptr<PublisherT> rclcpp::Node::create_publisher(const string&, const rclcpp::QoS&, const rclcpp::PublisherOptionsWithAllocator<AllocatorT>&)[m[K‚Äô
[3.396s]    71 | [01;36m[KNode[m[K::create_publisher(
[3.396s]       | [01;36m[K^~~~[m[K
[3.396s] [01m[K/opt/ros/foxy/include/rclcpp/node_impl.hpp:71:1:[m[K [01;36m[Knote: [m[K  template argument deduction/substitution failed:
[3.396s] [01m[K/home/kgh/ws2/src/yzbot_stm32connect/src/psc.cpp:13:110:[m[K [01;31m[Kerror: [m[Ktemplate argument 1 is invalid
[3.396s]    13 |     psc_head_status_pub = this->create_publisher<yzbot_msgs::msg::PSCGetHeadStatus>("psc_get_head_status", 10[01;31m[K)[m[K;
[3.396s]       |                                                                                                              [01;31m[K^[m[K
[3.415s] In file included from [01m[K/home/kgh/ws2/src/yzbot_stm32connect/include/stm32_connect.hpp:8[m[K,
[3.415s]                  from [01m[K/home/kgh/ws2/src/yzbot_stm32connect/src/stm32_connect.cpp:1[m[K:
[3.415s] [01m[K/home/kgh/ws2/src/yzbot_stm32connect/include/psc.hpp:80:53:[m[K [01;31m[Kerror: [m[K‚Äò[01m[KPSCAngleControl[m[K‚Äô in namespace ‚Äò[01m[Kyzbot_msgs::msg[m[K‚Äô does not name a type
[3.415s]    80 |   void head_control_by_angle(const yzbot_msgs::msg::[01;31m[KPSCAngleControl[m[K &msg);
[3.415s]       |                                                     [01;31m[K^~~~~~~~~~~~~~~[m[K
[3.422s] [01m[K/home/kgh/ws2/src/yzbot_stm32connect/src/psc.cpp:[m[K In member function ‚Äò[01m[Kvoid PSC::neck_control_by_height(const PscNeckControl&)[m[K‚Äô:
[3.422s] [01m[K/home/kgh/ws2/src/yzbot_stm32connect/src/psc.cpp:63:5:[m[K [01;31m[Kerror: [m[K‚Äò[01m[Kpsc_height_neck_control_flag[m[K‚Äô was not declared in this scope
[3.422s]    63 |     [01;31m[Kpsc_height_neck_control_flag[m[K = 1;
[3.422s]       |     [01;31m[K^~~~~~~~~~~~~~~~~~~~~~~~~~~~[m[K
[3.422s] [01m[K/home/kgh/ws2/src/yzbot_stm32connect/src/psc.cpp:[m[K At global scope:
[3.422s] [01m[K/home/kgh/ws2/src/yzbot_stm32connect/src/psc.cpp:69:6:[m[K [01;31m[Kerror: [m[Kno declaration matches ‚Äò[01m[Kvoid PSC::head_control_by_angle(const PscHeadControl&)[m[K‚Äô
[3.422s]    69 | void [01;31m[KPSC[m[K::head_control_by_angle(const yzbot_msgs::msg::PscHeadControl &msg)
[3.423s]       |      [01;31m[K^~~[m[K
[3.423s] In file included from [01m[K/home/kgh/ws2/src/yzbot_stm32connect/src/psc.cpp:1[m[K:
[3.423s] [01m[K/home/kgh/ws2/src/yzbot_stm32connect/include/psc.hpp:80:8:[m[K [01;36m[Knote: [m[Kcandidate is: ‚Äò[01m[Kvoid PSC::head_control_by_angle(const int&)[m[K‚Äô
[3.423s]    80 |   void [01;36m[Khead_control_by_angle[m[K(const yzbot_msgs::msg::PSCAngleControl &msg);
[3.423s]       |        [01;36m[K^~~~~~~~~~~~~~~~~~~~~[m[K
[3.423s] [01m[K/home/kgh/ws2/src/yzbot_stm32connect/include/psc.hpp:60:7:[m[K [01;36m[Knote: [m[K‚Äò[01m[Kclass PSC[m[K‚Äô defined here
[3.423s]    60 | class [01;36m[KPSC[m[K : public rclcpp::Node
[3.423s]       |       [01;36m[K^~~[m[K
[3.423s] [01m[K/home/kgh/ws2/src/yzbot_stm32connect/src/psc.cpp:78:6:[m[K [01;31m[Kerror: [m[Kno declaration matches ‚Äò[01m[Kvoid PSC::Neck_Control_By_Key(const PscKeyNeckControl&)[m[K‚Äô
[3.423s]    78 | void [01;31m[KPSC[m[K::Neck_Control_By_Key(const yzbot_msgs::msg::PscKeyNeckControl &msg)
[3.423s]       |      [01;31m[K^~~[m[K
[3.423s] [01m[K/home/kgh/ws2/src/yzbot_stm32connect/src/psc.cpp:78:6:[m[K [01;36m[Knote: [m[Kno functions named ‚Äò[01m[Kvoid PSC::Neck_Control_By_Key(const PscKeyNeckControl&)[m[K‚Äô
[3.423s] In file included from [01m[K/home/kgh/ws2/src/yzbot_stm32connect/src/psc.cpp:1[m[K:
[3.424s] [01m[K/home/kgh/ws2/src/yzbot_stm32connect/include/psc.hpp:60:7:[m[K [01;36m[Knote: [m[K‚Äò[01m[Kclass PSC[m[K‚Äô defined here
[3.424s]    60 | class [01;36m[KPSC[m[K : public rclcpp::Node
[3.424s]       |       [01;36m[K^~~[m[K
[3.424s] [01m[K/home/kgh/ws2/src/yzbot_stm32connect/src/psc.cpp:85:6:[m[K [01;31m[Kerror: [m[Kno declaration matches ‚Äò[01m[Kvoid PSC::control_by_key(const PscKeyHeadControl&)[m[K‚Äô
[3.424s]    85 | void [01;31m[KPSC[m[K::control_by_key(const yzbot_msgs::msg::PscKeyHeadControl &msg)
[3.424s]       |      [01;31m[K^~~[m[K
[3.424s] [01m[K/home/kgh/ws2/src/yzbot_stm32connect/src/psc.cpp:85:6:[m[K [01;36m[Knote: [m[Kno functions named ‚Äò[01m[Kvoid PSC::control_by_key(const PscKeyHeadControl&)[m[K‚Äô
[3.424s] In file included from [01m[K/home/kgh/ws2/src/yzbot_stm32connect/src/psc.cpp:1[m[K:
[3.424s] [01m[K/home/kgh/ws2/src/yzbot_stm32connect/include/psc.hpp:60:7:[m[K [01;36m[Knote: [m[K‚Äò[01m[Kclass PSC[m[K‚Äô defined here
[3.424s]    60 | class [01;36m[KPSC[m[K : public rclcpp::Node
[3.424s]       |       [01;36m[K^~~[m[K
[3.424s] [01m[K/home/kgh/ws2/src/yzbot_stm32connect/src/psc.cpp:91:55:[m[K [01;31m[Kerror: [m[K‚Äò[01m[KPscAngleOffset[m[K‚Äô in namespace ‚Äò[01m[Kyzbot_msgs[m[K‚Äô does not name a type
[3.424s]    91 | void PSC::Set_angle_offset_callback(const yzbot_msgs::[01;31m[KPscAngleOffset[m[K &msg)
[3.425s]       |                                                       [01;31m[K^~~~~~~~~~~~~~[m[K
[3.425s] [01m[K/home/kgh/ws2/src/yzbot_stm32connect/src/psc.cpp:91:6:[m[K [01;31m[Kerror: [m[Kno declaration matches ‚Äò[01m[Kvoid PSC::Set_angle_offset_callback(const int&)[m[K‚Äô
[3.425s]    91 | void [01;31m[KPSC[m[K::Set_angle_offset_callback(const yzbot_msgs::PscAngleOffset &msg)
[3.425s]       |      [01;31m[K^~~[m[K
[3.425s] [01m[K/home/kgh/ws2/src/yzbot_stm32connect/src/psc.cpp:91:6:[m[K [01;36m[Knote: [m[Kno functions named ‚Äò[01m[Kvoid PSC::Set_angle_offset_callback(const int&)[m[K‚Äô
[3.425s] In file included from [01m[K/home/kgh/ws2/src/yzbot_stm32connect/src/psc.cpp:1[m[K:
[3.425s] [01m[K/home/kgh/ws2/src/yzbot_stm32connect/include/psc.hpp:60:7:[m[K [01;36m[Knote: [m[K‚Äò[01m[Kclass PSC[m[K‚Äô defined here
[3.425s]    60 | class [01;36m[KPSC[m[K : public rclcpp::Node
[3.425s]       |       [01;36m[K^~~[m[K
[3.425s] [01m[K/home/kgh/ws2/src/yzbot_stm32connect/include/psc.hpp:88:38:[m[K [01;31m[Kerror: [m[K‚Äò[01m[KPSCGetNeckStatus[m[K‚Äô is not a member of ‚Äò[01m[Kyzbot_msgs::msg[m[K‚Äô; did you mean ‚Äò[01m[KPscGetNeckStatus[m[K‚Äô?
[3.425s]    88 |   rclcpp::Publisher<yzbot_msgs::msg::[01;31m[KPSCGetNeckStatus[m[K>::SharedPtr psc_neck_status_pub;
[3.425s]       |                                      [01;31m[K^~~~~~~~~~~~~~~~[m[K
[3.425s]       |                                      [32m[KPscGetNeckStatus[m[K
[3.425s] [01m[K/home/kgh/ws2/src/yzbot_stm32connect/include/psc.hpp:88:54:[m[K [01;31m[Kerror: [m[Ktemplate argument 1 is invalid
[3.426s]    88 |   rclcpp::Publisher<yzbot_msgs::msg::PSCGetNeckStatus[01;31m[K>[m[K::SharedPtr psc_neck_status_pub;
[3.426s]       |                                                      [01;31m[K^[m[K
[3.426s] [01m[K/home/kgh/ws2/src/yzbot_stm32connect/include/psc.hpp:88:57:[m[K [01;31m[Kerror: [m[Kexpected ‚Äò[01m[K;[m[K‚Äô at end of member declaration
[3.426s]    88 |   rclcpp::Publisher<yzbot_msgs::msg::PSCGetNeckStatus>::[01;31m[KSharedPtr[m[K psc_neck_status_pub;
[3.426s]       |                                                         [01;31m[K^~~~~~~~~[m[K
[3.426s]       |                                                                  [32m[K;[m[K
[3.431s] [01m[K/home/kgh/ws2/src/yzbot_stm32connect/include/psc.hpp:88:67:[m[K [01;31m[Kerror: [m[K‚Äò[01m[Kpsc_neck_status_pub[m[K‚Äô does not name a type
[3.431s]    88 |   rclcpp::Publisher<yzbot_msgs::msg::PSCGetNeckStatus>::SharedPtr [01;31m[Kpsc_neck_status_pub[m[K;
[3.431s]       |                                                                   [01;31m[K^~~~~~~~~~~~~~~~~~~[m[K
[3.431s] [01m[K/home/kgh/ws2/src/yzbot_stm32connect/include/psc.hpp:89:38:[m[K [01;31m[Kerror: [m[K‚Äò[01m[KPSCGetHeadStatus[m[K‚Äô is not a member of ‚Äò[01m[Kyzbot_msgs::msg[m[K‚Äô; did you mean ‚Äò[01m[KPscGetHeadStatus[m[K‚Äô?
[3.431s]    89 |   rclcpp::Publisher<yzbot_msgs::msg::[01;31m[KPSCGetHeadStatus[m[K>::SharedPtr psc_head_status_pub;
[3.431s]       |                                      [01;31m[K^~~~~~~~~~~~~~~~[m[K
[3.431s]       |                                      [32m[KPscGetHeadStatus[m[K
[3.431s] [01m[K/home/kgh/ws2/src/yzbot_stm32connect/include/psc.hpp:89:54:[m[K [01;31m[Kerror: [m[Ktemplate argument 1 is invalid
[3.431s]    89 |   rclcpp::Publisher<yzbot_msgs::msg::PSCGetHeadStatus[01;31m[K>[m[K::SharedPtr psc_head_status_pub;
[3.432s]       |                                                      [01;31m[K^[m[K
[3.432s] [01m[K/home/kgh/ws2/src/yzbot_stm32connect/include/psc.hpp:89:57:[m[K [01;31m[Kerror: [m[Kexpected ‚Äò[01m[K;[m[K‚Äô at end of member declaration
[3.432s]    89 |   rclcpp::Publisher<yzbot_msgs::msg::PSCGetHeadStatus>::[01;31m[KSharedPtr[m[K psc_head_status_pub;
[3.432s]       |                                                         [01;31m[K^~~~~~~~~[m[K
[3.432s]       |                                                                  [32m[K;[m[K
[3.432s] [01m[K/home/kgh/ws2/src/yzbot_stm32connect/include/psc.hpp:89:57:[m[K [01;31m[Kerror: [m[Kredeclaration of ‚Äò[01m[Kint PSC::SharedPtr[m[K‚Äô
[3.432s] [01m[K/home/kgh/ws2/src/yzbot_stm32connect/include/psc.hpp:88:57:[m[K [01;36m[Knote: [m[Kprevious declaration ‚Äò[01m[Kint PSC::SharedPtr[m[K‚Äô
[3.432s]    88 |   rclcpp::Publisher<yzbot_msgs::msg::PSCGetNeckStatus>::[01;36m[KSharedPtr[m[K psc_neck_status_pub;
[3.432s]       |                                                         [01;36m[K^~~~~~~~~[m[K
[3.438s] [01m[K/home/kgh/ws2/src/yzbot_stm32connect/include/psc.hpp:89:67:[m[K [01;31m[Kerror: [m[K‚Äò[01m[Kpsc_head_status_pub[m[K‚Äô does not name a type
[3.438s]    89 |   rclcpp::Publisher<yzbot_msgs::msg::PSCGetHeadStatus>::SharedPtr [01;31m[Kpsc_head_status_pub[m[K;
[3.438s]       |                                                                   [01;31m[K^~~~~~~~~~~~~~~~~~~[m[K
[3.454s] [01m[K/home/kgh/ws2/src/yzbot_stm32connect/src/plc.cpp:[m[K In member function ‚Äò[01m[Kint PLC::pub_odom(short int, short int, short int, short int, float, float, float, float)[m[K‚Äô:
[3.454s] [01m[K/home/kgh/ws2/src/yzbot_stm32connect/src/plc.cpp:62:29:[m[K [01;35m[Kwarning: [m[Kunused parameter ‚Äò[01m[Kvx[m[K‚Äô [[01;35m[K-Wunused-parameter[m[K]
[3.454s]    62 | int PLC::pub_odom([01;35m[Kshort int vx[m[K, short int vy, short int t1, short int t2, float angle_v, float angle, float n_vx, float n_vth)
[3.455s]       |                   [01;35m[K~~~~~~~~~~^~[m[K
[3.455s] [01m[K/home/kgh/ws2/src/yzbot_stm32connect/src/plc.cpp:62:43:[m[K [01;35m[Kwarning: [m[Kunused parameter ‚Äò[01m[Kvy[m[K‚Äô [[01;35m[K-Wunused-parameter[m[K]
[3.455s]    62 | int PLC::pub_odom(short int vx, [01;35m[Kshort int vy[m[K, short int t1, short int t2, float angle_v, float angle, float n_vx, float n_vth)
[3.455s]       |                                 [01;35m[K~~~~~~~~~~^~[m[K
[3.455s] [01m[K/home/kgh/ws2/src/yzbot_stm32connect/src/plc.cpp:62:81:[m[K [01;35m[Kwarning: [m[Kunused parameter ‚Äò[01m[Kangle_v[m[K‚Äô [[01;35m[K-Wunused-parameter[m[K]
[3.455s]    62 | int PLC::pub_odom(short int vx, short int vy, short int t1, short int t2, [01;35m[Kfloat angle_v[m[K, float angle, float n_vx, float n_vth)
[3.455s]       |                                                                           [01;35m[K~~~~~~^~~~~~~[m[K
[3.455s] [01m[K/home/kgh/ws2/src/yzbot_stm32connect/src/plc.cpp:62:109:[m[K [01;35m[Kwarning: [m[Kunused parameter ‚Äò[01m[Kn_vx[m[K‚Äô [[01;35m[K-Wunused-parameter[m[K]
[3.455s]    62 | int PLC::pub_odom(short int vx, short int vy, short int t1, short int t2, float angle_v, float angle, [01;35m[Kfloat n_vx[m[K, float n_vth)
[3.455s]       |                                                                                                       [01;35m[K~~~~~~^~~~[m[K
[3.455s] [01m[K/home/kgh/ws2/src/yzbot_stm32connect/src/plc.cpp:62:121:[m[K [01;35m[Kwarning: [m[Kunused parameter ‚Äò[01m[Kn_vth[m[K‚Äô [[01;35m[K-Wunused-parameter[m[K]
[3.455s]    62 | int PLC::pub_odom(short int vx, short int vy, short int t1, short int t2, float angle_v, float angle, float n_vx, [01;35m[Kfloat n_vth[m[K)
[3.455s]       |                                                                                                                   [01;35m[K~~~~~~^~~~~[m[K
[3.461s] [01m[K/home/kgh/ws2/src/yzbot_stm32connect/src/plc.cpp:[m[K In member function ‚Äò[01m[Kvoid PLC::pub_robot_pose(int, int, double, double)[m[K‚Äô:
[3.461s] [01m[K/home/kgh/ws2/src/yzbot_stm32connect/src/plc.cpp:171:18:[m[K [01;35m[Kwarning: [m[Kunused variable ‚Äò[01m[Ktrueth_angle[m[K‚Äô [[01;35m[K-Wunused-variable[m[K]
[3.461s]   171 |     static float [01;35m[Ktrueth_angle[m[K = 0;
[3.461s]       |                  [01;35m[K^~~~~~~~~~~~[m[K
[3.461s] [01m[K/home/kgh/ws2/src/yzbot_stm32connect/src/plc.cpp:175:12:[m[K [01;35m[Kwarning: [m[Kunused variable ‚Äò[01m[Kdt[m[K‚Äô [[01;35m[K-Wunused-variable[m[K]
[3.461s]   175 |     double [01;35m[Kdt[m[K = (current_time - robot_pose_lasttime).seconds();
[3.462s]       |            [01;35m[K^~[m[K
[3.462s] [01m[K/home/kgh/ws2/src/yzbot_stm32connect/src/plc.cpp:181:12:[m[K [01;35m[Kwarning: [m[Kunused variable ‚Äò[01m[Ksin_y[m[K‚Äô [[01;35m[K-Wunused-variable[m[K]
[3.462s]   181 |     double [01;35m[Ksin_y[m[K = sin(my_robot_pose.robot_yaw + dt_th/2.0);
[3.462s]       |            [01;35m[K^~~~~[m[K
[3.462s] [01m[K/home/kgh/ws2/src/yzbot_stm32connect/src/plc.cpp:168:74:[m[K [01;35m[Kwarning: [m[Kunused parameter ‚Äò[01m[Kangle_l[m[K‚Äô [[01;35m[K-Wunused-parameter[m[K]
[3.462s]   168 | void PLC::pub_robot_pose(int left_t, int right_t, double angle_t, [01;35m[Kdouble angle_l[m[K)
[3.462s]       |                                                                   [01;35m[K~~~~~~~^~~~~~~[m[K
[3.462s] [01m[K/home/kgh/ws2/src/yzbot_stm32connect/src/plc.cpp:[m[K In member function ‚Äò[01m[Kvoid PLC::plc_timer_deal_odom()[m[K‚Äô:
[3.462s] [01m[K/home/kgh/ws2/src/yzbot_stm32connect/src/plc.cpp:245:7:[m[K [01;35m[Kwarning: [m[Kunused variable ‚Äò[01m[Kget_odom[m[K‚Äô [[01;35m[K-Wunused-variable[m[K]
[3.462s]   245 |   int [01;35m[Kget_odom[m[K = mRobotSerial->getOdom(frameIndex, t1, t2, dbTh, dbTh_l, dbVth, fmq_status_flag, vx, vth);
[3.462s]       |       [01;35m[K^~~~~~~~[m[K
[3.462s] [01m[K/home/kgh/ws2/src/yzbot_stm32connect/src/plc.cpp:[m[K In member function ‚Äò[01m[Kvoid PLC::get_auto_speed()[m[K‚Äô:
[3.463s] [01m[K/home/kgh/ws2/src/yzbot_stm32connect/src/plc.cpp:254:7:[m[K [01;35m[Kwarning: [m[Kunused variable ‚Äò[01m[Kautospeed[m[K‚Äô [[01;35m[K-Wunused-variable[m[K]
[3.463s]   254 |   int [01;35m[Kautospeed[m[K = mRobotSerial->getAutoSpeed();
[3.463s]       |       [01;35m[K^~~~~~~~~[m[K
[4.115s] make[2]: *** [CMakeFiles/stm32_connect.dir/build.make:63ÔºöCMakeFiles/stm32_connect.dir/src/stm32_connect.cpp.o] ÈîôËØØ 1
[4.115s] make[2]: *** Ê≠£Âú®Á≠âÂæÖÊú™ÂÆåÊàêÁöÑ‰ªªÂä°....
[4.406s] make[2]: *** [CMakeFiles/stm32_connect.dir/build.make:115ÔºöCMakeFiles/stm32_connect.dir/src/psc.cpp.o] ÈîôËØØ 1
[5.954s] [01m[K/home/kgh/ws2/src/yzbot_stm32connect/src/plc.cpp:[m[K At global scope:
[5.954s] [01m[K/home/kgh/ws2/src/yzbot_stm32connect/src/plc.cpp:171:18:[m[K [01;35m[Kwarning: [m[K‚Äò[01m[Ktrueth_angle[m[K‚Äô defined but not used [[01;35m[K-Wunused-variable[m[K]
[5.954s]   171 |     static float [01;35m[Ktrueth_angle[m[K = 0;
[5.954s]       |                  [01;35m[K^~~~~~~~~~~~[m[K
[9.075s] make[1]: *** [CMakeFiles/Makefile2:80ÔºöCMakeFiles/stm32_connect.dir/all] ÈîôËØØ 2
[9.075s] make: *** [Makefile:141Ôºöall] ÈîôËØØ 2
[9.078s] Invoked command in '/home/kgh/ws2/build/yzbot_stm32connect' returned '2': CMAKE_PREFIX_PATH=/home/kgh/ws2/install/yzbot_msgs:/home/kgh/ws2/install/yzbot_stm32connect:/home/kgh/ws2/install/yzbot_nav2:/home/kgh/ws2/install/yzbot_cartographer:/home/kgh/ws2/install/nav2_system_tests:/home/kgh/ws2/install/nav2_bringup:/home/kgh/ws2/install/navigation2:/home/kgh/ws2/install/smac_planner:/home/kgh/ws2/install/nav2_dwb_controller:/home/kgh/ws2/install/nav2_controller:/home/kgh/ws2/install/dwb_plugins:/home/kgh/ws2/install/dwb_critics:/home/kgh/ws2/install/dwb_core:/home/kgh/ws2/install/nav_2d_utils:/home/kgh/ws2/install/dwb_msgs:/home/kgh/ws2/install/nav_2d_msgs:/home/kgh/ws2/install/nav2_waypoint_follower:/home/kgh/ws2/install/nav2_regulated_pure_pursuit_controller:/home/kgh/ws2/install/nav2_recoveries:/home/kgh/ws2/install/nav2_planner:/home/kgh/ws2/install/nav2_navfn_planner:/home/kgh/ws2/install/nav2_core:/home/kgh/ws2/install/costmap_queue:/home/kgh/ws2/install/nav2_costmap_2d:/home/kgh/ws2/install/nav2_voxel_grid:/home/kgh/ws2/install/nav2_rviz_plugins:/home/kgh/ws2/install/nav2_map_server:/home/kgh/ws2/install/nav2_lifecycle_manager:/home/kgh/ws2/install/nav2_bt_navigator:/home/kgh/ws2/install/nav2_behavior_tree:/home/kgh/ws2/install/nav2_amcl:/home/kgh/ws2/install/nav2_util:/home/kgh/ws2/install/nav2_msgs:/home/kgh/ws2/install/nav2_common:/home/kgh/ws2/install/bluesea2:/home/kgh/ws2/install/yzbot_description:/home/kgh/ws2/install/yzbot_controller:/home/kgh/ws2/install/nav2_gazebo_spawner:/opt/ros/foxy /usr/bin/cmake --build /home/kgh/ws2/build/yzbot_stm32connect -- -j16 -l16
