[ 40%] Built target serial
[35m[1mScanning dependencies of target stm32_connect[0m
[ 50%] [32mBuilding CXX object CMakeFiles/stm32_connect.dir/src/stm32_connect.cpp.o[0m
In file included from [01m[K/home/kgh/ws2/src/yzbot_stm32connect/src/stm32_connect.cpp:1[m[K:
[01m[K/home/kgh/ws2/src/yzbot_stm32connect/include/stm32_connect.hpp:20:16:[m[K [01;31m[Kerror: [m[KISO C++ forbids in-class initialization of non-const static member â€˜[01m[KStm32_Connect::cnt[m[Kâ€™
   20 |     static int [01;31m[Kcnt[m[K = 0;
      |                [01;31m[K^~~[m[K
[01m[K/home/kgh/ws2/src/yzbot_stm32connect/src/stm32_connect.cpp:[m[K In member function â€˜[01m[Kvoid Stm32_Connect::timerCallback()[m[Kâ€™:
[01m[K/home/kgh/ws2/src/yzbot_stm32connect/src/stm32_connect.cpp:85:13:[m[K [01;31m[Kerror: [m[Kâ€˜[01m[Kflag[m[Kâ€™ was not declared in this scope
   85 |     switch ([01;31m[Kflag[m[K)
      |             [01;31m[K^~~~[m[K
make[2]: *** [CMakeFiles/stm32_connect.dir/build.make:63ï¼šCMakeFiles/stm32_connect.dir/src/stm32_connect.cpp.o] é”™è¯¯ 1
make[1]: *** [CMakeFiles/Makefile2:80ï¼šCMakeFiles/stm32_connect.dir/all] é”™è¯¯ 2
make: *** [Makefile:141ï¼šall] é”™è¯¯ 2
