[ 57%] Built target serial
[35m[1mScanning dependencies of target stm32_connect[0m
[ 85%] [32mBuilding CXX object CMakeFiles/stm32_connect.dir/src/stm32_connect.cpp.o[0m
[ 85%] [32mBuilding CXX object CMakeFiles/stm32_connect.dir/src/robotserial.cpp.o[0m
[01m[K/home/kgh/ws2/src/yzbot_stm32connect/src/stm32_connect.cpp:5:1:[m[K [01;31m[Kerror: [m[Kâ€˜[01m[KRobotSerial[m[Kâ€™ does not name a type
    5 | [01;31m[KRobotSerial[m[K *RobotSerial_ = NULL;
      | [01;31m[K^~~~~~~~~~~[m[K
[01m[K/home/kgh/ws2/src/yzbot_stm32connect/src/stm32_connect.cpp:[m[K In function â€˜[01m[Kint main(int, char**)[m[Kâ€™:
[01m[K/home/kgh/ws2/src/yzbot_stm32connect/src/stm32_connect.cpp:56:5:[m[K [01;31m[Kerror: [m[Kâ€˜[01m[KRobotSerial_[m[Kâ€™ was not declared in this scope
   56 |     [01;31m[KRobotSerial_[m[K = new RobotSerial(serial_);
      |     [01;31m[K^~~~~~~~~~~~[m[K
[01m[K/home/kgh/ws2/src/yzbot_stm32connect/src/stm32_connect.cpp:56:24:[m[K [01;31m[Kerror: [m[Kexpected type-specifier before â€˜[01m[KRobotSerial[m[Kâ€™
   56 |     RobotSerial_ = new [01;31m[KRobotSerial[m[K(serial_);
      |                        [01;31m[K^~~~~~~~~~~[m[K
make[2]: *** [CMakeFiles/stm32_connect.dir/build.make:63ï¼šCMakeFiles/stm32_connect.dir/src/stm32_connect.cpp.o] é”™è¯¯ 1
make[1]: *** [CMakeFiles/Makefile2:80ï¼šCMakeFiles/stm32_connect.dir/all] é”™è¯¯ 2
make: *** [Makefile:141ï¼šall] é”™è¯¯ 2
