[ 40%] Built target serial
[35m[1mScanning dependencies of target stm32_connect[0m
[ 50%] [32mBuilding CXX object CMakeFiles/stm32_connect.dir/src/psc.cpp.o[0m
[01m[K/home/kgh/ws2/src/yzbot_stm32connect/src/psc.cpp:[m[K In member function â€˜[01m[Kint PSC::query_obs_state()[m[Kâ€™:
[01m[K/home/kgh/ws2/src/yzbot_stm32connect/src/psc.cpp:33:5:[m[K [01;31m[Kerror: [m[Kâ€˜[01m[Kobs_publisher_[m[Kâ€™ was not declared in this scope; did you mean â€˜[01m[Krcl_publisher_t[m[Kâ€™?
   33 |     [01;31m[Kobs_publisher_[m[K->publish(psc_obs_msg);
      |     [01;31m[K^~~~~~~~~~~~~~[m[K
      |     [32m[Krcl_publisher_t[m[K
make[2]: *** [CMakeFiles/stm32_connect.dir/build.make:115ï¼šCMakeFiles/stm32_connect.dir/src/psc.cpp.o] é”™è¯¯ 1
make[1]: *** [CMakeFiles/Makefile2:80ï¼šCMakeFiles/stm32_connect.dir/all] é”™è¯¯ 2
make: *** [Makefile:141ï¼šall] é”™è¯¯ 2
