[0.114s] Invoking command in '/home/kgh/ws2/build/yzbot_stm32connect': CMAKE_PREFIX_PATH=/home/kgh/ws2/install/yzbot_msgs:/home/kgh/ws2/install/yzbot_stm32connect:/home/kgh/ws2/install/yzbot_nav2:/home/kgh/ws2/install/yzbot_cartographer:/home/kgh/ws2/install/nav2_system_tests:/home/kgh/ws2/install/nav2_bringup:/home/kgh/ws2/install/navigation2:/home/kgh/ws2/install/smac_planner:/home/kgh/ws2/install/nav2_dwb_controller:/home/kgh/ws2/install/nav2_controller:/home/kgh/ws2/install/dwb_plugins:/home/kgh/ws2/install/dwb_critics:/home/kgh/ws2/install/dwb_core:/home/kgh/ws2/install/nav_2d_utils:/home/kgh/ws2/install/dwb_msgs:/home/kgh/ws2/install/nav_2d_msgs:/home/kgh/ws2/install/nav2_waypoint_follower:/home/kgh/ws2/install/nav2_regulated_pure_pursuit_controller:/home/kgh/ws2/install/nav2_recoveries:/home/kgh/ws2/install/nav2_planner:/home/kgh/ws2/install/nav2_navfn_planner:/home/kgh/ws2/install/nav2_core:/home/kgh/ws2/install/costmap_queue:/home/kgh/ws2/install/nav2_costmap_2d:/home/kgh/ws2/install/nav2_voxel_grid:/home/kgh/ws2/install/nav2_rviz_plugins:/home/kgh/ws2/install/nav2_map_server:/home/kgh/ws2/install/nav2_lifecycle_manager:/home/kgh/ws2/install/nav2_bt_navigator:/home/kgh/ws2/install/nav2_behavior_tree:/home/kgh/ws2/install/nav2_amcl:/home/kgh/ws2/install/nav2_util:/home/kgh/ws2/install/nav2_msgs:/home/kgh/ws2/install/nav2_common:/home/kgh/ws2/install/bluesea2:/home/kgh/ws2/install/yzbot_description:/home/kgh/ws2/install/yzbot_controller:/home/kgh/ws2/install/nav2_gazebo_spawner:/opt/ros/foxy /usr/bin/cmake --build /home/kgh/ws2/build/yzbot_stm32connect -- -j16 -l16
[0.186s] [ 50%] Built target serial
[0.210s] [35m[1mScanning dependencies of target stm32_connect[0m
[0.243s] [ 75%] [32mBuilding CXX object CMakeFiles/stm32_connect.dir/src/plc.cpp.o[0m
[0.243s] [ 75%] [32mBuilding CXX object CMakeFiles/stm32_connect.dir/src/stm32_connect.cpp.o[0m
[2.304s] [01m[K/home/kgh/ws2/src/yzbot_stm32connect/src/plc.cpp:[m[K In member function â€˜[01m[Kvoid PLC::amcl_pose_callback(geometry_msgs::msg::PoseWithCovarianceStamped_<std::allocator<void> >::SharedPtr)[m[Kâ€™:
[2.304s] [01m[K/home/kgh/ws2/src/yzbot_stm32connect/src/plc.cpp:48:5:[m[K [01;31m[Kerror: [m[Kâ€˜[01m[KmD[m[Kâ€™ was not declared in this scope
[2.304s]    48 |     [01;31m[KmD[m[K = mRobotPose_y - 14.3;
[2.304s]       |     [01;31m[K^~[m[K
[2.311s] [01m[K/home/kgh/ws2/src/yzbot_stm32connect/src/plc.cpp:[m[K In member function â€˜[01m[Kint PLC::pub_odom(short int, short int, short int, short int, float, float, float, float)[m[Kâ€™:
[2.311s] [01m[K/home/kgh/ws2/src/yzbot_stm32connect/src/plc.cpp:64:29:[m[K [01;35m[Kwarning: [m[Kunused parameter â€˜[01m[Kvx[m[Kâ€™ [[01;35m[K-Wunused-parameter[m[K]
[2.311s]    64 | int PLC::pub_odom([01;35m[Kshort int vx[m[K, short int vy, short int t1, short int t2, float angle_v, float angle, float n_vx, float n_vth)
[2.312s]       |                   [01;35m[K~~~~~~~~~~^~[m[K
[2.312s] [01m[K/home/kgh/ws2/src/yzbot_stm32connect/src/plc.cpp:64:43:[m[K [01;35m[Kwarning: [m[Kunused parameter â€˜[01m[Kvy[m[Kâ€™ [[01;35m[K-Wunused-parameter[m[K]
[2.312s]    64 | int PLC::pub_odom(short int vx, [01;35m[Kshort int vy[m[K, short int t1, short int t2, float angle_v, float angle, float n_vx, float n_vth)
[2.312s]       |                                 [01;35m[K~~~~~~~~~~^~[m[K
[2.312s] [01m[K/home/kgh/ws2/src/yzbot_stm32connect/src/plc.cpp:64:81:[m[K [01;35m[Kwarning: [m[Kunused parameter â€˜[01m[Kangle_v[m[Kâ€™ [[01;35m[K-Wunused-parameter[m[K]
[2.312s]    64 | int PLC::pub_odom(short int vx, short int vy, short int t1, short int t2, [01;35m[Kfloat angle_v[m[K, float angle, float n_vx, float n_vth)
[2.312s]       |                                                                           [01;35m[K~~~~~~^~~~~~~[m[K
[2.312s] [01m[K/home/kgh/ws2/src/yzbot_stm32connect/src/plc.cpp:64:109:[m[K [01;35m[Kwarning: [m[Kunused parameter â€˜[01m[Kn_vx[m[Kâ€™ [[01;35m[K-Wunused-parameter[m[K]
[2.312s]    64 | int PLC::pub_odom(short int vx, short int vy, short int t1, short int t2, float angle_v, float angle, [01;35m[Kfloat n_vx[m[K, float n_vth)
[2.312s]       |                                                                                                       [01;35m[K~~~~~~^~~~[m[K
[2.312s] [01m[K/home/kgh/ws2/src/yzbot_stm32connect/src/plc.cpp:64:121:[m[K [01;35m[Kwarning: [m[Kunused parameter â€˜[01m[Kn_vth[m[Kâ€™ [[01;35m[K-Wunused-parameter[m[K]
[2.312s]    64 | int PLC::pub_odom(short int vx, short int vy, short int t1, short int t2, float angle_v, float angle, float n_vx, [01;35m[Kfloat n_vth[m[K)
[2.312s]       |                                                                                                                   [01;35m[K~~~~~~^~~~~[m[K
[2.315s] [01m[K/home/kgh/ws2/src/yzbot_stm32connect/src/plc.cpp:[m[K In member function â€˜[01m[Kvoid PLC::pub_robot_pose(int, int, double, double)[m[Kâ€™:
[2.316s] [01m[K/home/kgh/ws2/src/yzbot_stm32connect/src/plc.cpp:176:5:[m[K [01;31m[Kerror: [m[Kâ€˜[01m[Kcurrent_time[m[Kâ€™ was not declared in this scope
[2.316s]   176 |     [01;31m[Kcurrent_time[m[K = this->now();
[2.316s]       |     [01;31m[K^~~~~~~~~~~~[m[K
[2.322s] [01m[K/home/kgh/ws2/src/yzbot_stm32connect/src/plc.cpp:177:33:[m[K [01;31m[Kerror: [m[Kâ€˜[01m[Krobot_pose_lasttime[m[Kâ€™ was not declared in this scope
[2.323s]   177 |     double dt = (current_time - [01;31m[Krobot_pose_lasttime[m[K).seconds();
[2.323s]       |                                 [01;31m[K^~~~~~~~~~~~~~~~~~~[m[K
[2.328s] [01m[K/home/kgh/ws2/src/yzbot_stm32connect/src/plc.cpp:173:18:[m[K [01;35m[Kwarning: [m[Kunused variable â€˜[01m[Ktrueth_angle[m[Kâ€™ [[01;35m[K-Wunused-variable[m[K]
[2.328s]   173 |     static float [01;35m[Ktrueth_angle[m[K = 0;
[2.329s]       |                  [01;35m[K^~~~~~~~~~~~[m[K
[2.329s] [01m[K/home/kgh/ws2/src/yzbot_stm32connect/src/plc.cpp:177:12:[m[K [01;35m[Kwarning: [m[Kunused variable â€˜[01m[Kdt[m[Kâ€™ [[01;35m[K-Wunused-variable[m[K]
[2.329s]   177 |     double [01;35m[Kdt[m[K = (current_time - robot_pose_lasttime).seconds();
[2.329s]       |            [01;35m[K^~[m[K
[2.329s] [01m[K/home/kgh/ws2/src/yzbot_stm32connect/src/plc.cpp:183:12:[m[K [01;35m[Kwarning: [m[Kunused variable â€˜[01m[Ksin_y[m[Kâ€™ [[01;35m[K-Wunused-variable[m[K]
[2.329s]   183 |     double [01;35m[Ksin_y[m[K = sin(my_robot_pose.robot_yaw + dt_th/2.0);
[2.329s]       |            [01;35m[K^~~~~[m[K
[2.329s] [01m[K/home/kgh/ws2/src/yzbot_stm32connect/src/plc.cpp:170:74:[m[K [01;35m[Kwarning: [m[Kunused parameter â€˜[01m[Kangle_l[m[Kâ€™ [[01;35m[K-Wunused-parameter[m[K]
[2.329s]   170 | void PLC::pub_robot_pose(int left_t, int right_t, double angle_t, [01;35m[Kdouble angle_l[m[K)
[2.329s]       |                                                                   [01;35m[K~~~~~~~^~~~~~~[m[K
[4.247s] [01m[K/home/kgh/ws2/src/yzbot_stm32connect/src/plc.cpp:[m[K At global scope:
[4.247s] [01m[K/home/kgh/ws2/src/yzbot_stm32connect/src/plc.cpp:173:18:[m[K [01;35m[Kwarning: [m[Kâ€˜[01m[Ktrueth_angle[m[Kâ€™ defined but not used [[01;35m[K-Wunused-variable[m[K]
[4.247s]   173 |     static float [01;35m[Ktrueth_angle[m[K = 0;
[4.247s]       |                  [01;35m[K^~~~~~~~~~~~[m[K
[4.275s] make[2]: *** [CMakeFiles/stm32_connect.dir/build.make:89ï¼šCMakeFiles/stm32_connect.dir/src/plc.cpp.o] é”™è¯¯ 1
[4.275s] make[1]: *** [CMakeFiles/Makefile2:80ï¼šCMakeFiles/stm32_connect.dir/all] é”™è¯¯ 2
[4.275s] make: *** [Makefile:141ï¼šall] é”™è¯¯ 2
[4.277s] Invoked command in '/home/kgh/ws2/build/yzbot_stm32connect' returned '2': CMAKE_PREFIX_PATH=/home/kgh/ws2/install/yzbot_msgs:/home/kgh/ws2/install/yzbot_stm32connect:/home/kgh/ws2/install/yzbot_nav2:/home/kgh/ws2/install/yzbot_cartographer:/home/kgh/ws2/install/nav2_system_tests:/home/kgh/ws2/install/nav2_bringup:/home/kgh/ws2/install/navigation2:/home/kgh/ws2/install/smac_planner:/home/kgh/ws2/install/nav2_dwb_controller:/home/kgh/ws2/install/nav2_controller:/home/kgh/ws2/install/dwb_plugins:/home/kgh/ws2/install/dwb_critics:/home/kgh/ws2/install/dwb_core:/home/kgh/ws2/install/nav_2d_utils:/home/kgh/ws2/install/dwb_msgs:/home/kgh/ws2/install/nav_2d_msgs:/home/kgh/ws2/install/nav2_waypoint_follower:/home/kgh/ws2/install/nav2_regulated_pure_pursuit_controller:/home/kgh/ws2/install/nav2_recoveries:/home/kgh/ws2/install/nav2_planner:/home/kgh/ws2/install/nav2_navfn_planner:/home/kgh/ws2/install/nav2_core:/home/kgh/ws2/install/costmap_queue:/home/kgh/ws2/install/nav2_costmap_2d:/home/kgh/ws2/install/nav2_voxel_grid:/home/kgh/ws2/install/nav2_rviz_plugins:/home/kgh/ws2/install/nav2_map_server:/home/kgh/ws2/install/nav2_lifecycle_manager:/home/kgh/ws2/install/nav2_bt_navigator:/home/kgh/ws2/install/nav2_behavior_tree:/home/kgh/ws2/install/nav2_amcl:/home/kgh/ws2/install/nav2_util:/home/kgh/ws2/install/nav2_msgs:/home/kgh/ws2/install/nav2_common:/home/kgh/ws2/install/bluesea2:/home/kgh/ws2/install/yzbot_description:/home/kgh/ws2/install/yzbot_controller:/home/kgh/ws2/install/nav2_gazebo_spawner:/opt/ros/foxy /usr/bin/cmake --build /home/kgh/ws2/build/yzbot_stm32connect -- -j16 -l16
