[01m[K/home/kgh/ws2/src/navigation2/nav2_amcl/src/sensors/laser/likelihood_field_model_prob.cpp:173:1:[m[K [01;31m[Kerror: [m[Kâ€˜[01m[KLikelihoodFieldModelProb[m[Kâ€™ has not been declared
  173 | [01;31m[KLikelihoodFieldModelProb[m[K::sensorFunction(LaserData * data, pf_sample_set_t * set)
      | [01;31m[K^~~~~~~~~~~~~~~~~~~~~~~~[m[K
[01m[K/home/kgh/ws2/src/navigation2/nav2_amcl/src/sensors/laser/likelihood_field_model_prob.cpp:173:42:[m[K [01;31m[Kerror: [m[Kâ€˜[01m[KLaserData[m[Kâ€™ was not declared in this scope; did you mean â€˜[01m[Knav2_amcl::LaserData[m[Kâ€™?
  173 | LikelihoodFieldModelProb::sensorFunction([01;31m[KLaserData[m[K * data, pf_sample_set_t * set)
      |                                          [01;31m[K^~~~~~~~~[m[K
      |                                          [32m[Knav2_amcl::LaserData[m[K
In file included from [01m[K/home/kgh/ws2/src/navigation2/nav2_amcl/src/sensors/laser/likelihood_field_model_prob.cpp:26[m[K:
[01m[K/home/kgh/ws2/src/navigation2/nav2_amcl/include/nav2_amcl/sensors/laser/laser.hpp:54:7:[m[K [01;36m[Knote: [m[Kâ€˜[01m[Knav2_amcl::LaserData[m[Kâ€™ declared here
   54 | class [01;36m[KLaserData[m[K
      |       [01;36m[K^~~~~~~~~[m[K
[01m[K/home/kgh/ws2/src/navigation2/nav2_amcl/src/sensors/laser/likelihood_field_model_prob.cpp:173:54:[m[K [01;31m[Kerror: [m[Kâ€˜[01m[Kdata[m[Kâ€™ was not declared in this scope
  173 | LikelihoodFieldModelProb::sensorFunction(LaserData * [01;31m[Kdata[m[K, pf_sample_set_t * set)
      |                                                      [01;31m[K^~~~[m[K
[01m[K/home/kgh/ws2/src/navigation2/nav2_amcl/src/sensors/laser/likelihood_field_model_prob.cpp:173:76:[m[K [01;31m[Kerror: [m[Kexpected primary-expression before â€˜[01m[K*[m[Kâ€™ token
  173 | LikelihoodFieldModelProb::sensorFunction(LaserData * data, pf_sample_set_t [01;31m[K*[m[K set)
      |                                                                            [01;31m[K^[m[K
[01m[K/home/kgh/ws2/src/navigation2/nav2_amcl/src/sensors/laser/likelihood_field_model_prob.cpp:173:78:[m[K [01;31m[Kerror: [m[Kâ€˜[01m[Kset[m[Kâ€™ was not declared in this scope
  173 | LikelihoodFieldModelProb::sensorFunction(LaserData * data, pf_sample_set_t * [01;31m[Kset[m[K)
      |                                                                              [01;31m[K^~~[m[K
[01m[K/home/kgh/ws2/src/navigation2/nav2_amcl/src/sensors/laser/likelihood_field_model_prob.cpp:173:81:[m[K [01;31m[Kerror: [m[Kexpression list treated as compound expression in initializer [[01;31m[K-fpermissive[m[K]
  173 | LikelihoodFieldModelProb::sensorFunction(LaserData * data, pf_sample_set_t * set[01;31m[K)[m[K
      |                                                                                 [01;31m[K^[m[K
make[2]: *** [src/sensors/CMakeFiles/sensors_lib.dir/build.make:102ï¼šsrc/sensors/CMakeFiles/sensors_lib.dir/laser/likelihood_field_model_prob.cpp.o] é”™è¯¯ 1
make[1]: *** [CMakeFiles/Makefile2:360ï¼šsrc/sensors/CMakeFiles/sensors_lib.dir/all] é”™è¯¯ 2
make: *** [Makefile:141ï¼šall] é”™è¯¯ 2
