[0.127s] Invoking command in '/home/kgh/ws2/build/nav2_amcl': CMAKE_PREFIX_PATH=/home/kgh/ws2/install/nav2_util:/home/kgh/ws2/install/nav2_msgs:/home/kgh/ws2/install/nav2_common:/home/kgh/ws2/install/yzbot_nav2:/home/kgh/ws2/install/yzbot_cartographer:/home/kgh/ws2/install/nav2_system_tests:/home/kgh/ws2/install/nav2_bringup:/home/kgh/ws2/install/navigation2:/home/kgh/ws2/install/smac_planner:/home/kgh/ws2/install/nav2_dwb_controller:/home/kgh/ws2/install/nav2_controller:/home/kgh/ws2/install/dwb_plugins:/home/kgh/ws2/install/dwb_critics:/home/kgh/ws2/install/dwb_core:/home/kgh/ws2/install/nav_2d_utils:/home/kgh/ws2/install/dwb_msgs:/home/kgh/ws2/install/nav_2d_msgs:/home/kgh/ws2/install/nav2_waypoint_follower:/home/kgh/ws2/install/nav2_regulated_pure_pursuit_controller:/home/kgh/ws2/install/nav2_recoveries:/home/kgh/ws2/install/nav2_planner:/home/kgh/ws2/install/nav2_navfn_planner:/home/kgh/ws2/install/nav2_core:/home/kgh/ws2/install/costmap_queue:/home/kgh/ws2/install/nav2_costmap_2d:/home/kgh/ws2/install/nav2_voxel_grid:/home/kgh/ws2/install/nav2_rviz_plugins:/home/kgh/ws2/install/nav2_map_server:/home/kgh/ws2/install/nav2_lifecycle_manager:/home/kgh/ws2/install/nav2_bt_navigator:/home/kgh/ws2/install/nav2_behavior_tree:/home/kgh/ws2/install/nav2_amcl:/home/kgh/ws2/install/yzbot_description:/home/kgh/ws2/install/yzbot_controller:/home/kgh/ws2/install/nav2_gazebo_spawner:/opt/ros/foxy LD_LIBRARY_PATH=/home/kgh/ws2/install/nav2_util/lib:/home/kgh/ws2/install/nav2_msgs/lib:/home/kgh/ws2/install/smac_planner/lib:/home/kgh/ws2/install/nav2_controller/lib:/home/kgh/ws2/install/dwb_plugins/lib:/home/kgh/ws2/install/dwb_critics/lib:/home/kgh/ws2/install/dwb_core/lib:/home/kgh/ws2/install/nav_2d_utils/lib:/home/kgh/ws2/install/dwb_msgs/lib:/home/kgh/ws2/install/nav_2d_msgs/lib:/home/kgh/ws2/install/nav2_waypoint_follower/lib:/home/kgh/ws2/install/nav2_regulated_pure_pursuit_controller/lib:/home/kgh/ws2/install/nav2_recoveries/lib:/home/kgh/ws2/install/nav2_planner/lib:/home/kgh/ws2/install/nav2_navfn_planner/lib:/home/kgh/ws2/install/costmap_queue/lib:/home/kgh/ws2/install/nav2_costmap_2d/lib:/home/kgh/ws2/install/nav2_voxel_grid/lib:/home/kgh/ws2/install/nav2_rviz_plugins/lib:/home/kgh/ws2/install/nav2_map_server/lib:/home/kgh/ws2/install/nav2_lifecycle_manager/lib:/home/kgh/ws2/install/nav2_bt_navigator/lib:/home/kgh/ws2/install/nav2_behavior_tree/lib:/home/kgh/ws2/install/nav2_amcl/lib:/usr/lib/x86_64-linux-gnu/gazebo-11/plugins:/opt/ros/foxy/opt/yaml_cpp_vendor/lib:/opt/ros/foxy/opt/rviz_ogre_vendor/lib:/opt/ros/foxy/lib/x86_64-linux-gnu:/opt/ros/foxy/lib PYTHONPATH=/home/kgh/ws2/install/nav2_msgs/lib/python3.8/site-packages:/home/kgh/ws2/install/nav2_common/lib/python3.8/site-packages:/home/kgh/ws2/install/yzbot_description/lib/python3.8/site-packages:/home/kgh/ws2/install/yzbot_controller/lib/python3.8/site-packages:/home/kgh/ws2/install/dwb_msgs/lib/python3.8/site-packages:/home/kgh/ws2/install/nav_2d_msgs/lib/python3.8/site-packages:/home/kgh/ws2/install/nav2_gazebo_spawner/lib/python3.8/site-packages:/opt/ros/foxy/lib/python3.8/site-packages /usr/bin/cmake --build /home/kgh/ws2/build/nav2_amcl -- -j16 -l16
[0.199s] [ 50%] Built target map_lib
[0.200s] [ 50%] Built target pf_lib
[0.213s] [35m[1mScanning dependencies of target sensors_lib[0m
[0.223s] [ 53%] [32mBuilding CXX object src/sensors/CMakeFiles/sensors_lib.dir/laser/likelihood_field_model_prob.cpp.o[0m
[0.229s] [ 69%] Built target motions_lib
[0.343s] [01m[K/home/kgh/ws2/src/navigation2/nav2_amcl/src/sensors/laser/likelihood_field_model_prob.cpp:173:1:[m[K [01;31m[Kerror: [m[Kâ€˜[01m[KLikelihoodFieldModelProb[m[Kâ€™ has not been declared
[0.343s]   173 | [01;31m[KLikelihoodFieldModelProb[m[K::sensorFunction(LaserData * data, pf_sample_set_t * set)
[0.343s]       | [01;31m[K^~~~~~~~~~~~~~~~~~~~~~~~[m[K
[0.344s] [01m[K/home/kgh/ws2/src/navigation2/nav2_amcl/src/sensors/laser/likelihood_field_model_prob.cpp:173:42:[m[K [01;31m[Kerror: [m[Kâ€˜[01m[KLaserData[m[Kâ€™ was not declared in this scope; did you mean â€˜[01m[Knav2_amcl::LaserData[m[Kâ€™?
[0.344s]   173 | LikelihoodFieldModelProb::sensorFunction([01;31m[KLaserData[m[K * data, pf_sample_set_t * set)
[0.344s]       |                                          [01;31m[K^~~~~~~~~[m[K
[0.344s]       |                                          [32m[Knav2_amcl::LaserData[m[K
[0.344s] In file included from [01m[K/home/kgh/ws2/src/navigation2/nav2_amcl/src/sensors/laser/likelihood_field_model_prob.cpp:26[m[K:
[0.344s] [01m[K/home/kgh/ws2/src/navigation2/nav2_amcl/include/nav2_amcl/sensors/laser/laser.hpp:54:7:[m[K [01;36m[Knote: [m[Kâ€˜[01m[Knav2_amcl::LaserData[m[Kâ€™ declared here
[0.344s]    54 | class [01;36m[KLaserData[m[K
[0.344s]       |       [01;36m[K^~~~~~~~~[m[K
[0.344s] [01m[K/home/kgh/ws2/src/navigation2/nav2_amcl/src/sensors/laser/likelihood_field_model_prob.cpp:173:54:[m[K [01;31m[Kerror: [m[Kâ€˜[01m[Kdata[m[Kâ€™ was not declared in this scope
[0.344s]   173 | LikelihoodFieldModelProb::sensorFunction(LaserData * [01;31m[Kdata[m[K, pf_sample_set_t * set)
[0.344s]       |                                                      [01;31m[K^~~~[m[K
[0.344s] [01m[K/home/kgh/ws2/src/navigation2/nav2_amcl/src/sensors/laser/likelihood_field_model_prob.cpp:173:76:[m[K [01;31m[Kerror: [m[Kexpected primary-expression before â€˜[01m[K*[m[Kâ€™ token
[0.345s]   173 | LikelihoodFieldModelProb::sensorFunction(LaserData * data, pf_sample_set_t [01;31m[K*[m[K set)
[0.345s]       |                                                                            [01;31m[K^[m[K
[0.345s] [01m[K/home/kgh/ws2/src/navigation2/nav2_amcl/src/sensors/laser/likelihood_field_model_prob.cpp:173:78:[m[K [01;31m[Kerror: [m[Kâ€˜[01m[Kset[m[Kâ€™ was not declared in this scope
[0.345s]   173 | LikelihoodFieldModelProb::sensorFunction(LaserData * data, pf_sample_set_t * [01;31m[Kset[m[K)
[0.345s]       |                                                                              [01;31m[K^~~[m[K
[0.345s] [01m[K/home/kgh/ws2/src/navigation2/nav2_amcl/src/sensors/laser/likelihood_field_model_prob.cpp:173:81:[m[K [01;31m[Kerror: [m[Kexpression list treated as compound expression in initializer [[01;31m[K-fpermissive[m[K]
[0.345s]   173 | LikelihoodFieldModelProb::sensorFunction(LaserData * data, pf_sample_set_t * set[01;31m[K)[m[K
[0.345s]       |                                                                                 [01;31m[K^[m[K
[0.366s] make[2]: *** [src/sensors/CMakeFiles/sensors_lib.dir/build.make:102ï¼šsrc/sensors/CMakeFiles/sensors_lib.dir/laser/likelihood_field_model_prob.cpp.o] é”™è¯¯ 1
[0.366s] make[1]: *** [CMakeFiles/Makefile2:360ï¼šsrc/sensors/CMakeFiles/sensors_lib.dir/all] é”™è¯¯ 2
[0.366s] make: *** [Makefile:141ï¼šall] é”™è¯¯ 2
[0.368s] Invoked command in '/home/kgh/ws2/build/nav2_amcl' returned '2': CMAKE_PREFIX_PATH=/home/kgh/ws2/install/nav2_util:/home/kgh/ws2/install/nav2_msgs:/home/kgh/ws2/install/nav2_common:/home/kgh/ws2/install/yzbot_nav2:/home/kgh/ws2/install/yzbot_cartographer:/home/kgh/ws2/install/nav2_system_tests:/home/kgh/ws2/install/nav2_bringup:/home/kgh/ws2/install/navigation2:/home/kgh/ws2/install/smac_planner:/home/kgh/ws2/install/nav2_dwb_controller:/home/kgh/ws2/install/nav2_controller:/home/kgh/ws2/install/dwb_plugins:/home/kgh/ws2/install/dwb_critics:/home/kgh/ws2/install/dwb_core:/home/kgh/ws2/install/nav_2d_utils:/home/kgh/ws2/install/dwb_msgs:/home/kgh/ws2/install/nav_2d_msgs:/home/kgh/ws2/install/nav2_waypoint_follower:/home/kgh/ws2/install/nav2_regulated_pure_pursuit_controller:/home/kgh/ws2/install/nav2_recoveries:/home/kgh/ws2/install/nav2_planner:/home/kgh/ws2/install/nav2_navfn_planner:/home/kgh/ws2/install/nav2_core:/home/kgh/ws2/install/costmap_queue:/home/kgh/ws2/install/nav2_costmap_2d:/home/kgh/ws2/install/nav2_voxel_grid:/home/kgh/ws2/install/nav2_rviz_plugins:/home/kgh/ws2/install/nav2_map_server:/home/kgh/ws2/install/nav2_lifecycle_manager:/home/kgh/ws2/install/nav2_bt_navigator:/home/kgh/ws2/install/nav2_behavior_tree:/home/kgh/ws2/install/nav2_amcl:/home/kgh/ws2/install/yzbot_description:/home/kgh/ws2/install/yzbot_controller:/home/kgh/ws2/install/nav2_gazebo_spawner:/opt/ros/foxy LD_LIBRARY_PATH=/home/kgh/ws2/install/nav2_util/lib:/home/kgh/ws2/install/nav2_msgs/lib:/home/kgh/ws2/install/smac_planner/lib:/home/kgh/ws2/install/nav2_controller/lib:/home/kgh/ws2/install/dwb_plugins/lib:/home/kgh/ws2/install/dwb_critics/lib:/home/kgh/ws2/install/dwb_core/lib:/home/kgh/ws2/install/nav_2d_utils/lib:/home/kgh/ws2/install/dwb_msgs/lib:/home/kgh/ws2/install/nav_2d_msgs/lib:/home/kgh/ws2/install/nav2_waypoint_follower/lib:/home/kgh/ws2/install/nav2_regulated_pure_pursuit_controller/lib:/home/kgh/ws2/install/nav2_recoveries/lib:/home/kgh/ws2/install/nav2_planner/lib:/home/kgh/ws2/install/nav2_navfn_planner/lib:/home/kgh/ws2/install/costmap_queue/lib:/home/kgh/ws2/install/nav2_costmap_2d/lib:/home/kgh/ws2/install/nav2_voxel_grid/lib:/home/kgh/ws2/install/nav2_rviz_plugins/lib:/home/kgh/ws2/install/nav2_map_server/lib:/home/kgh/ws2/install/nav2_lifecycle_manager/lib:/home/kgh/ws2/install/nav2_bt_navigator/lib:/home/kgh/ws2/install/nav2_behavior_tree/lib:/home/kgh/ws2/install/nav2_amcl/lib:/usr/lib/x86_64-linux-gnu/gazebo-11/plugins:/opt/ros/foxy/opt/yaml_cpp_vendor/lib:/opt/ros/foxy/opt/rviz_ogre_vendor/lib:/opt/ros/foxy/lib/x86_64-linux-gnu:/opt/ros/foxy/lib PYTHONPATH=/home/kgh/ws2/install/nav2_msgs/lib/python3.8/site-packages:/home/kgh/ws2/install/nav2_common/lib/python3.8/site-packages:/home/kgh/ws2/install/yzbot_description/lib/python3.8/site-packages:/home/kgh/ws2/install/yzbot_controller/lib/python3.8/site-packages:/home/kgh/ws2/install/dwb_msgs/lib/python3.8/site-packages:/home/kgh/ws2/install/nav_2d_msgs/lib/python3.8/site-packages:/home/kgh/ws2/install/nav2_gazebo_spawner/lib/python3.8/site-packages:/opt/ros/foxy/lib/python3.8/site-packages /usr/bin/cmake --build /home/kgh/ws2/build/nav2_amcl -- -j16 -l16
