[01m[K/home/kgh/ws2/src/yzbot_stm32connect/src/robotserial.cpp:[m[K In member function ‚Äò[01m[Kint8_t RobotSerial::robotSerialRead()[m[K‚Äô:
[01m[K/home/kgh/ws2/src/yzbot_stm32connect/src/robotserial.cpp:31:11:[m[K [01;35m[Kwarning: [m[Kunused variable ‚Äò[01m[Kread_byte[m[K‚Äô [[01;35m[K-Wunused-variable[m[K]
   31 |    size_t [01;35m[Kread_byte[m[K = mSerial->read(RecvBUF+2, 17);
      |           [01;35m[K^~~~~~~~~[m[K
In file included from [01m[K/opt/ros/foxy/include/rclcpp/client.hpp:40[m[K,
                 from [01m[K/opt/ros/foxy/include/rclcpp/callback_group.hpp:23[m[K,
                 from [01m[K/opt/ros/foxy/include/rclcpp/any_executable.hpp:20[m[K,
                 from [01m[K/opt/ros/foxy/include/rclcpp/memory_strategy.hpp:24[m[K,
                 from [01m[K/opt/ros/foxy/include/rclcpp/memory_strategies.hpp:18[m[K,
                 from [01m[K/opt/ros/foxy/include/rclcpp/executor_options.hpp:20[m[K,
                 from [01m[K/opt/ros/foxy/include/rclcpp/executor.hpp:33[m[K,
                 from [01m[K/opt/ros/foxy/include/rclcpp/executors/multi_threaded_executor.hpp:26[m[K,
                 from [01m[K/opt/ros/foxy/include/rclcpp/executors.hpp:21[m[K,
                 from [01m[K/opt/ros/foxy/include/rclcpp/rclcpp.hpp:146[m[K,
                 from [01m[K/home/kgh/ws2/src/yzbot_stm32connect/include/robotserial.hpp:4[m[K,
                 from [01m[K/home/kgh/ws2/src/yzbot_stm32connect/src/robotserial.cpp:1[m[K:
[01m[K/home/kgh/ws2/src/yzbot_stm32connect/src/robotserial.cpp:[m[K In member function ‚Äò[01m[Kint RobotSerial::SetSpeed(short int, short int, short int, double, double)[m[K‚Äô:
[01m[K/home/kgh/ws2/src/yzbot_stm32connect/src/robotserial.cpp:90:54:[m[K [01;31m[Kerror: [m[K‚Äò[01m[KchargeFlag[m[K‚Äô was not declared in this scope
   90 |     RCLCPP_INFO(get_logger(), "Auto_Charging----%d", [01;31m[KchargeFlag[m[K);
      |                                                      [01;31m[K^~~~~~~~~~[m[K
[01m[K/home/kgh/ws2/src/yzbot_stm32connect/src/robotserial.cpp:104:21:[m[K [01;31m[Kerror: [m[K‚Äò[01m[Khtons[m[K‚Äô was not declared in this scope
  104 |     st1 = (int16_t) [01;31m[Khtons[m[K(st1);
      |                     [01;31m[K^~~~~[m[K
[01m[K/home/kgh/ws2/src/yzbot_stm32connect/src/robotserial.cpp:129:22:[m[K [01;31m[Kerror: [m[K‚Äò[01m[KRobotSerialRead[m[K‚Äô was not declared in this scope; did you mean ‚Äò[01m[KrobotSerialRead[m[K‚Äô?
  129 |         int8_t tmp = [01;31m[KRobotSerialRead[m[K();   // ËØªÊï∞ÊçÆ
      |                      [01;31m[K^~~~~~~~~~~~~~~[m[K
      |                      [32m[KrobotSerialRead[m[K
[01m[K/home/kgh/ws2/src/yzbot_stm32connect/src/robotserial.cpp:[m[K In member function ‚Äò[01m[Kint8_t RobotSerial::robotSerialRead()[m[K‚Äô:
[01m[K/home/kgh/ws2/src/yzbot_stm32connect/src/robotserial.cpp:48:1:[m[K [01;35m[Kwarning: [m[Kcontrol reaches end of non-void function [[01;35m[K-Wreturn-type[m[K]
   48 | [01;35m[K}[m[K
      | [01;35m[K^[m[K
make[2]: *** [CMakeFiles/stm32_connect.dir/build.make:76ÔºöCMakeFiles/stm32_connect.dir/src/robotserial.cpp.o] ÈîôËØØ 1
make[1]: *** [CMakeFiles/Makefile2:80ÔºöCMakeFiles/stm32_connect.dir/all] ÈîôËØØ 2
make: *** [Makefile:141Ôºöall] ÈîôËØØ 2
