[0.113s] Invoking command in '/home/kgh/ws2/build/yzbot_stm32connect': CMAKE_PREFIX_PATH=/home/kgh/ws2/install/yzbot_msgs:/home/kgh/ws2/install/yzbot_stm32connect:/home/kgh/ws2/install/yzbot_nav2:/home/kgh/ws2/install/yzbot_cartographer:/home/kgh/ws2/install/nav2_system_tests:/home/kgh/ws2/install/nav2_bringup:/home/kgh/ws2/install/navigation2:/home/kgh/ws2/install/smac_planner:/home/kgh/ws2/install/nav2_dwb_controller:/home/kgh/ws2/install/nav2_controller:/home/kgh/ws2/install/dwb_plugins:/home/kgh/ws2/install/dwb_critics:/home/kgh/ws2/install/dwb_core:/home/kgh/ws2/install/nav_2d_utils:/home/kgh/ws2/install/dwb_msgs:/home/kgh/ws2/install/nav_2d_msgs:/home/kgh/ws2/install/nav2_waypoint_follower:/home/kgh/ws2/install/nav2_regulated_pure_pursuit_controller:/home/kgh/ws2/install/nav2_recoveries:/home/kgh/ws2/install/nav2_planner:/home/kgh/ws2/install/nav2_navfn_planner:/home/kgh/ws2/install/nav2_core:/home/kgh/ws2/install/costmap_queue:/home/kgh/ws2/install/nav2_costmap_2d:/home/kgh/ws2/install/nav2_voxel_grid:/home/kgh/ws2/install/nav2_rviz_plugins:/home/kgh/ws2/install/nav2_map_server:/home/kgh/ws2/install/nav2_lifecycle_manager:/home/kgh/ws2/install/nav2_bt_navigator:/home/kgh/ws2/install/nav2_behavior_tree:/home/kgh/ws2/install/nav2_amcl:/home/kgh/ws2/install/nav2_util:/home/kgh/ws2/install/nav2_msgs:/home/kgh/ws2/install/nav2_common:/home/kgh/ws2/install/bluesea2:/home/kgh/ws2/install/yzbot_description:/home/kgh/ws2/install/yzbot_controller:/home/kgh/ws2/install/nav2_gazebo_spawner:/opt/ros/foxy /usr/bin/cmake --build /home/kgh/ws2/build/yzbot_stm32connect -- -j16 -l16
[0.187s] [ 50%] Built target serial
[0.215s] [35m[1mScanning dependencies of target stm32_connect[0m
[0.245s] [ 75%] [32mBuilding CXX object CMakeFiles/stm32_connect.dir/src/plc.cpp.o[0m
[0.246s] [ 75%] [32mBuilding CXX object CMakeFiles/stm32_connect.dir/src/stm32_connect.cpp.o[0m
[2.328s] In file included from [01m[K/home/kgh/ws2/src/yzbot_stm32connect/include/stm32_connect.hpp:6[m[K,
[2.329s]                  from [01m[K/home/kgh/ws2/src/yzbot_stm32connect/src/stm32_connect.cpp:1[m[K:
[2.329s] [01m[K/home/kgh/ws2/src/yzbot_stm32connect/include/plc.hpp:43:5:[m[K [01;31m[Kerror: [m[K‚Äò[01m[Kmy_robot_pose[m[K‚Äô does not name a type; did you mean ‚Äò[01m[KRobot_pose[m[K‚Äô?
[2.329s]    43 |     [01;31m[Kmy_robot_pose[m[K.robot_x = 0;
[2.329s]       |     [01;31m[K^~~~~~~~~~~~~[m[K
[2.329s]       |     [32m[KRobot_pose[m[K
[2.330s] [01m[K/home/kgh/ws2/src/yzbot_stm32connect/include/plc.hpp:44:5:[m[K [01;31m[Kerror: [m[K‚Äò[01m[Kmy_robot_pose[m[K‚Äô does not name a type; did you mean ‚Äò[01m[KRobot_pose[m[K‚Äô?
[2.330s]    44 |     [01;31m[Kmy_robot_pose[m[K.robot_y = 0;
[2.330s]       |     [01;31m[K^~~~~~~~~~~~~[m[K
[2.330s]       |     [32m[KRobot_pose[m[K
[2.332s] [01m[K/home/kgh/ws2/src/yzbot_stm32connect/include/plc.hpp:45:5:[m[K [01;31m[Kerror: [m[K‚Äò[01m[Kmy_robot_pose[m[K‚Äô does not name a type; did you mean ‚Äò[01m[KRobot_pose[m[K‚Äô?
[2.332s]    45 |     [01;31m[Kmy_robot_pose[m[K.robot_yaw = 0;
[2.332s]       |     [01;31m[K^~~~~~~~~~~~~[m[K
[2.332s]       |     [32m[KRobot_pose[m[K
[2.376s] In file included from [01m[K/home/kgh/ws2/src/yzbot_stm32connect/src/plc.cpp:1[m[K:
[2.376s] [01m[K/home/kgh/ws2/src/yzbot_stm32connect/include/plc.hpp:43:5:[m[K [01;31m[Kerror: [m[K‚Äò[01m[Kmy_robot_pose[m[K‚Äô does not name a type; did you mean ‚Äò[01m[KRobot_pose[m[K‚Äô?
[2.376s]    43 |     [01;31m[Kmy_robot_pose[m[K.robot_x = 0;
[2.376s]       |     [01;31m[K^~~~~~~~~~~~~[m[K
[2.376s]       |     [32m[KRobot_pose[m[K
[2.378s] [01m[K/home/kgh/ws2/src/yzbot_stm32connect/include/plc.hpp:44:5:[m[K [01;31m[Kerror: [m[K‚Äò[01m[Kmy_robot_pose[m[K‚Äô does not name a type; did you mean ‚Äò[01m[KRobot_pose[m[K‚Äô?
[2.378s]    44 |     [01;31m[Kmy_robot_pose[m[K.robot_y = 0;
[2.378s]       |     [01;31m[K^~~~~~~~~~~~~[m[K
[2.378s]       |     [32m[KRobot_pose[m[K
[2.380s] [01m[K/home/kgh/ws2/src/yzbot_stm32connect/include/plc.hpp:45:5:[m[K [01;31m[Kerror: [m[K‚Äò[01m[Kmy_robot_pose[m[K‚Äô does not name a type; did you mean ‚Äò[01m[KRobot_pose[m[K‚Äô?
[2.380s]    45 |     [01;31m[Kmy_robot_pose[m[K.robot_yaw = 0;
[2.380s]       |     [01;31m[K^~~~~~~~~~~~~[m[K
[2.380s]       |     [32m[KRobot_pose[m[K
[2.417s] [01m[K/home/kgh/ws2/src/yzbot_stm32connect/src/plc.cpp:[m[K In member function ‚Äò[01m[Kint PLC::pub_odom(short int, short int, short int, short int, float, float, float, float)[m[K‚Äô:
[2.417s] [01m[K/home/kgh/ws2/src/yzbot_stm32connect/src/plc.cpp:42:29:[m[K [01;35m[Kwarning: [m[Kunused parameter ‚Äò[01m[Kvx[m[K‚Äô [[01;35m[K-Wunused-parameter[m[K]
[2.417s]    42 | int PLC::pub_odom([01;35m[Kshort int vx[m[K, short int vy, short int t1, short int t2, float angle_v, float angle, float n_vx, float n_vth)
[2.417s]       |                   [01;35m[K~~~~~~~~~~^~[m[K
[2.417s] [01m[K/home/kgh/ws2/src/yzbot_stm32connect/src/plc.cpp:42:43:[m[K [01;35m[Kwarning: [m[Kunused parameter ‚Äò[01m[Kvy[m[K‚Äô [[01;35m[K-Wunused-parameter[m[K]
[2.417s]    42 | int PLC::pub_odom(short int vx, [01;35m[Kshort int vy[m[K, short int t1, short int t2, float angle_v, float angle, float n_vx, float n_vth)
[2.417s]       |                                 [01;35m[K~~~~~~~~~~^~[m[K
[2.417s] [01m[K/home/kgh/ws2/src/yzbot_stm32connect/src/plc.cpp:42:81:[m[K [01;35m[Kwarning: [m[Kunused parameter ‚Äò[01m[Kangle_v[m[K‚Äô [[01;35m[K-Wunused-parameter[m[K]
[2.417s]    42 | int PLC::pub_odom(short int vx, short int vy, short int t1, short int t2, [01;35m[Kfloat angle_v[m[K, float angle, float n_vx, float n_vth)
[2.418s]       |                                                                           [01;35m[K~~~~~~^~~~~~~[m[K
[2.418s] [01m[K/home/kgh/ws2/src/yzbot_stm32connect/src/plc.cpp:42:109:[m[K [01;35m[Kwarning: [m[Kunused parameter ‚Äò[01m[Kn_vx[m[K‚Äô [[01;35m[K-Wunused-parameter[m[K]
[2.418s]    42 | int PLC::pub_odom(short int vx, short int vy, short int t1, short int t2, float angle_v, float angle, [01;35m[Kfloat n_vx[m[K, float n_vth)
[2.418s]       |                                                                                                       [01;35m[K~~~~~~^~~~[m[K
[2.418s] [01m[K/home/kgh/ws2/src/yzbot_stm32connect/src/plc.cpp:42:121:[m[K [01;35m[Kwarning: [m[Kunused parameter ‚Äò[01m[Kn_vth[m[K‚Äô [[01;35m[K-Wunused-parameter[m[K]
[2.418s]    42 | int PLC::pub_odom(short int vx, short int vy, short int t1, short int t2, float angle_v, float angle, float n_vx, [01;35m[Kfloat n_vth[m[K)
[2.418s]       |                                                                                                                   [01;35m[K~~~~~~^~~~~[m[K
[2.418s] [01m[K/home/kgh/ws2/src/yzbot_stm32connect/src/plc.cpp:[m[K In member function ‚Äò[01m[Kvoid PLC::pub_robot_pose(int, int, double, double)[m[K‚Äô:
[2.418s] [01m[K/home/kgh/ws2/src/yzbot_stm32connect/src/plc.cpp:152:5:[m[K [01;31m[Kerror: [m[K‚Äò[01m[Kyour_custom_msg_package[m[K‚Äô has not been declared
[2.418s]   152 |     [01;31m[Kyour_custom_msg_package[m[K::msg::RobotPose robot_pose;
[2.418s]       |     [01;31m[K^~~~~~~~~~~~~~~~~~~~~~~[m[K
[2.421s] [01m[K/home/kgh/ws2/src/yzbot_stm32connect/src/plc.cpp:154:5:[m[K [01;31m[Kerror: [m[K‚Äò[01m[Kcurrent_time[m[K‚Äô was not declared in this scope
[2.422s]   154 |     [01;31m[Kcurrent_time[m[K = this->now();
[2.422s]       |     [01;31m[K^~~~~~~~~~~~[m[K
[2.429s] [01m[K/home/kgh/ws2/src/yzbot_stm32connect/src/plc.cpp:155:33:[m[K [01;31m[Kerror: [m[K‚Äò[01m[Krobot_pose_lasttime[m[K‚Äô was not declared in this scope
[2.429s]   155 |     double dt = (current_time - [01;31m[Krobot_pose_lasttime[m[K).seconds();
[2.429s]       |                                 [01;31m[K^~~~~~~~~~~~~~~~~~~[m[K
[2.432s] [01m[K/home/kgh/ws2/src/yzbot_stm32connect/src/plc.cpp:159:57:[m[K [01;31m[Kerror: [m[K‚Äò[01m[Kmy_robot_pose[m[K‚Äô was not declared in this scope; did you mean ‚Äò[01m[Kpub_robot_pose[m[K‚Äô?
[2.432s]   159 |     double dt_x = ((left_t + right_t) * pulse_sec * cos([01;31m[Kmy_robot_pose[m[K.robot_yaw + dt_th/2.0))/2.0;
[2.432s]       |                                                         [01;31m[K^~~~~~~~~~~~~[m[K
[2.432s]       |                                                         [32m[Kpub_robot_pose[m[K
[2.436s] [01m[K/home/kgh/ws2/src/yzbot_stm32connect/src/plc.cpp:202:5:[m[K [01;31m[Kerror: [m[K‚Äò[01m[KmRobotPose_yaw[m[K‚Äô was not declared in this scope
[2.436s]   202 |     [01;31m[KmRobotPose_yaw[m[K = mRobotPose_yaw + dt_th;
[2.436s]       |     [01;31m[K^~~~~~~~~~~~~~[m[K
[2.437s] [01m[K/home/kgh/ws2/src/yzbot_stm32connect/src/plc.cpp:203:59:[m[K [01;31m[Kerror: [m[K‚Äò[01m[KSign[m[K‚Äô was not declared in this scope
[2.437s]   203 |     if(fabs(mRobotPose_yaw) > 3.14) mRobotPose_yaw = 3.14*[01;31m[KSign[m[K(mRobotPose_yaw)*-1+(Sign(mRobotPose_yaw)*fabs(fabs(mRobotPose_yaw)-3.14));
[2.437s]       |                                                           [01;31m[K^~~~[m[K
[2.439s] [01m[K/home/kgh/ws2/src/yzbot_stm32connect/src/plc.cpp:204:5:[m[K [01;31m[Kerror: [m[K‚Äò[01m[Krobot_pose[m[K‚Äô was not declared in this scope; did you mean ‚Äò[01m[KRobot_pose[m[K‚Äô?
[2.439s]   204 |     [01;31m[Krobot_pose[m[K.yaw = mRobotPose_yaw;
[2.439s]       |     [01;31m[K^~~~~~~~~~[m[K
[2.439s]       |     [32m[KRobot_pose[m[K
[2.439s] [01m[K/home/kgh/ws2/src/yzbot_stm32connect/src/plc.cpp:151:18:[m[K [01;35m[Kwarning: [m[Kunused variable ‚Äò[01m[Ktrueth_angle[m[K‚Äô [[01;35m[K-Wunused-variable[m[K]
[2.439s]   151 |     static float [01;35m[Ktrueth_angle[m[K = 0;
[2.439s]       |                  [01;35m[K^~~~~~~~~~~~[m[K
[2.439s] [01m[K/home/kgh/ws2/src/yzbot_stm32connect/src/plc.cpp:155:12:[m[K [01;35m[Kwarning: [m[Kunused variable ‚Äò[01m[Kdt[m[K‚Äô [[01;35m[K-Wunused-variable[m[K]
[2.439s]   155 |     double [01;35m[Kdt[m[K = (current_time - robot_pose_lasttime).seconds();
[2.440s]       |            [01;35m[K^~[m[K
[2.440s] [01m[K/home/kgh/ws2/src/yzbot_stm32connect/src/plc.cpp:161:12:[m[K [01;35m[Kwarning: [m[Kunused variable ‚Äò[01m[Ksin_y[m[K‚Äô [[01;35m[K-Wunused-variable[m[K]
[2.440s]   161 |     double [01;35m[Ksin_y[m[K = sin(my_robot_pose.robot_yaw + dt_th/2.0);
[2.440s]       |            [01;35m[K^~~~~[m[K
[2.440s] [01m[K/home/kgh/ws2/src/yzbot_stm32connect/src/plc.cpp:148:74:[m[K [01;35m[Kwarning: [m[Kunused parameter ‚Äò[01m[Kangle_l[m[K‚Äô [[01;35m[K-Wunused-parameter[m[K]
[2.440s]   148 | void PLC::pub_robot_pose(int left_t, int right_t, double angle_t, [01;35m[Kdouble angle_l[m[K)
[2.440s]       |                                                                   [01;35m[K~~~~~~~^~~~~~~[m[K
[2.943s] make[2]: *** [CMakeFiles/stm32_connect.dir/build.make:63ÔºöCMakeFiles/stm32_connect.dir/src/stm32_connect.cpp.o] ÈîôËØØ 1
[2.943s] make[2]: *** Ê≠£Âú®Á≠âÂæÖÊú™ÂÆåÊàêÁöÑ‰ªªÂä°....
[4.033s] [01m[K/home/kgh/ws2/src/yzbot_stm32connect/src/plc.cpp:[m[K At global scope:
[4.034s] [01m[K/home/kgh/ws2/src/yzbot_stm32connect/src/plc.cpp:151:18:[m[K [01;35m[Kwarning: [m[K‚Äò[01m[Ktrueth_angle[m[K‚Äô defined but not used [[01;35m[K-Wunused-variable[m[K]
[4.034s]   151 |     static float [01;35m[Ktrueth_angle[m[K = 0;
[4.034s]       |                  [01;35m[K^~~~~~~~~~~~[m[K
[4.061s] make[2]: *** [CMakeFiles/stm32_connect.dir/build.make:89ÔºöCMakeFiles/stm32_connect.dir/src/plc.cpp.o] ÈîôËØØ 1
[4.061s] make[1]: *** [CMakeFiles/Makefile2:80ÔºöCMakeFiles/stm32_connect.dir/all] ÈîôËØØ 2
[4.062s] make: *** [Makefile:141Ôºöall] ÈîôËØØ 2
[4.065s] Invoked command in '/home/kgh/ws2/build/yzbot_stm32connect' returned '2': CMAKE_PREFIX_PATH=/home/kgh/ws2/install/yzbot_msgs:/home/kgh/ws2/install/yzbot_stm32connect:/home/kgh/ws2/install/yzbot_nav2:/home/kgh/ws2/install/yzbot_cartographer:/home/kgh/ws2/install/nav2_system_tests:/home/kgh/ws2/install/nav2_bringup:/home/kgh/ws2/install/navigation2:/home/kgh/ws2/install/smac_planner:/home/kgh/ws2/install/nav2_dwb_controller:/home/kgh/ws2/install/nav2_controller:/home/kgh/ws2/install/dwb_plugins:/home/kgh/ws2/install/dwb_critics:/home/kgh/ws2/install/dwb_core:/home/kgh/ws2/install/nav_2d_utils:/home/kgh/ws2/install/dwb_msgs:/home/kgh/ws2/install/nav_2d_msgs:/home/kgh/ws2/install/nav2_waypoint_follower:/home/kgh/ws2/install/nav2_regulated_pure_pursuit_controller:/home/kgh/ws2/install/nav2_recoveries:/home/kgh/ws2/install/nav2_planner:/home/kgh/ws2/install/nav2_navfn_planner:/home/kgh/ws2/install/nav2_core:/home/kgh/ws2/install/costmap_queue:/home/kgh/ws2/install/nav2_costmap_2d:/home/kgh/ws2/install/nav2_voxel_grid:/home/kgh/ws2/install/nav2_rviz_plugins:/home/kgh/ws2/install/nav2_map_server:/home/kgh/ws2/install/nav2_lifecycle_manager:/home/kgh/ws2/install/nav2_bt_navigator:/home/kgh/ws2/install/nav2_behavior_tree:/home/kgh/ws2/install/nav2_amcl:/home/kgh/ws2/install/nav2_util:/home/kgh/ws2/install/nav2_msgs:/home/kgh/ws2/install/nav2_common:/home/kgh/ws2/install/bluesea2:/home/kgh/ws2/install/yzbot_description:/home/kgh/ws2/install/yzbot_controller:/home/kgh/ws2/install/nav2_gazebo_spawner:/opt/ros/foxy /usr/bin/cmake --build /home/kgh/ws2/build/yzbot_stm32connect -- -j16 -l16
