[0.117s] Invoking command in '/home/kgh/ws2/build/yzbot_stm32connect': CMAKE_PREFIX_PATH=/home/kgh/ws2/install/yzbot_msgs:/home/kgh/ws2/install/yzbot_stm32connect:/home/kgh/ws2/install/yzbot_nav2:/home/kgh/ws2/install/yzbot_cartographer:/home/kgh/ws2/install/nav2_system_tests:/home/kgh/ws2/install/nav2_bringup:/home/kgh/ws2/install/navigation2:/home/kgh/ws2/install/smac_planner:/home/kgh/ws2/install/nav2_dwb_controller:/home/kgh/ws2/install/nav2_controller:/home/kgh/ws2/install/dwb_plugins:/home/kgh/ws2/install/dwb_critics:/home/kgh/ws2/install/dwb_core:/home/kgh/ws2/install/nav_2d_utils:/home/kgh/ws2/install/dwb_msgs:/home/kgh/ws2/install/nav_2d_msgs:/home/kgh/ws2/install/nav2_waypoint_follower:/home/kgh/ws2/install/nav2_regulated_pure_pursuit_controller:/home/kgh/ws2/install/nav2_recoveries:/home/kgh/ws2/install/nav2_planner:/home/kgh/ws2/install/nav2_navfn_planner:/home/kgh/ws2/install/nav2_core:/home/kgh/ws2/install/costmap_queue:/home/kgh/ws2/install/nav2_costmap_2d:/home/kgh/ws2/install/nav2_voxel_grid:/home/kgh/ws2/install/nav2_rviz_plugins:/home/kgh/ws2/install/nav2_map_server:/home/kgh/ws2/install/nav2_lifecycle_manager:/home/kgh/ws2/install/nav2_bt_navigator:/home/kgh/ws2/install/nav2_behavior_tree:/home/kgh/ws2/install/nav2_amcl:/home/kgh/ws2/install/nav2_util:/home/kgh/ws2/install/nav2_msgs:/home/kgh/ws2/install/nav2_common:/home/kgh/ws2/install/bluesea2:/home/kgh/ws2/install/yzbot_description:/home/kgh/ws2/install/yzbot_controller:/home/kgh/ws2/install/nav2_gazebo_spawner:/opt/ros/foxy /usr/bin/cmake --build /home/kgh/ws2/build/yzbot_stm32connect -- -j16 -l16
[0.179s] [ 50%] Built target serial
[0.198s] [35m[1mScanning dependencies of target stm32_connect[0m
[0.231s] [ 75%] [32mBuilding CXX object CMakeFiles/stm32_connect.dir/src/stm32_connect.cpp.o[0m
[0.231s] [ 75%] [32mBuilding CXX object CMakeFiles/stm32_connect.dir/src/plc.cpp.o[0m
[2.214s] In file included from [01m[K/home/kgh/ws2/src/yzbot_stm32connect/include/stm32_connect.hpp:6[m[K,
[2.215s]                  from [01m[K/home/kgh/ws2/src/yzbot_stm32connect/src/stm32_connect.cpp:1[m[K:
[2.215s] [01m[K/home/kgh/ws2/src/yzbot_stm32connect/include/plc.hpp:43:5:[m[K [01;31m[Kerror: [m[K‘[01m[Kmy_robot_pose[m[K’ does not name a type; did you mean ‘[01m[KRobot_pose[m[K’?
[2.215s]    43 |     [01;31m[Kmy_robot_pose[m[K.robot_x = 0;
[2.215s]       |     [01;31m[K^~~~~~~~~~~~~[m[K
[2.215s]       |     [32m[KRobot_pose[m[K
[2.216s] [01m[K/home/kgh/ws2/src/yzbot_stm32connect/include/plc.hpp:44:5:[m[K [01;31m[Kerror: [m[K‘[01m[Kmy_robot_pose[m[K’ does not name a type; did you mean ‘[01m[KRobot_pose[m[K’?
[2.217s]    44 |     [01;31m[Kmy_robot_pose[m[K.robot_y = 0;
[2.217s]       |     [01;31m[K^~~~~~~~~~~~~[m[K
[2.217s]       |     [32m[KRobot_pose[m[K
[2.218s] [01m[K/home/kgh/ws2/src/yzbot_stm32connect/include/plc.hpp:45:5:[m[K [01;31m[Kerror: [m[K‘[01m[Kmy_robot_pose[m[K’ does not name a type; did you mean ‘[01m[KRobot_pose[m[K’?
[2.218s]    45 |     [01;31m[Kmy_robot_pose[m[K.robot_yaw = 0;
[2.218s]       |     [01;31m[K^~~~~~~~~~~~~[m[K
[2.219s]       |     [32m[KRobot_pose[m[K
[2.250s] In file included from [01m[K/home/kgh/ws2/src/yzbot_stm32connect/src/plc.cpp:1[m[K:
[2.250s] [01m[K/home/kgh/ws2/src/yzbot_stm32connect/include/plc.hpp:43:5:[m[K [01;31m[Kerror: [m[K‘[01m[Kmy_robot_pose[m[K’ does not name a type; did you mean ‘[01m[KRobot_pose[m[K’?
[2.250s]    43 |     [01;31m[Kmy_robot_pose[m[K.robot_x = 0;
[2.250s]       |     [01;31m[K^~~~~~~~~~~~~[m[K
[2.250s]       |     [32m[KRobot_pose[m[K
[2.251s] [01m[K/home/kgh/ws2/src/yzbot_stm32connect/include/plc.hpp:44:5:[m[K [01;31m[Kerror: [m[K‘[01m[Kmy_robot_pose[m[K’ does not name a type; did you mean ‘[01m[KRobot_pose[m[K’?
[2.252s]    44 |     [01;31m[Kmy_robot_pose[m[K.robot_y = 0;
[2.252s]       |     [01;31m[K^~~~~~~~~~~~~[m[K
[2.252s]       |     [32m[KRobot_pose[m[K
[2.253s] [01m[K/home/kgh/ws2/src/yzbot_stm32connect/include/plc.hpp:45:5:[m[K [01;31m[Kerror: [m[K‘[01m[Kmy_robot_pose[m[K’ does not name a type; did you mean ‘[01m[KRobot_pose[m[K’?
[2.253s]    45 |     [01;31m[Kmy_robot_pose[m[K.robot_yaw = 0;
[2.253s]       |     [01;31m[K^~~~~~~~~~~~~[m[K
[2.254s]       |     [32m[KRobot_pose[m[K
[2.271s] [01m[K/home/kgh/ws2/src/yzbot_stm32connect/src/plc.cpp:[m[K In constructor ‘[01m[KPLC::PLC(RobotSerial*)[m[K’:
[2.271s] [01m[K/home/kgh/ws2/src/yzbot_stm32connect/src/plc.cpp:11:17:[m[K [01;31m[Kerror: [m[K‘[01m[Kros[m[K’ has not been declared
[2.271s]    11 |     last_time = [01;31m[Kros[m[K::Time::now();
[2.271s]       |                 [01;31m[K^~~[m[K
[2.278s] [01m[K/home/kgh/ws2/src/yzbot_stm32connect/src/plc.cpp:12:5:[m[K [01;31m[Kerror: [m[K‘[01m[Krobot_pose_lasttime[m[K’ was not declared in this scope
[2.278s]    12 |     [01;31m[Krobot_pose_lasttime[m[K = ros::Time::now();
[2.278s]       |     [01;31m[K^~~~~~~~~~~~~~~~~~~[m[K
[2.278s] [01m[K/home/kgh/ws2/src/yzbot_stm32connect/src/plc.cpp:12:27:[m[K [01;31m[Kerror: [m[K‘[01m[Kros[m[K’ has not been declared
[2.278s]    12 |     robot_pose_lasttime = [01;31m[Kros[m[K::Time::now();
[2.278s]       |                           [01;31m[K^~~[m[K
[2.296s] [01m[K/home/kgh/ws2/src/yzbot_stm32connect/src/plc.cpp:[m[K In member function ‘[01m[Kint PLC::pub_odom(short int, short int, short int, short int, float, float, float, float)[m[K’:
[2.297s] [01m[K/home/kgh/ws2/src/yzbot_stm32connect/src/plc.cpp:41:29:[m[K [01;35m[Kwarning: [m[Kunused parameter ‘[01m[Kvx[m[K’ [[01;35m[K-Wunused-parameter[m[K]
[2.297s]    41 | int PLC::pub_odom([01;35m[Kshort int vx[m[K, short int vy, short int t1, short int t2, float angle_v, float angle, float n_vx, float n_vth)
[2.297s]       |                   [01;35m[K~~~~~~~~~~^~[m[K
[2.297s] [01m[K/home/kgh/ws2/src/yzbot_stm32connect/src/plc.cpp:41:43:[m[K [01;35m[Kwarning: [m[Kunused parameter ‘[01m[Kvy[m[K’ [[01;35m[K-Wunused-parameter[m[K]
[2.297s]    41 | int PLC::pub_odom(short int vx, [01;35m[Kshort int vy[m[K, short int t1, short int t2, float angle_v, float angle, float n_vx, float n_vth)
[2.297s]       |                                 [01;35m[K~~~~~~~~~~^~[m[K
[2.297s] [01m[K/home/kgh/ws2/src/yzbot_stm32connect/src/plc.cpp:41:81:[m[K [01;35m[Kwarning: [m[Kunused parameter ‘[01m[Kangle_v[m[K’ [[01;35m[K-Wunused-parameter[m[K]
[2.297s]    41 | int PLC::pub_odom(short int vx, short int vy, short int t1, short int t2, [01;35m[Kfloat angle_v[m[K, float angle, float n_vx, float n_vth)
[2.297s]       |                                                                           [01;35m[K~~~~~~^~~~~~~[m[K
[2.297s] [01m[K/home/kgh/ws2/src/yzbot_stm32connect/src/plc.cpp:41:109:[m[K [01;35m[Kwarning: [m[Kunused parameter ‘[01m[Kn_vx[m[K’ [[01;35m[K-Wunused-parameter[m[K]
[2.297s]    41 | int PLC::pub_odom(short int vx, short int vy, short int t1, short int t2, float angle_v, float angle, [01;35m[Kfloat n_vx[m[K, float n_vth)
[2.297s]       |                                                                                                       [01;35m[K~~~~~~^~~~[m[K
[2.297s] [01m[K/home/kgh/ws2/src/yzbot_stm32connect/src/plc.cpp:41:121:[m[K [01;35m[Kwarning: [m[Kunused parameter ‘[01m[Kn_vth[m[K’ [[01;35m[K-Wunused-parameter[m[K]
[2.297s]    41 | int PLC::pub_odom(short int vx, short int vy, short int t1, short int t2, float angle_v, float angle, float n_vx, [01;35m[Kfloat n_vth[m[K)
[2.297s]       |                                                                                                                   [01;35m[K~~~~~~^~~~~[m[K
[2.297s] [01m[K/home/kgh/ws2/src/yzbot_stm32connect/src/plc.cpp:[m[K In member function ‘[01m[Kvoid PLC::pub_robot_pose(int, int, double, double)[m[K’:
[2.297s] [01m[K/home/kgh/ws2/src/yzbot_stm32connect/src/plc.cpp:151:5:[m[K [01;31m[Kerror: [m[K‘[01m[Kyour_custom_msg_package[m[K’ has not been declared
[2.298s]   151 |     [01;31m[Kyour_custom_msg_package[m[K::msg::RobotPose robot_pose;
[2.298s]       |     [01;31m[K^~~~~~~~~~~~~~~~~~~~~~~[m[K
[2.304s] [01m[K/home/kgh/ws2/src/yzbot_stm32connect/src/plc.cpp:154:33:[m[K [01;31m[Kerror: [m[K‘[01m[Krobot_pose_lasttime_[m[K’ was not declared in this scope
[2.304s]   154 |     double dt = (current_time - [01;31m[Krobot_pose_lasttime_[m[K).seconds();
[2.305s]       |                                 [01;31m[K^~~~~~~~~~~~~~~~~~~~[m[K
[2.307s] [01m[K/home/kgh/ws2/src/yzbot_stm32connect/src/plc.cpp:158:57:[m[K [01;31m[Kerror: [m[K‘[01m[Kmy_robot_pose[m[K’ was not declared in this scope; did you mean ‘[01m[Kpub_robot_pose[m[K’?
[2.307s]   158 |     double dt_x = ((left_t + right_t) * pulse_sec * cos([01;31m[Kmy_robot_pose[m[K.robot_yaw + dt_th/2.0))/2.0;
[2.307s]       |                                                         [01;31m[K^~~~~~~~~~~~~[m[K
[2.307s]       |                                                         [32m[Kpub_robot_pose[m[K
[2.309s] [01m[K/home/kgh/ws2/src/yzbot_stm32connect/src/plc.cpp:162:5:[m[K [01;31m[Kerror: [m[K‘[01m[Kpub_robot_pose_[m[K’ was not declared in this scope; did you mean ‘[01m[Kpub_robot_pose[m[K’?
[2.309s]   162 |     [01;31m[Kpub_robot_pose_[m[K->publish(robot_pose);
[2.309s]       |     [01;31m[K^~~~~~~~~~~~~~~[m[K
[2.309s]       |     [32m[Kpub_robot_pose[m[K
[2.311s] [01m[K/home/kgh/ws2/src/yzbot_stm32connect/src/plc.cpp:162:30:[m[K [01;31m[Kerror: [m[K‘[01m[Krobot_pose[m[K’ was not declared in this scope; did you mean ‘[01m[KRobot_pose[m[K’?
[2.311s]   162 |     pub_robot_pose_->publish([01;31m[Krobot_pose[m[K);
[2.311s]       |                              [01;31m[K^~~~~~~~~~[m[K
[2.311s]       |                              [32m[KRobot_pose[m[K
[2.311s] [01m[K/home/kgh/ws2/src/yzbot_stm32connect/src/plc.cpp:150:18:[m[K [01;35m[Kwarning: [m[Kunused variable ‘[01m[Ktrueth_angle[m[K’ [[01;35m[K-Wunused-variable[m[K]
[2.311s]   150 |     static float [01;35m[Ktrueth_angle[m[K = 0;
[2.312s]       |                  [01;35m[K^~~~~~~~~~~~[m[K
[2.312s] [01m[K/home/kgh/ws2/src/yzbot_stm32connect/src/plc.cpp:154:12:[m[K [01;35m[Kwarning: [m[Kunused variable ‘[01m[Kdt[m[K’ [[01;35m[K-Wunused-variable[m[K]
[2.312s]   154 |     double [01;35m[Kdt[m[K = (current_time - robot_pose_lasttime_).seconds();
[2.312s]       |            [01;35m[K^~[m[K
[2.312s] [01m[K/home/kgh/ws2/src/yzbot_stm32connect/src/plc.cpp:158:12:[m[K [01;35m[Kwarning: [m[Kunused variable ‘[01m[Kdt_x[m[K’ [[01;35m[K-Wunused-variable[m[K]
[2.312s]   158 |     double [01;35m[Kdt_x[m[K = ((left_t + right_t) * pulse_sec * cos(my_robot_pose.robot_yaw + dt_th/2.0))/2.0;
[2.312s]       |            [01;35m[K^~~~[m[K
[2.312s] [01m[K/home/kgh/ws2/src/yzbot_stm32connect/src/plc.cpp:159:12:[m[K [01;35m[Kwarning: [m[Kunused variable ‘[01m[Kdt_y[m[K’ [[01;35m[K-Wunused-variable[m[K]
[2.312s]   159 |     double [01;35m[Kdt_y[m[K = ((left_t + right_t) * pulse_sec * sin(my_robot_pose.robot_yaw + dt_th/2.0))/2.0;
[2.312s]       |            [01;35m[K^~~~[m[K
[2.312s] [01m[K/home/kgh/ws2/src/yzbot_stm32connect/src/plc.cpp:160:12:[m[K [01;35m[Kwarning: [m[Kunused variable ‘[01m[Ksin_y[m[K’ [[01;35m[K-Wunused-variable[m[K]
[2.312s]   160 |     double [01;35m[Ksin_y[m[K = sin(my_robot_pose.robot_yaw + dt_th/2.0);
[2.312s]       |            [01;35m[K^~~~~[m[K
[2.312s] [01m[K/home/kgh/ws2/src/yzbot_stm32connect/src/plc.cpp:147:74:[m[K [01;35m[Kwarning: [m[Kunused parameter ‘[01m[Kangle_l[m[K’ [[01;35m[K-Wunused-parameter[m[K]
[2.312s]   147 | void PLC::pub_robot_pose(int left_t, int right_t, double angle_t, [01;35m[Kdouble angle_l[m[K)
[2.313s]       |                                                                   [01;35m[K~~~~~~~^~~~~~~[m[K
[2.837s] make[2]: *** [CMakeFiles/stm32_connect.dir/build.make:63：CMakeFiles/stm32_connect.dir/src/stm32_connect.cpp.o] 错误 1
[2.837s] make[2]: *** 正在等待未完成的任务....
[3.858s] [01m[K/home/kgh/ws2/src/yzbot_stm32connect/src/plc.cpp:[m[K At global scope:
[3.858s] [01m[K/home/kgh/ws2/src/yzbot_stm32connect/src/plc.cpp:150:18:[m[K [01;35m[Kwarning: [m[K‘[01m[Ktrueth_angle[m[K’ defined but not used [[01;35m[K-Wunused-variable[m[K]
[3.858s]   150 |     static float [01;35m[Ktrueth_angle[m[K = 0;
[3.858s]       |                  [01;35m[K^~~~~~~~~~~~[m[K
[3.881s] make[2]: *** [CMakeFiles/stm32_connect.dir/build.make:89：CMakeFiles/stm32_connect.dir/src/plc.cpp.o] 错误 1
[3.882s] make[1]: *** [CMakeFiles/Makefile2:80：CMakeFiles/stm32_connect.dir/all] 错误 2
[3.882s] make: *** [Makefile:141：all] 错误 2
[3.885s] Invoked command in '/home/kgh/ws2/build/yzbot_stm32connect' returned '2': CMAKE_PREFIX_PATH=/home/kgh/ws2/install/yzbot_msgs:/home/kgh/ws2/install/yzbot_stm32connect:/home/kgh/ws2/install/yzbot_nav2:/home/kgh/ws2/install/yzbot_cartographer:/home/kgh/ws2/install/nav2_system_tests:/home/kgh/ws2/install/nav2_bringup:/home/kgh/ws2/install/navigation2:/home/kgh/ws2/install/smac_planner:/home/kgh/ws2/install/nav2_dwb_controller:/home/kgh/ws2/install/nav2_controller:/home/kgh/ws2/install/dwb_plugins:/home/kgh/ws2/install/dwb_critics:/home/kgh/ws2/install/dwb_core:/home/kgh/ws2/install/nav_2d_utils:/home/kgh/ws2/install/dwb_msgs:/home/kgh/ws2/install/nav_2d_msgs:/home/kgh/ws2/install/nav2_waypoint_follower:/home/kgh/ws2/install/nav2_regulated_pure_pursuit_controller:/home/kgh/ws2/install/nav2_recoveries:/home/kgh/ws2/install/nav2_planner:/home/kgh/ws2/install/nav2_navfn_planner:/home/kgh/ws2/install/nav2_core:/home/kgh/ws2/install/costmap_queue:/home/kgh/ws2/install/nav2_costmap_2d:/home/kgh/ws2/install/nav2_voxel_grid:/home/kgh/ws2/install/nav2_rviz_plugins:/home/kgh/ws2/install/nav2_map_server:/home/kgh/ws2/install/nav2_lifecycle_manager:/home/kgh/ws2/install/nav2_bt_navigator:/home/kgh/ws2/install/nav2_behavior_tree:/home/kgh/ws2/install/nav2_amcl:/home/kgh/ws2/install/nav2_util:/home/kgh/ws2/install/nav2_msgs:/home/kgh/ws2/install/nav2_common:/home/kgh/ws2/install/bluesea2:/home/kgh/ws2/install/yzbot_description:/home/kgh/ws2/install/yzbot_controller:/home/kgh/ws2/install/nav2_gazebo_spawner:/opt/ros/foxy /usr/bin/cmake --build /home/kgh/ws2/build/yzbot_stm32connect -- -j16 -l16
