[01m[K/home/kgh/ws2/src/navigation2/nav2_amcl/src/amcl_node.cpp:[m[K In member function â€˜[01m[Kvoid nav2_amcl::AmclNode::laserReceived(sensor_msgs::msg::LaserScan_<std::allocator<void> >::ConstSharedPtr)[m[Kâ€™:
[01m[K/home/kgh/ws2/src/navigation2/nav2_amcl/src/amcl_node.cpp:646:10:[m[K [01;31m[Kerror: [m[Kâ€˜[01m[Knomotion_en_[m[Kâ€™ was not declared in this scope
  646 |     if (([01;31m[Knomotion_en_[m[K == 1) && (m_force_update == 0) && (xxx % nomotion_time_) == 1) {
      |          [01;31m[K^~~~~~~~~~~~[m[K
[01m[K/home/kgh/ws2/src/navigation2/nav2_amcl/src/amcl_node.cpp:646:33:[m[K [01;31m[Kerror: [m[Kâ€˜[01m[Km_force_update[m[Kâ€™ was not declared in this scope; did you mean â€˜[01m[Kforce_update_[m[Kâ€™?
  646 |     if ((nomotion_en_ == 1) && ([01;31m[Km_force_update[m[K == 0) && (xxx % nomotion_time_) == 1) {
      |                                 [01;31m[K^~~~~~~~~~~~~~[m[K
      |                                 [32m[Kforce_update_[m[K
[01m[K/home/kgh/ws2/src/navigation2/nav2_amcl/src/amcl_node.cpp:646:64:[m[K [01;31m[Kerror: [m[Kâ€˜[01m[Knomotion_time_[m[Kâ€™ was not declared in this scope
  646 |   if ((nomotion_en_ == 1) && (m_force_update == 0) && (xxx % [01;31m[Knomotion_time_[m[K) == 1) {
      |                                                              [01;31m[K^~~~~~~~~~~~~~[m[K

make[2]: *** [CMakeFiles/amcl_core.dir/build.make:63ï¼šCMakeFiles/amcl_core.dir/src/amcl_node.cpp.o] é”™è¯¯ 1
make[1]: *** [CMakeFiles/Makefile2:166ï¼šCMakeFiles/amcl_core.dir/all] é”™è¯¯ 2
make: *** [Makefile:141ï¼šall] é”™è¯¯ 2
