[0.115s] Invoking command in '/home/kgh/ws2/build/yzbot_stm32connect': CMAKE_PREFIX_PATH=/home/kgh/ws2/install/yzbot_msgs:/home/kgh/ws2/install/yzbot_stm32connect:/home/kgh/ws2/install/yzbot_nav2:/home/kgh/ws2/install/yzbot_cartographer:/home/kgh/ws2/install/nav2_system_tests:/home/kgh/ws2/install/nav2_bringup:/home/kgh/ws2/install/navigation2:/home/kgh/ws2/install/smac_planner:/home/kgh/ws2/install/nav2_dwb_controller:/home/kgh/ws2/install/nav2_controller:/home/kgh/ws2/install/dwb_plugins:/home/kgh/ws2/install/dwb_critics:/home/kgh/ws2/install/dwb_core:/home/kgh/ws2/install/nav_2d_utils:/home/kgh/ws2/install/dwb_msgs:/home/kgh/ws2/install/nav_2d_msgs:/home/kgh/ws2/install/nav2_waypoint_follower:/home/kgh/ws2/install/nav2_regulated_pure_pursuit_controller:/home/kgh/ws2/install/nav2_recoveries:/home/kgh/ws2/install/nav2_planner:/home/kgh/ws2/install/nav2_navfn_planner:/home/kgh/ws2/install/nav2_core:/home/kgh/ws2/install/costmap_queue:/home/kgh/ws2/install/nav2_costmap_2d:/home/kgh/ws2/install/nav2_voxel_grid:/home/kgh/ws2/install/nav2_rviz_plugins:/home/kgh/ws2/install/nav2_map_server:/home/kgh/ws2/install/nav2_lifecycle_manager:/home/kgh/ws2/install/nav2_bt_navigator:/home/kgh/ws2/install/nav2_behavior_tree:/home/kgh/ws2/install/nav2_amcl:/home/kgh/ws2/install/nav2_util:/home/kgh/ws2/install/nav2_msgs:/home/kgh/ws2/install/nav2_common:/home/kgh/ws2/install/bluesea2:/home/kgh/ws2/install/yzbot_description:/home/kgh/ws2/install/yzbot_controller:/home/kgh/ws2/install/nav2_gazebo_spawner:/opt/ros/foxy /usr/bin/cmake --build /home/kgh/ws2/build/yzbot_stm32connect -- -j16 -l16
[0.194s] [ 50%] Built target serial
[0.215s] [35m[1mScanning dependencies of target stm32_connect[0m
[0.246s] [ 75%] [32mBuilding CXX object CMakeFiles/stm32_connect.dir/src/stm32_connect.cpp.o[0m
[0.246s] [ 75%] [32mBuilding CXX object CMakeFiles/stm32_connect.dir/src/plc.cpp.o[0m
[2.254s] In file included from [01m[K/home/kgh/ws2/src/yzbot_stm32connect/include/stm32_connect.hpp:6[m[K,
[2.255s]                  from [01m[K/home/kgh/ws2/src/yzbot_stm32connect/src/stm32_connect.cpp:1[m[K:
[2.255s] [01m[K/home/kgh/ws2/src/yzbot_stm32connect/include/plc.hpp:47:5:[m[K [01;31m[Kerror: [m[K‚Äò[01m[Kmy_robot_pose[m[K‚Äô does not name a type; did you mean ‚Äò[01m[KRobot_pose[m[K‚Äô?
[2.255s]    47 |     [01;31m[Kmy_robot_pose[m[K.robot_x = 0;
[2.255s]       |     [01;31m[K^~~~~~~~~~~~~[m[K
[2.255s]       |     [32m[KRobot_pose[m[K
[2.255s] In file included from [01m[K/home/kgh/ws2/src/yzbot_stm32connect/src/plc.cpp:1[m[K:
[2.255s] [01m[K/home/kgh/ws2/src/yzbot_stm32connect/include/plc.hpp:47:5:[m[K [01;31m[Kerror: [m[K‚Äò[01m[Kmy_robot_pose[m[K‚Äô does not name a type; did you mean ‚Äò[01m[KRobot_pose[m[K‚Äô?
[2.255s]    47 |     [01;31m[Kmy_robot_pose[m[K.robot_x = 0;
[2.255s]       |     [01;31m[K^~~~~~~~~~~~~[m[K
[2.255s]       |     [32m[KRobot_pose[m[K
[2.256s] [01m[K/home/kgh/ws2/src/yzbot_stm32connect/include/plc.hpp:48:5:[m[K [01;31m[Kerror: [m[K‚Äò[01m[Kmy_robot_pose[m[K‚Äô does not name a type; did you mean ‚Äò[01m[KRobot_pose[m[K‚Äô?
[2.256s]    48 |     [01;31m[Kmy_robot_pose[m[K.robot_y = 0;
[2.256s]       |     [01;31m[K^~~~~~~~~~~~~[m[K
[2.257s]       |     [32m[KRobot_pose[m[K
[2.257s] [01m[K/home/kgh/ws2/src/yzbot_stm32connect/include/plc.hpp:48:5:[m[K [01;31m[Kerror: [m[K‚Äò[01m[Kmy_robot_pose[m[K‚Äô does not name a type; did you mean ‚Äò[01m[KRobot_pose[m[K‚Äô?
[2.257s]    48 |     [01;31m[Kmy_robot_pose[m[K.robot_y = 0;
[2.257s]       |     [01;31m[K^~~~~~~~~~~~~[m[K
[2.257s]       |     [32m[KRobot_pose[m[K
[2.258s] [01m[K/home/kgh/ws2/src/yzbot_stm32connect/include/plc.hpp:49:5:[m[K [01;31m[Kerror: [m[K‚Äò[01m[Kmy_robot_pose[m[K‚Äô does not name a type; did you mean ‚Äò[01m[KRobot_pose[m[K‚Äô?
[2.258s]    49 |     [01;31m[Kmy_robot_pose[m[K.robot_yaw = 0;
[2.258s]       |     [01;31m[K^~~~~~~~~~~~~[m[K
[2.258s]       |     [32m[KRobot_pose[m[K
[2.259s] [01m[K/home/kgh/ws2/src/yzbot_stm32connect/include/plc.hpp:49:5:[m[K [01;31m[Kerror: [m[K‚Äò[01m[Kmy_robot_pose[m[K‚Äô does not name a type; did you mean ‚Äò[01m[KRobot_pose[m[K‚Äô?
[2.259s]    49 |     [01;31m[Kmy_robot_pose[m[K.robot_yaw = 0;
[2.259s]       |     [01;31m[K^~~~~~~~~~~~~[m[K
[2.259s]       |     [32m[KRobot_pose[m[K
[2.303s] [01m[K/home/kgh/ws2/src/yzbot_stm32connect/src/plc.cpp:[m[K In member function ‚Äò[01m[Kvoid PLC::amcl_pose_callback(geometry_msgs::msg::PoseWithCovarianceStamped_<std::allocator<void> >::SharedPtr)[m[K‚Äô:
[2.303s] [01m[K/home/kgh/ws2/src/yzbot_stm32connect/src/plc.cpp:44:5:[m[K [01;31m[Kerror: [m[K‚Äò[01m[KmD[m[K‚Äô was not declared in this scope
[2.303s]    44 |     [01;31m[KmD[m[K = mRobotPose_y - 14.3;
[2.303s]       |     [01;31m[K^~[m[K
[2.311s] [01m[K/home/kgh/ws2/src/yzbot_stm32connect/src/plc.cpp:[m[K In member function ‚Äò[01m[Kint PLC::pub_odom(short int, short int, short int, short int, float, float, float, float)[m[K‚Äô:
[2.311s] [01m[K/home/kgh/ws2/src/yzbot_stm32connect/src/plc.cpp:60:29:[m[K [01;35m[Kwarning: [m[Kunused parameter ‚Äò[01m[Kvx[m[K‚Äô [[01;35m[K-Wunused-parameter[m[K]
[2.311s]    60 | int PLC::pub_odom([01;35m[Kshort int vx[m[K, short int vy, short int t1, short int t2, float angle_v, float angle, float n_vx, float n_vth)
[2.311s]       |                   [01;35m[K~~~~~~~~~~^~[m[K
[2.311s] [01m[K/home/kgh/ws2/src/yzbot_stm32connect/src/plc.cpp:60:43:[m[K [01;35m[Kwarning: [m[Kunused parameter ‚Äò[01m[Kvy[m[K‚Äô [[01;35m[K-Wunused-parameter[m[K]
[2.311s]    60 | int PLC::pub_odom(short int vx, [01;35m[Kshort int vy[m[K, short int t1, short int t2, float angle_v, float angle, float n_vx, float n_vth)
[2.311s]       |                                 [01;35m[K~~~~~~~~~~^~[m[K
[2.311s] [01m[K/home/kgh/ws2/src/yzbot_stm32connect/src/plc.cpp:60:81:[m[K [01;35m[Kwarning: [m[Kunused parameter ‚Äò[01m[Kangle_v[m[K‚Äô [[01;35m[K-Wunused-parameter[m[K]
[2.311s]    60 | int PLC::pub_odom(short int vx, short int vy, short int t1, short int t2, [01;35m[Kfloat angle_v[m[K, float angle, float n_vx, float n_vth)
[2.311s]       |                                                                           [01;35m[K~~~~~~^~~~~~~[m[K
[2.311s] [01m[K/home/kgh/ws2/src/yzbot_stm32connect/src/plc.cpp:60:109:[m[K [01;35m[Kwarning: [m[Kunused parameter ‚Äò[01m[Kn_vx[m[K‚Äô [[01;35m[K-Wunused-parameter[m[K]
[2.311s]    60 | int PLC::pub_odom(short int vx, short int vy, short int t1, short int t2, float angle_v, float angle, [01;35m[Kfloat n_vx[m[K, float n_vth)
[2.312s]       |                                                                                                       [01;35m[K~~~~~~^~~~[m[K
[2.312s] [01m[K/home/kgh/ws2/src/yzbot_stm32connect/src/plc.cpp:60:121:[m[K [01;35m[Kwarning: [m[Kunused parameter ‚Äò[01m[Kn_vth[m[K‚Äô [[01;35m[K-Wunused-parameter[m[K]
[2.312s]    60 | int PLC::pub_odom(short int vx, short int vy, short int t1, short int t2, float angle_v, float angle, float n_vx, [01;35m[Kfloat n_vth[m[K)
[2.312s]       |                                                                                                                   [01;35m[K~~~~~~^~~~~[m[K
[2.315s] [01m[K/home/kgh/ws2/src/yzbot_stm32connect/src/plc.cpp:[m[K In member function ‚Äò[01m[Kvoid PLC::pub_robot_pose(int, int, double, double)[m[K‚Äô:
[2.315s] [01m[K/home/kgh/ws2/src/yzbot_stm32connect/src/plc.cpp:172:5:[m[K [01;31m[Kerror: [m[K‚Äò[01m[Kcurrent_time[m[K‚Äô was not declared in this scope
[2.315s]   172 |     [01;31m[Kcurrent_time[m[K = this->now();
[2.315s]       |     [01;31m[K^~~~~~~~~~~~[m[K
[2.322s] [01m[K/home/kgh/ws2/src/yzbot_stm32connect/src/plc.cpp:173:33:[m[K [01;31m[Kerror: [m[K‚Äò[01m[Krobot_pose_lasttime[m[K‚Äô was not declared in this scope
[2.322s]   173 |     double dt = (current_time - [01;31m[Krobot_pose_lasttime[m[K).seconds();
[2.322s]       |                                 [01;31m[K^~~~~~~~~~~~~~~~~~~[m[K
[2.328s] [01m[K/home/kgh/ws2/src/yzbot_stm32connect/src/plc.cpp:169:18:[m[K [01;35m[Kwarning: [m[Kunused variable ‚Äò[01m[Ktrueth_angle[m[K‚Äô [[01;35m[K-Wunused-variable[m[K]
[2.328s]   169 |     static float [01;35m[Ktrueth_angle[m[K = 0;
[2.328s]       |                  [01;35m[K^~~~~~~~~~~~[m[K
[2.328s] [01m[K/home/kgh/ws2/src/yzbot_stm32connect/src/plc.cpp:173:12:[m[K [01;35m[Kwarning: [m[Kunused variable ‚Äò[01m[Kdt[m[K‚Äô [[01;35m[K-Wunused-variable[m[K]
[2.328s]   173 |     double [01;35m[Kdt[m[K = (current_time - robot_pose_lasttime).seconds();
[2.328s]       |            [01;35m[K^~[m[K
[2.329s] [01m[K/home/kgh/ws2/src/yzbot_stm32connect/src/plc.cpp:179:12:[m[K [01;35m[Kwarning: [m[Kunused variable ‚Äò[01m[Ksin_y[m[K‚Äô [[01;35m[K-Wunused-variable[m[K]
[2.329s]   179 |     double [01;35m[Ksin_y[m[K = sin(my_robot_pose.robot_yaw + dt_th/2.0);
[2.329s]       |            [01;35m[K^~~~~[m[K
[2.329s] [01m[K/home/kgh/ws2/src/yzbot_stm32connect/src/plc.cpp:166:74:[m[K [01;35m[Kwarning: [m[Kunused parameter ‚Äò[01m[Kangle_l[m[K‚Äô [[01;35m[K-Wunused-parameter[m[K]
[2.329s]   166 | void PLC::pub_robot_pose(int left_t, int right_t, double angle_t, [01;35m[Kdouble angle_l[m[K)
[2.329s]       |                                                                   [01;35m[K~~~~~~~^~~~~~~[m[K
[2.887s] make[2]: *** [CMakeFiles/stm32_connect.dir/build.make:63ÔºöCMakeFiles/stm32_connect.dir/src/stm32_connect.cpp.o] ÈîôËØØ 1
[2.887s] make[2]: *** Ê≠£Âú®Á≠âÂæÖÊú™ÂÆåÊàêÁöÑ‰ªªÂä°....
[4.215s] [01m[K/home/kgh/ws2/src/yzbot_stm32connect/src/plc.cpp:[m[K At global scope:
[4.215s] [01m[K/home/kgh/ws2/src/yzbot_stm32connect/src/plc.cpp:169:18:[m[K [01;35m[Kwarning: [m[K‚Äò[01m[Ktrueth_angle[m[K‚Äô defined but not used [[01;35m[K-Wunused-variable[m[K]
[4.215s]   169 |     static float [01;35m[Ktrueth_angle[m[K = 0;
[4.215s]       |                  [01;35m[K^~~~~~~~~~~~[m[K
[4.241s] make[2]: *** [CMakeFiles/stm32_connect.dir/build.make:89ÔºöCMakeFiles/stm32_connect.dir/src/plc.cpp.o] ÈîôËØØ 1
[4.242s] make[1]: *** [CMakeFiles/Makefile2:80ÔºöCMakeFiles/stm32_connect.dir/all] ÈîôËØØ 2
[4.242s] make: *** [Makefile:141Ôºöall] ÈîôËØØ 2
[4.244s] Invoked command in '/home/kgh/ws2/build/yzbot_stm32connect' returned '2': CMAKE_PREFIX_PATH=/home/kgh/ws2/install/yzbot_msgs:/home/kgh/ws2/install/yzbot_stm32connect:/home/kgh/ws2/install/yzbot_nav2:/home/kgh/ws2/install/yzbot_cartographer:/home/kgh/ws2/install/nav2_system_tests:/home/kgh/ws2/install/nav2_bringup:/home/kgh/ws2/install/navigation2:/home/kgh/ws2/install/smac_planner:/home/kgh/ws2/install/nav2_dwb_controller:/home/kgh/ws2/install/nav2_controller:/home/kgh/ws2/install/dwb_plugins:/home/kgh/ws2/install/dwb_critics:/home/kgh/ws2/install/dwb_core:/home/kgh/ws2/install/nav_2d_utils:/home/kgh/ws2/install/dwb_msgs:/home/kgh/ws2/install/nav_2d_msgs:/home/kgh/ws2/install/nav2_waypoint_follower:/home/kgh/ws2/install/nav2_regulated_pure_pursuit_controller:/home/kgh/ws2/install/nav2_recoveries:/home/kgh/ws2/install/nav2_planner:/home/kgh/ws2/install/nav2_navfn_planner:/home/kgh/ws2/install/nav2_core:/home/kgh/ws2/install/costmap_queue:/home/kgh/ws2/install/nav2_costmap_2d:/home/kgh/ws2/install/nav2_voxel_grid:/home/kgh/ws2/install/nav2_rviz_plugins:/home/kgh/ws2/install/nav2_map_server:/home/kgh/ws2/install/nav2_lifecycle_manager:/home/kgh/ws2/install/nav2_bt_navigator:/home/kgh/ws2/install/nav2_behavior_tree:/home/kgh/ws2/install/nav2_amcl:/home/kgh/ws2/install/nav2_util:/home/kgh/ws2/install/nav2_msgs:/home/kgh/ws2/install/nav2_common:/home/kgh/ws2/install/bluesea2:/home/kgh/ws2/install/yzbot_description:/home/kgh/ws2/install/yzbot_controller:/home/kgh/ws2/install/nav2_gazebo_spawner:/opt/ros/foxy /usr/bin/cmake --build /home/kgh/ws2/build/yzbot_stm32connect -- -j16 -l16
