[01m[K/home/kgh/ws2/src/navigation2/nav2_amcl/src/pf/pf.c:[m[K In function â€˜[01m[Kpf_update_resample[m[Kâ€™:
[01m[K/home/kgh/ws2/src/navigation2/nav2_amcl/src/pf/pf.c:453:12:[m[K [01;31m[Kerror: [m[Kvariable â€˜[01m[Kkkk[m[Kâ€™ set but not used [[01;31m[K-Werror=unused-but-set-variable[m[K]
  453 |     double [01;31m[Kkkk[m[K = pf->poor_m;
      |            [01;31m[K^~~[m[K
[01m[K/home/kgh/ws2/src/navigation2/nav2_amcl/src/pf/pf.c:452:9:[m[K [01;31m[Kerror: [m[Kvariable â€˜[01m[Kkk[m[Kâ€™ set but not used [[01;31m[K-Werror=unused-but-set-variable[m[K]
  452 |     int [01;31m[Kkk[m[K = 1;
      |         [01;31m[K^~[m[K
[01m[K/home/kgh/ws2/src/navigation2/nav2_amcl/src/pf/pf.c:353:44:[m[K [01;31m[Kerror: [m[Kunused parameter â€˜[01m[Kmap_[m[Kâ€™ [[01;31m[K-Werror=unused-parameter[m[K]
  353 | void pf_update_resample(pf_t * pf, [01;31m[Kmap_t * map_[m[K)
      |                                    [01;31m[K~~~~~~~~^~~~[m[K
cc1: all warnings being treated as errors
make[2]: *** [src/pf/CMakeFiles/pf_lib.dir/build.make:63ï¼šsrc/pf/CMakeFiles/pf_lib.dir/pf.c.o] é”™è¯¯ 1
make[1]: *** [CMakeFiles/Makefile2:278ï¼šsrc/pf/CMakeFiles/pf_lib.dir/all] é”™è¯¯ 2
make: *** [Makefile:141ï¼šall] é”™è¯¯ 2
