[0.107s] Invoking command in '/home/kgh/ws2/build/yzbot_msgs': /usr/bin/cmake --build /home/kgh/ws2/build/yzbot_msgs -- -j16 -l16
[0.139s] -- Found ament_cmake: 0.9.12 (/opt/ros/foxy/share/ament_cmake/cmake)
[0.159s] -- Using PYTHON_EXECUTABLE: /usr/bin/python3
[0.314s] -- Found rosidl_default_generators: 1.0.1 (/opt/ros/foxy/share/rosidl_default_generators/cmake)
[0.323s] -- Using all available rosidl_typesupport_c: rosidl_typesupport_fastrtps_c;rosidl_typesupport_introspection_c
[0.325s] -- Found rosidl_adapter: 1.3.1 (/opt/ros/foxy/share/rosidl_adapter/cmake)
[0.440s] -- Using all available rosidl_typesupport_cpp: rosidl_typesupport_fastrtps_cpp;rosidl_typesupport_introspection_cpp
[0.456s] -- Found ament_lint_auto: 0.9.8 (/opt/ros/foxy/share/ament_lint_auto/cmake)
[0.498s] Error parsing '/home/kgh/ws2/src/yzbot_msgs/package.xml':
[0.589s] Traceback (most recent call last):
[0.589s]   File "/opt/ros/foxy/share/ament_cmake_core/cmake/core/package_xml_2_cmake.py", line 143, in <module>
[0.589s]     main()
[0.589s]   File "/opt/ros/foxy/share/ament_cmake_core/cmake/core/package_xml_2_cmake.py", line 52, in main
[0.589s]     raise e
[0.589s]   File "/opt/ros/foxy/share/ament_cmake_core/cmake/core/package_xml_2_cmake.py", line 48, in main
[0.589s]     package = parse_package_string(
[0.589s]   File "/usr/lib/python3/dist-packages/catkin_pkg/package.py", line 786, in parse_package_string
[0.590s]     raise InvalidPackage('Error(s):%s' % (''.join(['\n- %s' % e for e in errors])), filename)
[0.590s] catkin_pkg.package.InvalidPackage: Error(s) in package '/home/kgh/ws2/src/yzbot_msgs/package.xml':
[0.590s] Error(s):
[0.590s] - The generic dependency on 'rosidl_default_generators' is redundant with: build_depend
[0.590s] - The generic dependency on 'rosidl_default_runtime' is redundant with: exec_depend
[0.606s] CMake Error at /opt/ros/foxy/share/ament_cmake_core/cmake/core/ament_package_xml.cmake:94 (message):
[0.606s]   execute_process(/usr/bin/python3
[0.606s]   /opt/ros/foxy/share/ament_cmake_core/cmake/core/package_xml_2_cmake.py
[0.606s]   /home/kgh/ws2/src/yzbot_msgs/package.xml
[0.606s]   /home/kgh/ws2/build/yzbot_msgs/ament_cmake_core/package.cmake) returned
[0.606s]   error code 1
[0.606s] Call Stack (most recent call first):
[0.606s]   /opt/ros/foxy/share/ament_cmake_core/cmake/core/ament_package_xml.cmake:49 (_ament_package_xml)
[0.607s]   /opt/ros/foxy/share/ament_lint_auto/cmake/ament_lint_auto_find_test_dependencies.cmake:31 (ament_package_xml)
[0.607s]   CMakeLists.txt:31 (ament_lint_auto_find_test_dependencies)
[0.607s] 
[0.607s] 
[0.607s] -- Configuring incomplete, errors occurred!
[0.607s] See also "/home/kgh/ws2/build/yzbot_msgs/CMakeFiles/CMakeOutput.log".
[0.616s] make: *** [Makefile:748：cmake_check_build_system] 错误 1
[0.618s] Invoked command in '/home/kgh/ws2/build/yzbot_msgs' returned '2': /usr/bin/cmake --build /home/kgh/ws2/build/yzbot_msgs -- -j16 -l16
