[0.116s] Invoking command in '/home/kgh/ws2/build/yzbot_stm32connect': CMAKE_PREFIX_PATH=/home/kgh/ws2/install/yzbot_msgs:/home/kgh/ws2/install/yzbot_stm32connect:/home/kgh/ws2/install/yzbot_nav2:/home/kgh/ws2/install/yzbot_cartographer:/home/kgh/ws2/install/nav2_system_tests:/home/kgh/ws2/install/nav2_bringup:/home/kgh/ws2/install/navigation2:/home/kgh/ws2/install/smac_planner:/home/kgh/ws2/install/nav2_dwb_controller:/home/kgh/ws2/install/nav2_controller:/home/kgh/ws2/install/dwb_plugins:/home/kgh/ws2/install/dwb_critics:/home/kgh/ws2/install/dwb_core:/home/kgh/ws2/install/nav_2d_utils:/home/kgh/ws2/install/dwb_msgs:/home/kgh/ws2/install/nav_2d_msgs:/home/kgh/ws2/install/nav2_waypoint_follower:/home/kgh/ws2/install/nav2_regulated_pure_pursuit_controller:/home/kgh/ws2/install/nav2_recoveries:/home/kgh/ws2/install/nav2_planner:/home/kgh/ws2/install/nav2_navfn_planner:/home/kgh/ws2/install/nav2_core:/home/kgh/ws2/install/costmap_queue:/home/kgh/ws2/install/nav2_costmap_2d:/home/kgh/ws2/install/nav2_voxel_grid:/home/kgh/ws2/install/nav2_rviz_plugins:/home/kgh/ws2/install/nav2_map_server:/home/kgh/ws2/install/nav2_lifecycle_manager:/home/kgh/ws2/install/nav2_bt_navigator:/home/kgh/ws2/install/nav2_behavior_tree:/home/kgh/ws2/install/nav2_amcl:/home/kgh/ws2/install/nav2_util:/home/kgh/ws2/install/nav2_msgs:/home/kgh/ws2/install/nav2_common:/home/kgh/ws2/install/bluesea2:/home/kgh/ws2/install/yzbot_description:/home/kgh/ws2/install/yzbot_controller:/home/kgh/ws2/install/nav2_gazebo_spawner:/opt/ros/foxy /usr/bin/cmake --build /home/kgh/ws2/build/yzbot_stm32connect -- -j16 -l16
[0.197s] [ 44%] Built target serial
[0.227s] [35m[1mScanning dependencies of target stm32_connect[0m
[0.262s] [ 66%] [32mBuilding CXX object CMakeFiles/stm32_connect.dir/src/pms.cpp.o[0m
[0.262s] [ 66%] [32mBuilding CXX object CMakeFiles/stm32_connect.dir/src/stm32_connect.cpp.o[0m
[1.305s] In file included from [01m[K/home/kgh/ws2/src/yzbot_stm32connect/src/pms.cpp:1[m[K:
[1.305s] [01m[K/home/kgh/ws2/src/yzbot_stm32connect/include/pms.hpp:16:20:[m[K [01;31m[Kerror: [m[Kexpected ‚Äò[01m[K)[m[K‚Äô before ‚Äò[01m[K*[m[K‚Äô token
[1.305s]    16 |     PMS[34m[K([m[KRobotSerial[01;31m[K [m[K[32m[K*[m[KRobotserial_);
[1.305s]       |        [34m[K~[m[K           [01;31m[K^[m[K[32m[K~[m[K
[1.305s]       |                    [32m[K)[m[K
[1.306s] [01m[K/home/kgh/ws2/src/yzbot_stm32connect/src/pms.cpp:3:1:[m[K [01;31m[Kerror: [m[K‚Äò[01m[KRobotSerial[m[K‚Äô does not name a type
[1.306s]     3 | [01;31m[KRobotSerial[m[K *mRobotSerial;
[1.306s]       | [01;31m[K^~~~~~~~~~~[m[K
[1.306s] [01m[K/home/kgh/ws2/src/yzbot_stm32connect/src/pms.cpp:8:9:[m[K [01;31m[Kerror: [m[Kexpected constructor, destructor, or type conversion before ‚Äò[01m[K([m[K‚Äô token
[1.306s]     8 | PMS::PMS[01;31m[K([m[KRobotSerial *Robotserial_) : Node("pms")
[1.306s]       |         [01;31m[K^[m[K
[1.307s] [01m[K/home/kgh/ws2/src/yzbot_stm32connect/src/pms.cpp:15:10:[m[K [01;31m[Kerror: [m[Kdefinition of implicitly-declared ‚Äò[01m[KPMS::PMS()[m[K‚Äô
[1.307s]    15 | PMS::PMS([01;31m[K)[m[K {}
[1.307s]       |          [01;31m[K^[m[K
[1.581s] make[2]: *** [CMakeFiles/stm32_connect.dir/build.make:102ÔºöCMakeFiles/stm32_connect.dir/src/pms.cpp.o] ÈîôËØØ 1
[1.581s] make[2]: *** Ê≠£Âú®Á≠âÂæÖÊú™ÂÆåÊàêÁöÑ‰ªªÂä°....
[3.126s] make[1]: *** [CMakeFiles/Makefile2:80ÔºöCMakeFiles/stm32_connect.dir/all] ÈîôËØØ 2
[3.126s] make: *** [Makefile:141Ôºöall] ÈîôËØØ 2
[3.128s] Invoked command in '/home/kgh/ws2/build/yzbot_stm32connect' returned '2': CMAKE_PREFIX_PATH=/home/kgh/ws2/install/yzbot_msgs:/home/kgh/ws2/install/yzbot_stm32connect:/home/kgh/ws2/install/yzbot_nav2:/home/kgh/ws2/install/yzbot_cartographer:/home/kgh/ws2/install/nav2_system_tests:/home/kgh/ws2/install/nav2_bringup:/home/kgh/ws2/install/navigation2:/home/kgh/ws2/install/smac_planner:/home/kgh/ws2/install/nav2_dwb_controller:/home/kgh/ws2/install/nav2_controller:/home/kgh/ws2/install/dwb_plugins:/home/kgh/ws2/install/dwb_critics:/home/kgh/ws2/install/dwb_core:/home/kgh/ws2/install/nav_2d_utils:/home/kgh/ws2/install/dwb_msgs:/home/kgh/ws2/install/nav_2d_msgs:/home/kgh/ws2/install/nav2_waypoint_follower:/home/kgh/ws2/install/nav2_regulated_pure_pursuit_controller:/home/kgh/ws2/install/nav2_recoveries:/home/kgh/ws2/install/nav2_planner:/home/kgh/ws2/install/nav2_navfn_planner:/home/kgh/ws2/install/nav2_core:/home/kgh/ws2/install/costmap_queue:/home/kgh/ws2/install/nav2_costmap_2d:/home/kgh/ws2/install/nav2_voxel_grid:/home/kgh/ws2/install/nav2_rviz_plugins:/home/kgh/ws2/install/nav2_map_server:/home/kgh/ws2/install/nav2_lifecycle_manager:/home/kgh/ws2/install/nav2_bt_navigator:/home/kgh/ws2/install/nav2_behavior_tree:/home/kgh/ws2/install/nav2_amcl:/home/kgh/ws2/install/nav2_util:/home/kgh/ws2/install/nav2_msgs:/home/kgh/ws2/install/nav2_common:/home/kgh/ws2/install/bluesea2:/home/kgh/ws2/install/yzbot_description:/home/kgh/ws2/install/yzbot_controller:/home/kgh/ws2/install/nav2_gazebo_spawner:/opt/ros/foxy /usr/bin/cmake --build /home/kgh/ws2/build/yzbot_stm32connect -- -j16 -l16
