[01m[K/home/kgh/ws2/src/navigation2/nav2_amcl/src/pf/pf.c:[m[K In function â€˜[01m[Kpf_update_resample[m[Kâ€™:
[01m[K/home/kgh/ws2/src/navigation2/nav2_amcl/src/pf/pf.c:425:3:[m[K [01;31m[Kerror: [m[Kâ€˜[01m[Klost_w_new[m[Kâ€™ undeclared (first use in this function)
  425 |   [01;31m[Klost_w_new[m[K = pf->lost_w;
      |   [01;31m[K^~~~~~~~~~[m[K
[01m[K/home/kgh/ws2/src/navigation2/nav2_amcl/src/pf/pf.c:425:3:[m[K [01;36m[Knote: [m[Keach undeclared identifier is reported only once for each function it appears in
[01m[K/home/kgh/ws2/src/navigation2/nav2_amcl/src/pf/pf.c:426:3:[m[K [01;31m[Kerror: [m[Kâ€˜[01m[Kpoor_w_new[m[Kâ€™ undeclared (first use in this function)
  426 |   [01;31m[Kpoor_w_new[m[K = pf->poor_w;
      |   [01;31m[K^~~~~~~~~~[m[K
[01m[K/home/kgh/ws2/src/navigation2/nav2_amcl/src/pf/pf.c:506:11:[m[K [01;31m[Kerror: [m[Kunused variable â€˜[01m[Kvdxy[m[Kâ€™ [[01;31m[K-Werror=unused-variable[m[K]
  506 |       int [01;31m[Kvdxy[m[K = valid_map_xy(map_, rx, ry);
      |           [01;31m[K^~~~[m[K
[01m[K/home/kgh/ws2/src/navigation2/nav2_amcl/src/pf/pf.c:487:11:[m[K [01;31m[Kerror: [m[Kvariable â€˜[01m[Ksucc[m[Kâ€™ set but not used [[01;31m[K-Werror=unused-but-set-variable[m[K]
  487 |       int [01;31m[Ksucc[m[K = 0;
      |           [01;31m[K^~~~[m[K
cc1: all warnings being treated as errors
make[2]: *** [src/pf/CMakeFiles/pf_lib.dir/build.make:63ï¼šsrc/pf/CMakeFiles/pf_lib.dir/pf.c.o] é”™è¯¯ 1
make[1]: *** [CMakeFiles/Makefile2:278ï¼šsrc/pf/CMakeFiles/pf_lib.dir/all] é”™è¯¯ 2
make: *** [Makefile:141ï¼šall] é”™è¯¯ 2
