[ 44%] Built target serial
[35m[1mScanning dependencies of target stm32_connect[0m
[ 66%] [32mBuilding CXX object CMakeFiles/stm32_connect.dir/src/pms.cpp.o[0m
[ 66%] [32mBuilding CXX object CMakeFiles/stm32_connect.dir/src/stm32_connect.cpp.o[0m
[01m[K/home/kgh/ws2/src/yzbot_stm32connect/src/pms.cpp:[m[K In function â€˜[01m[Kint Query_Pms_All()[m[Kâ€™:
[01m[K/home/kgh/ws2/src/yzbot_stm32connect/src/pms.cpp:29:19:[m[K [01;31m[Kerror: [m[Kâ€˜[01m[KmRobot_Serial[m[Kâ€™ was not declared in this scope; did you mean â€˜[01m[KRobotSerial[m[Kâ€™?
   29 |     int get_pms = [01;31m[KmRobot_Serial[m[K->Get_Pms(charging_flag, battery_level);
      |                   [01;31m[K^~~~~~~~~~~~~[m[K
      |                   [32m[KRobotSerial[m[K
[01m[K/home/kgh/ws2/src/yzbot_stm32connect/src/pms.cpp:29:42:[m[K [01;31m[Kerror: [m[Kâ€˜[01m[Kcharging_flag[m[Kâ€™ was not declared in this scope
   29 |     int get_pms = mRobot_Serial->Get_Pms([01;31m[Kcharging_flag[m[K, battery_level);
      |                                          [01;31m[K^~~~~~~~~~~~~[m[K
[01m[K/home/kgh/ws2/src/yzbot_stm32connect/src/pms.cpp:29:57:[m[K [01;31m[Kerror: [m[Kâ€˜[01m[Kbattery_level[m[Kâ€™ was not declared in this scope
   29 |     int get_pms = mRobot_Serial->Get_Pms(charging_flag, [01;31m[Kbattery_level[m[K);
      |                                                         [01;31m[K^~~~~~~~~~~~~[m[K
[01m[K/home/kgh/ws2/src/yzbot_stm32connect/src/pms.cpp:30:8:[m[K [01;31m[Kerror: [m[Kâ€˜[01m[Kback_[m[Kâ€™ was not declared in this scope
   30 |     if([01;31m[Kback_[m[K != 0) return -1;
      |        [01;31m[K^~~~~[m[K
[01m[K/home/kgh/ws2/src/yzbot_stm32connect/src/pms.cpp:32:22:[m[K [01;31m[Kerror: [m[Kâ€˜[01m[KPMSGetStatus[m[Kâ€™ is not a member of â€˜[01m[Kyzbot_msgs::msg[m[Kâ€™
   32 |     yzbot_msgs::msg::[01;31m[KPMSGetStatus[m[K pms_msg;
      |                      [01;31m[K^~~~~~~~~~~~[m[K
[01m[K/home/kgh/ws2/src/yzbot_stm32connect/src/pms.cpp:33:5:[m[K [01;31m[Kerror: [m[Kâ€˜[01m[Kpms_msg[m[Kâ€™ was not declared in this scope
   33 |     [01;31m[Kpms_msg[m[K.pms_charging_flag = charging_flag;
      |     [01;31m[K^~~~~~~[m[K
[01m[K/home/kgh/ws2/src/yzbot_stm32connect/src/pms.cpp:36:5:[m[K [01;31m[Kerror: [m[Kâ€˜[01m[Kpms_battery_status_publisher_[m[Kâ€™ was not declared in this scope
   36 |     [01;31m[Kpms_battery_status_publisher_[m[K->publish(pms_msg);
      |     [01;31m[K^~~~~~~~~~~~~~~~~~~~~~~~~~~~~[m[K
[01m[K/home/kgh/ws2/src/yzbot_stm32connect/src/pms.cpp:29:9:[m[K [01;35m[Kwarning: [m[Kunused variable â€˜[01m[Kget_pms[m[Kâ€™ [[01;35m[K-Wunused-variable[m[K]
   29 |     int [01;35m[Kget_pms[m[K = mRobot_Serial->Get_Pms(charging_flag, battery_level);
      |         [01;35m[K^~~~~~~[m[K
make[2]: *** [CMakeFiles/stm32_connect.dir/build.make:102ï¼šCMakeFiles/stm32_connect.dir/src/pms.cpp.o] é”™è¯¯ 1
make[1]: *** [CMakeFiles/Makefile2:80ï¼šCMakeFiles/stm32_connect.dir/all] é”™è¯¯ 2
make: *** [Makefile:141ï¼šall] é”™è¯¯ 2
