[0.110s] Invoking command in '/home/kgh/ws2/build/yzbot_stm32connect': CMAKE_PREFIX_PATH=/home/kgh/ws2/install/yzbot_msgs:/home/kgh/ws2/install/yzbot_stm32connect:/home/kgh/ws2/install/yzbot_nav2:/home/kgh/ws2/install/yzbot_cartographer:/home/kgh/ws2/install/nav2_system_tests:/home/kgh/ws2/install/nav2_bringup:/home/kgh/ws2/install/navigation2:/home/kgh/ws2/install/smac_planner:/home/kgh/ws2/install/nav2_dwb_controller:/home/kgh/ws2/install/nav2_controller:/home/kgh/ws2/install/dwb_plugins:/home/kgh/ws2/install/dwb_critics:/home/kgh/ws2/install/dwb_core:/home/kgh/ws2/install/nav_2d_utils:/home/kgh/ws2/install/dwb_msgs:/home/kgh/ws2/install/nav_2d_msgs:/home/kgh/ws2/install/nav2_waypoint_follower:/home/kgh/ws2/install/nav2_regulated_pure_pursuit_controller:/home/kgh/ws2/install/nav2_recoveries:/home/kgh/ws2/install/nav2_planner:/home/kgh/ws2/install/nav2_navfn_planner:/home/kgh/ws2/install/nav2_core:/home/kgh/ws2/install/costmap_queue:/home/kgh/ws2/install/nav2_costmap_2d:/home/kgh/ws2/install/nav2_voxel_grid:/home/kgh/ws2/install/nav2_rviz_plugins:/home/kgh/ws2/install/nav2_map_server:/home/kgh/ws2/install/nav2_lifecycle_manager:/home/kgh/ws2/install/nav2_bt_navigator:/home/kgh/ws2/install/nav2_behavior_tree:/home/kgh/ws2/install/nav2_amcl:/home/kgh/ws2/install/nav2_util:/home/kgh/ws2/install/nav2_msgs:/home/kgh/ws2/install/nav2_common:/home/kgh/ws2/install/bluesea2:/home/kgh/ws2/install/yzbot_description:/home/kgh/ws2/install/yzbot_controller:/home/kgh/ws2/install/nav2_gazebo_spawner:/opt/ros/foxy /usr/bin/cmake --build /home/kgh/ws2/build/yzbot_stm32connect -- -j16 -l16
[0.171s] [ 44%] Built target serial
[0.187s] [35m[1mScanning dependencies of target stm32_connect[0m
[0.225s] [ 66%] [32mBuilding CXX object CMakeFiles/stm32_connect.dir/src/pms.cpp.o[0m
[0.225s] [ 66%] [32mBuilding CXX object CMakeFiles/stm32_connect.dir/src/stm32_connect.cpp.o[0m
[2.139s] [01m[K/home/kgh/ws2/src/yzbot_stm32connect/src/pms.cpp:[m[K In function â€˜[01m[Kint Query_Pms_All()[m[Kâ€™:
[2.139s] [01m[K/home/kgh/ws2/src/yzbot_stm32connect/src/pms.cpp:29:19:[m[K [01;31m[Kerror: [m[Kâ€˜[01m[KmRobot_Serial[m[Kâ€™ was not declared in this scope; did you mean â€˜[01m[KRobotSerial[m[Kâ€™?
[2.139s]    29 |     int get_pms = [01;31m[KmRobot_Serial[m[K->Get_Pms(charging_flag, battery_level);
[2.139s]       |                   [01;31m[K^~~~~~~~~~~~~[m[K
[2.139s]       |                   [32m[KRobotSerial[m[K
[2.141s] [01m[K/home/kgh/ws2/src/yzbot_stm32connect/src/pms.cpp:29:42:[m[K [01;31m[Kerror: [m[Kâ€˜[01m[Kcharging_flag[m[Kâ€™ was not declared in this scope
[2.141s]    29 |     int get_pms = mRobot_Serial->Get_Pms([01;31m[Kcharging_flag[m[K, battery_level);
[2.141s]       |                                          [01;31m[K^~~~~~~~~~~~~[m[K
[2.144s] [01m[K/home/kgh/ws2/src/yzbot_stm32connect/src/pms.cpp:29:57:[m[K [01;31m[Kerror: [m[Kâ€˜[01m[Kbattery_level[m[Kâ€™ was not declared in this scope
[2.144s]    29 |     int get_pms = mRobot_Serial->Get_Pms(charging_flag, [01;31m[Kbattery_level[m[K);
[2.144s]       |                                                         [01;31m[K^~~~~~~~~~~~~[m[K
[2.146s] [01m[K/home/kgh/ws2/src/yzbot_stm32connect/src/pms.cpp:30:8:[m[K [01;31m[Kerror: [m[Kâ€˜[01m[Kback_[m[Kâ€™ was not declared in this scope
[2.146s]    30 |     if([01;31m[Kback_[m[K != 0) return -1;
[2.146s]       |        [01;31m[K^~~~~[m[K
[2.146s] [01m[K/home/kgh/ws2/src/yzbot_stm32connect/src/pms.cpp:32:22:[m[K [01;31m[Kerror: [m[Kâ€˜[01m[KPMSGetStatus[m[Kâ€™ is not a member of â€˜[01m[Kyzbot_msgs::msg[m[Kâ€™
[2.146s]    32 |     yzbot_msgs::msg::[01;31m[KPMSGetStatus[m[K pms_msg;
[2.146s]       |                      [01;31m[K^~~~~~~~~~~~[m[K
[2.147s] [01m[K/home/kgh/ws2/src/yzbot_stm32connect/src/pms.cpp:33:5:[m[K [01;31m[Kerror: [m[Kâ€˜[01m[Kpms_msg[m[Kâ€™ was not declared in this scope
[2.147s]    33 |     [01;31m[Kpms_msg[m[K.pms_charging_flag = charging_flag;
[2.147s]       |     [01;31m[K^~~~~~~[m[K
[2.154s] [01m[K/home/kgh/ws2/src/yzbot_stm32connect/src/pms.cpp:36:5:[m[K [01;31m[Kerror: [m[Kâ€˜[01m[Kpms_battery_status_publisher_[m[Kâ€™ was not declared in this scope
[2.154s]    36 |     [01;31m[Kpms_battery_status_publisher_[m[K->publish(pms_msg);
[2.155s]       |     [01;31m[K^~~~~~~~~~~~~~~~~~~~~~~~~~~~~[m[K
[2.155s] [01m[K/home/kgh/ws2/src/yzbot_stm32connect/src/pms.cpp:29:9:[m[K [01;35m[Kwarning: [m[Kunused variable â€˜[01m[Kget_pms[m[Kâ€™ [[01;35m[K-Wunused-variable[m[K]
[2.155s]    29 |     int [01;35m[Kget_pms[m[K = mRobot_Serial->Get_Pms(charging_flag, battery_level);
[2.155s]       |         [01;35m[K^~~~~~~[m[K
[3.614s] make[2]: *** [CMakeFiles/stm32_connect.dir/build.make:102ï¼šCMakeFiles/stm32_connect.dir/src/pms.cpp.o] é”™è¯¯ 1
[3.614s] make[1]: *** [CMakeFiles/Makefile2:80ï¼šCMakeFiles/stm32_connect.dir/all] é”™è¯¯ 2
[3.614s] make: *** [Makefile:141ï¼šall] é”™è¯¯ 2
[3.616s] Invoked command in '/home/kgh/ws2/build/yzbot_stm32connect' returned '2': CMAKE_PREFIX_PATH=/home/kgh/ws2/install/yzbot_msgs:/home/kgh/ws2/install/yzbot_stm32connect:/home/kgh/ws2/install/yzbot_nav2:/home/kgh/ws2/install/yzbot_cartographer:/home/kgh/ws2/install/nav2_system_tests:/home/kgh/ws2/install/nav2_bringup:/home/kgh/ws2/install/navigation2:/home/kgh/ws2/install/smac_planner:/home/kgh/ws2/install/nav2_dwb_controller:/home/kgh/ws2/install/nav2_controller:/home/kgh/ws2/install/dwb_plugins:/home/kgh/ws2/install/dwb_critics:/home/kgh/ws2/install/dwb_core:/home/kgh/ws2/install/nav_2d_utils:/home/kgh/ws2/install/dwb_msgs:/home/kgh/ws2/install/nav_2d_msgs:/home/kgh/ws2/install/nav2_waypoint_follower:/home/kgh/ws2/install/nav2_regulated_pure_pursuit_controller:/home/kgh/ws2/install/nav2_recoveries:/home/kgh/ws2/install/nav2_planner:/home/kgh/ws2/install/nav2_navfn_planner:/home/kgh/ws2/install/nav2_core:/home/kgh/ws2/install/costmap_queue:/home/kgh/ws2/install/nav2_costmap_2d:/home/kgh/ws2/install/nav2_voxel_grid:/home/kgh/ws2/install/nav2_rviz_plugins:/home/kgh/ws2/install/nav2_map_server:/home/kgh/ws2/install/nav2_lifecycle_manager:/home/kgh/ws2/install/nav2_bt_navigator:/home/kgh/ws2/install/nav2_behavior_tree:/home/kgh/ws2/install/nav2_amcl:/home/kgh/ws2/install/nav2_util:/home/kgh/ws2/install/nav2_msgs:/home/kgh/ws2/install/nav2_common:/home/kgh/ws2/install/bluesea2:/home/kgh/ws2/install/yzbot_description:/home/kgh/ws2/install/yzbot_controller:/home/kgh/ws2/install/nav2_gazebo_spawner:/opt/ros/foxy /usr/bin/cmake --build /home/kgh/ws2/build/yzbot_stm32connect -- -j16 -l16
