[0.114s] Invoking command in '/home/kgh/ws2/build/yzbot_stm32connect': CMAKE_PREFIX_PATH=/home/kgh/ws2/install/yzbot_msgs:/home/kgh/ws2/install/yzbot_stm32connect:/home/kgh/ws2/install/yzbot_nav2:/home/kgh/ws2/install/yzbot_cartographer:/home/kgh/ws2/install/nav2_system_tests:/home/kgh/ws2/install/nav2_bringup:/home/kgh/ws2/install/navigation2:/home/kgh/ws2/install/smac_planner:/home/kgh/ws2/install/nav2_dwb_controller:/home/kgh/ws2/install/nav2_controller:/home/kgh/ws2/install/dwb_plugins:/home/kgh/ws2/install/dwb_critics:/home/kgh/ws2/install/dwb_core:/home/kgh/ws2/install/nav_2d_utils:/home/kgh/ws2/install/dwb_msgs:/home/kgh/ws2/install/nav_2d_msgs:/home/kgh/ws2/install/nav2_waypoint_follower:/home/kgh/ws2/install/nav2_regulated_pure_pursuit_controller:/home/kgh/ws2/install/nav2_recoveries:/home/kgh/ws2/install/nav2_planner:/home/kgh/ws2/install/nav2_navfn_planner:/home/kgh/ws2/install/nav2_core:/home/kgh/ws2/install/costmap_queue:/home/kgh/ws2/install/nav2_costmap_2d:/home/kgh/ws2/install/nav2_voxel_grid:/home/kgh/ws2/install/nav2_rviz_plugins:/home/kgh/ws2/install/nav2_map_server:/home/kgh/ws2/install/nav2_lifecycle_manager:/home/kgh/ws2/install/nav2_bt_navigator:/home/kgh/ws2/install/nav2_behavior_tree:/home/kgh/ws2/install/nav2_amcl:/home/kgh/ws2/install/nav2_util:/home/kgh/ws2/install/nav2_msgs:/home/kgh/ws2/install/nav2_common:/home/kgh/ws2/install/bluesea2:/home/kgh/ws2/install/yzbot_description:/home/kgh/ws2/install/yzbot_controller:/home/kgh/ws2/install/nav2_gazebo_spawner:/opt/ros/foxy /usr/bin/cmake --build /home/kgh/ws2/build/yzbot_stm32connect -- -j16 -l16
[0.148s] -- Found ament_cmake: 0.9.12 (/opt/ros/foxy/share/ament_cmake/cmake)
[0.170s] -- Using PYTHON_EXECUTABLE: /usr/bin/python3
[0.301s] -- Found rclcpp: 2.4.3 (/opt/ros/foxy/share/rclcpp/cmake)
[0.327s] -- Using all available rosidl_typesupport_c: rosidl_typesupport_fastrtps_c;rosidl_typesupport_introspection_c
[0.329s] -- Found rosidl_adapter: 1.3.1 (/opt/ros/foxy/share/rosidl_adapter/cmake)
[0.422s] -- Using all available rosidl_typesupport_cpp: rosidl_typesupport_fastrtps_cpp;rosidl_typesupport_introspection_cpp
[0.459s] -- Found rmw_implementation_cmake: 1.0.4 (/opt/ros/foxy/share/rmw_implementation_cmake/cmake)
[0.461s] -- Using RMW implementation 'rmw_fastrtps_cpp' as default
[0.559s] -- Found yzbot_msgs: 0.0.0 (/home/kgh/ws2/install/yzbot_msgs/share/yzbot_msgs/cmake)
[0.563s] -- Found nav_msgs: 2.0.5 (/opt/ros/foxy/share/nav_msgs/cmake)
[0.642s] -- Found tf2_msgs: 0.13.14 (/opt/ros/foxy/share/tf2_msgs/cmake)
[0.769s] -- Found tf2_ros: 0.13.14 (/opt/ros/foxy/share/tf2_ros/cmake)
[0.870s] -- Found ament_lint_auto: 0.9.8 (/opt/ros/foxy/share/ament_lint_auto/cmake)
[0.920s] -- Added test 'copyright' to check source files copyright and LICENSE
[0.921s] -- Added test 'cppcheck' to perform static code analysis on C / C++ code
[0.921s] -- Configured cppcheck include dirs: /home/kgh/ws2/src/yzbot_stm32connect/include;$<BUILD_INTERFACE:/home/kgh/ws2/src/yzbot_stm32connect/include>
[0.921s] -- Configured cppcheck exclude dirs and/or files: 
[0.922s] -- Added test 'cpplint' to check C / C++ code against the Google style
[0.922s] -- Configured cpplint exclude dirs and/or files: 
[0.923s] -- Added test 'lint_cmake' to check CMake code style
[0.923s] -- Added test 'uncrustify' to check C / C++ code style
[0.924s] -- Configured uncrustify additional arguments: 
[0.924s] -- Added test 'xmllint' to check XML markup files
[0.926s] -- Configuring done
[0.935s] -- Generating done
[0.937s] -- Build files have been written to: /home/kgh/ws2/build/yzbot_stm32connect
[0.990s] [ 40%] Built target serial
[1.017s] [35m[1mScanning dependencies of target stm32_connect[0m
[1.065s] [ 80%] [32mBuilding CXX object CMakeFiles/stm32_connect.dir/src/plc.cpp.o[0m
[1.065s] [ 80%] [32mBuilding CXX object CMakeFiles/stm32_connect.dir/src/pms.cpp.o[0m
[1.065s] [ 80%] [32mBuilding CXX object CMakeFiles/stm32_connect.dir/src/psc.cpp.o[0m
[1.065s] [ 80%] [32mBuilding CXX object CMakeFiles/stm32_connect.dir/src/stm32_connect.cpp.o[0m
[3.117s] [01m[K/home/kgh/ws2/src/yzbot_stm32connect/src/psc.cpp:[m[K In member function ‚Äò[01m[Kint PSC::query_obs_state()[m[K‚Äô:
[3.117s] [01m[K/home/kgh/ws2/src/yzbot_stm32connect/src/psc.cpp:28:31:[m[K [01;31m[Kerror: [m[K‚Äò[01m[Kclass RobotSerial[m[K‚Äô has no member named ‚Äò[01m[Kget_ultrasound_result[m[K‚Äô; did you mean ‚Äò[01m[KgetUltrasoundResult[m[K‚Äô?
[3.117s]    28 |     obs_state = mRobotSerial->[01;31m[Kget_ultrasound_result[m[K(psc_obs_status.cs, psc_obs_status.fz);
[3.117s]       |                               [01;31m[K^~~~~~~~~~~~~~~~~~~~~[m[K
[3.117s]       |                               [32m[KgetUltrasoundResult[m[K
[3.118s] [01m[K/home/kgh/ws2/src/yzbot_stm32connect/src/psc.cpp:30:22:[m[K [01;31m[Kerror: [m[K‚Äò[01m[KUltrasoundResult[m[K‚Äô is not a member of ‚Äò[01m[Kyzbot_msgs::msg[m[K‚Äô
[3.118s]    30 |     yzbot_msgs::msg::[01;31m[KUltrasoundResult[m[K psc_obs_msg;
[3.118s]       |                      [01;31m[K^~~~~~~~~~~~~~~~[m[K
[3.122s] [01m[K/home/kgh/ws2/src/yzbot_stm32connect/src/psc.cpp:31:5:[m[K [01;31m[Kerror: [m[K‚Äò[01m[Kpsc_obs_msg[m[K‚Äô was not declared in this scope
[3.122s]    31 |     [01;31m[Kpsc_obs_msg[m[K.cs_obs = psc_obs_status.cs;
[3.122s]       |     [01;31m[K^~~~~~~~~~~[m[K
[3.125s] [01m[K/home/kgh/ws2/src/yzbot_stm32connect/src/psc.cpp:33:5:[m[K [01;31m[Kerror: [m[K‚Äò[01m[Kobs_publisher_[m[K‚Äô was not declared in this scope; did you mean ‚Äò[01m[Krcl_publisher_t[m[K‚Äô?
[3.125s]    33 |     [01;31m[Kobs_publisher_[m[K->publish(psc_obs_msg);
[3.125s]       |     [01;31m[K^~~~~~~~~~~~~~[m[K
[3.125s]       |     [32m[Krcl_publisher_t[m[K
[3.313s] [01m[K/home/kgh/ws2/src/yzbot_stm32connect/src/plc.cpp:[m[K In member function ‚Äò[01m[Kint PLC::pub_odom(short int, short int, short int, short int, float, float, float, float)[m[K‚Äô:
[3.313s] [01m[K/home/kgh/ws2/src/yzbot_stm32connect/src/plc.cpp:62:29:[m[K [01;35m[Kwarning: [m[Kunused parameter ‚Äò[01m[Kvx[m[K‚Äô [[01;35m[K-Wunused-parameter[m[K]
[3.313s]    62 | int PLC::pub_odom([01;35m[Kshort int vx[m[K, short int vy, short int t1, short int t2, float angle_v, float angle, float n_vx, float n_vth)
[3.313s]       |                   [01;35m[K~~~~~~~~~~^~[m[K
[3.313s] [01m[K/home/kgh/ws2/src/yzbot_stm32connect/src/plc.cpp:62:43:[m[K [01;35m[Kwarning: [m[Kunused parameter ‚Äò[01m[Kvy[m[K‚Äô [[01;35m[K-Wunused-parameter[m[K]
[3.313s]    62 | int PLC::pub_odom(short int vx, [01;35m[Kshort int vy[m[K, short int t1, short int t2, float angle_v, float angle, float n_vx, float n_vth)
[3.313s]       |                                 [01;35m[K~~~~~~~~~~^~[m[K
[3.313s] [01m[K/home/kgh/ws2/src/yzbot_stm32connect/src/plc.cpp:62:81:[m[K [01;35m[Kwarning: [m[Kunused parameter ‚Äò[01m[Kangle_v[m[K‚Äô [[01;35m[K-Wunused-parameter[m[K]
[3.314s]    62 | int PLC::pub_odom(short int vx, short int vy, short int t1, short int t2, [01;35m[Kfloat angle_v[m[K, float angle, float n_vx, float n_vth)
[3.314s]       |                                                                           [01;35m[K~~~~~~^~~~~~~[m[K
[3.314s] [01m[K/home/kgh/ws2/src/yzbot_stm32connect/src/plc.cpp:62:109:[m[K [01;35m[Kwarning: [m[Kunused parameter ‚Äò[01m[Kn_vx[m[K‚Äô [[01;35m[K-Wunused-parameter[m[K]
[3.314s]    62 | int PLC::pub_odom(short int vx, short int vy, short int t1, short int t2, float angle_v, float angle, [01;35m[Kfloat n_vx[m[K, float n_vth)
[3.314s]       |                                                                                                       [01;35m[K~~~~~~^~~~[m[K
[3.314s] [01m[K/home/kgh/ws2/src/yzbot_stm32connect/src/plc.cpp:62:121:[m[K [01;35m[Kwarning: [m[Kunused parameter ‚Äò[01m[Kn_vth[m[K‚Äô [[01;35m[K-Wunused-parameter[m[K]
[3.314s]    62 | int PLC::pub_odom(short int vx, short int vy, short int t1, short int t2, float angle_v, float angle, float n_vx, [01;35m[Kfloat n_vth[m[K)
[3.314s]       |                                                                                                                   [01;35m[K~~~~~~^~~~~[m[K
[3.319s] [01m[K/home/kgh/ws2/src/yzbot_stm32connect/src/plc.cpp:[m[K In member function ‚Äò[01m[Kvoid PLC::pub_robot_pose(int, int, double, double)[m[K‚Äô:
[3.319s] [01m[K/home/kgh/ws2/src/yzbot_stm32connect/src/plc.cpp:171:18:[m[K [01;35m[Kwarning: [m[Kunused variable ‚Äò[01m[Ktrueth_angle[m[K‚Äô [[01;35m[K-Wunused-variable[m[K]
[3.319s]   171 |     static float [01;35m[Ktrueth_angle[m[K = 0;
[3.319s]       |                  [01;35m[K^~~~~~~~~~~~[m[K
[3.319s] [01m[K/home/kgh/ws2/src/yzbot_stm32connect/src/plc.cpp:175:12:[m[K [01;35m[Kwarning: [m[Kunused variable ‚Äò[01m[Kdt[m[K‚Äô [[01;35m[K-Wunused-variable[m[K]
[3.319s]   175 |     double [01;35m[Kdt[m[K = (current_time - robot_pose_lasttime).seconds();
[3.319s]       |            [01;35m[K^~[m[K
[3.320s] [01m[K/home/kgh/ws2/src/yzbot_stm32connect/src/plc.cpp:181:12:[m[K [01;35m[Kwarning: [m[Kunused variable ‚Äò[01m[Ksin_y[m[K‚Äô [[01;35m[K-Wunused-variable[m[K]
[3.320s]   181 |     double [01;35m[Ksin_y[m[K = sin(my_robot_pose.robot_yaw + dt_th/2.0);
[3.320s]       |            [01;35m[K^~~~~[m[K
[3.320s] [01m[K/home/kgh/ws2/src/yzbot_stm32connect/src/plc.cpp:168:74:[m[K [01;35m[Kwarning: [m[Kunused parameter ‚Äò[01m[Kangle_l[m[K‚Äô [[01;35m[K-Wunused-parameter[m[K]
[3.320s]   168 | void PLC::pub_robot_pose(int left_t, int right_t, double angle_t, [01;35m[Kdouble angle_l[m[K)
[3.320s]       |                                                                   [01;35m[K~~~~~~~^~~~~~~[m[K
[3.320s] [01m[K/home/kgh/ws2/src/yzbot_stm32connect/src/plc.cpp:[m[K In member function ‚Äò[01m[Kvoid PLC::plc_timer_deal_odom()[m[K‚Äô:
[3.320s] [01m[K/home/kgh/ws2/src/yzbot_stm32connect/src/plc.cpp:245:7:[m[K [01;35m[Kwarning: [m[Kunused variable ‚Äò[01m[Kget_odom[m[K‚Äô [[01;35m[K-Wunused-variable[m[K]
[3.320s]   245 |   int [01;35m[Kget_odom[m[K = mRobotSerial->getOdom(frameIndex, t1, t2, dbTh, dbTh_l, dbVth, fmq_status_flag, vx, vth);
[3.320s]       |       [01;35m[K^~~~~~~~[m[K
[3.320s] [01m[K/home/kgh/ws2/src/yzbot_stm32connect/src/plc.cpp:[m[K In member function ‚Äò[01m[Kvoid PLC::get_auto_speed()[m[K‚Äô:
[3.320s] [01m[K/home/kgh/ws2/src/yzbot_stm32connect/src/plc.cpp:254:7:[m[K [01;35m[Kwarning: [m[Kunused variable ‚Äò[01m[Kautospeed[m[K‚Äô [[01;35m[K-Wunused-variable[m[K]
[3.320s]   254 |   int [01;35m[Kautospeed[m[K = mRobotSerial->getAutoSpeed();
[3.320s]       |       [01;35m[K^~~~~~~~~[m[K
[3.898s] make[2]: *** [CMakeFiles/stm32_connect.dir/build.make:115ÔºöCMakeFiles/stm32_connect.dir/src/psc.cpp.o] ÈîôËØØ 1
[3.898s] make[2]: *** Ê≠£Âú®Á≠âÂæÖÊú™ÂÆåÊàêÁöÑ‰ªªÂä°....
[5.717s] [01m[K/home/kgh/ws2/src/yzbot_stm32connect/src/plc.cpp:[m[K At global scope:
[5.717s] [01m[K/home/kgh/ws2/src/yzbot_stm32connect/src/plc.cpp:171:18:[m[K [01;35m[Kwarning: [m[K‚Äò[01m[Ktrueth_angle[m[K‚Äô defined but not used [[01;35m[K-Wunused-variable[m[K]
[5.718s]   171 |     static float [01;35m[Ktrueth_angle[m[K = 0;
[5.718s]       |                  [01;35m[K^~~~~~~~~~~~[m[K
[8.660s] make[1]: *** [CMakeFiles/Makefile2:80ÔºöCMakeFiles/stm32_connect.dir/all] ÈîôËØØ 2
[8.660s] make: *** [Makefile:141Ôºöall] ÈîôËØØ 2
[8.664s] Invoked command in '/home/kgh/ws2/build/yzbot_stm32connect' returned '2': CMAKE_PREFIX_PATH=/home/kgh/ws2/install/yzbot_msgs:/home/kgh/ws2/install/yzbot_stm32connect:/home/kgh/ws2/install/yzbot_nav2:/home/kgh/ws2/install/yzbot_cartographer:/home/kgh/ws2/install/nav2_system_tests:/home/kgh/ws2/install/nav2_bringup:/home/kgh/ws2/install/navigation2:/home/kgh/ws2/install/smac_planner:/home/kgh/ws2/install/nav2_dwb_controller:/home/kgh/ws2/install/nav2_controller:/home/kgh/ws2/install/dwb_plugins:/home/kgh/ws2/install/dwb_critics:/home/kgh/ws2/install/dwb_core:/home/kgh/ws2/install/nav_2d_utils:/home/kgh/ws2/install/dwb_msgs:/home/kgh/ws2/install/nav_2d_msgs:/home/kgh/ws2/install/nav2_waypoint_follower:/home/kgh/ws2/install/nav2_regulated_pure_pursuit_controller:/home/kgh/ws2/install/nav2_recoveries:/home/kgh/ws2/install/nav2_planner:/home/kgh/ws2/install/nav2_navfn_planner:/home/kgh/ws2/install/nav2_core:/home/kgh/ws2/install/costmap_queue:/home/kgh/ws2/install/nav2_costmap_2d:/home/kgh/ws2/install/nav2_voxel_grid:/home/kgh/ws2/install/nav2_rviz_plugins:/home/kgh/ws2/install/nav2_map_server:/home/kgh/ws2/install/nav2_lifecycle_manager:/home/kgh/ws2/install/nav2_bt_navigator:/home/kgh/ws2/install/nav2_behavior_tree:/home/kgh/ws2/install/nav2_amcl:/home/kgh/ws2/install/nav2_util:/home/kgh/ws2/install/nav2_msgs:/home/kgh/ws2/install/nav2_common:/home/kgh/ws2/install/bluesea2:/home/kgh/ws2/install/yzbot_description:/home/kgh/ws2/install/yzbot_controller:/home/kgh/ws2/install/nav2_gazebo_spawner:/opt/ros/foxy /usr/bin/cmake --build /home/kgh/ws2/build/yzbot_stm32connect -- -j16 -l16
