[0.117s] Invoking command in '/home/kgh/ws2/build/yzbot_stm32connect': CMAKE_PREFIX_PATH=/home/kgh/ws2/install/yzbot_msgs:/home/kgh/ws2/install/yzbot_stm32connect:/home/kgh/ws2/install/yzbot_nav2:/home/kgh/ws2/install/yzbot_cartographer:/home/kgh/ws2/install/nav2_system_tests:/home/kgh/ws2/install/nav2_bringup:/home/kgh/ws2/install/navigation2:/home/kgh/ws2/install/smac_planner:/home/kgh/ws2/install/nav2_dwb_controller:/home/kgh/ws2/install/nav2_controller:/home/kgh/ws2/install/dwb_plugins:/home/kgh/ws2/install/dwb_critics:/home/kgh/ws2/install/dwb_core:/home/kgh/ws2/install/nav_2d_utils:/home/kgh/ws2/install/dwb_msgs:/home/kgh/ws2/install/nav_2d_msgs:/home/kgh/ws2/install/nav2_waypoint_follower:/home/kgh/ws2/install/nav2_regulated_pure_pursuit_controller:/home/kgh/ws2/install/nav2_recoveries:/home/kgh/ws2/install/nav2_planner:/home/kgh/ws2/install/nav2_navfn_planner:/home/kgh/ws2/install/nav2_core:/home/kgh/ws2/install/costmap_queue:/home/kgh/ws2/install/nav2_costmap_2d:/home/kgh/ws2/install/nav2_voxel_grid:/home/kgh/ws2/install/nav2_rviz_plugins:/home/kgh/ws2/install/nav2_map_server:/home/kgh/ws2/install/nav2_lifecycle_manager:/home/kgh/ws2/install/nav2_bt_navigator:/home/kgh/ws2/install/nav2_behavior_tree:/home/kgh/ws2/install/nav2_amcl:/home/kgh/ws2/install/nav2_util:/home/kgh/ws2/install/nav2_msgs:/home/kgh/ws2/install/nav2_common:/home/kgh/ws2/install/bluesea2:/home/kgh/ws2/install/yzbot_description:/home/kgh/ws2/install/yzbot_controller:/home/kgh/ws2/install/nav2_gazebo_spawner:/opt/ros/foxy /usr/bin/cmake --build /home/kgh/ws2/build/yzbot_stm32connect -- -j16 -l16
[0.193s] [ 40%] Built target serial
[0.218s] [35m[1mScanning dependencies of target stm32_connect[0m
[0.268s] [ 60%] [32mBuilding CXX object CMakeFiles/stm32_connect.dir/src/stm32_connect.cpp.o[0m
[0.269s] [ 60%] [32mBuilding CXX object CMakeFiles/stm32_connect.dir/src/psc.cpp.o[0m
[2.253s] [01m[K/home/kgh/ws2/src/yzbot_stm32connect/src/psc.cpp:[m[K In member function â€˜[01m[Kint PSC::query_neck_pose()[m[Kâ€™:
[2.253s] [01m[K/home/kgh/ws2/src/yzbot_stm32connect/src/psc.cpp:33:31:[m[K [01;31m[Kerror: [m[Kâ€˜[01m[Kclass RobotSerial[m[Kâ€™ has no member named â€˜[01m[KGetNeckPose[m[Kâ€™; did you mean â€˜[01m[KgetNeckPose[m[Kâ€™?
[2.253s]    33 |     neck_pose = mRobotSerial->[01;31m[KGetNeckPose[m[K(psc_neck_status.height, psc_neck_status.limit, psc_neck_status.done, flag_light, flag_bebebe);
[2.253s]       |                               [01;31m[K^~~~~~~~~~~[m[K
[2.253s]       |                               [32m[KgetNeckPose[m[K
[2.256s] [01m[K/home/kgh/ws2/src/yzbot_stm32connect/src/psc.cpp:33:112:[m[K [01;31m[Kerror: [m[Kâ€˜[01m[Kflag_light[m[Kâ€™ was not declared in this scope; did you mean â€˜[01m[Kdaylight[m[Kâ€™?
[2.256s]    33 |     neck_pose = mRobotSerial->GetNeckPose(psc_neck_status.height, psc_neck_status.limit, psc_neck_status.done, [01;31m[Kflag_light[m[K, flag_bebebe);
[2.256s]       |                                                                                                                [01;31m[K^~~~~~~~~~[m[K
[2.256s]       |                                                                                                                [32m[Kdaylight[m[K
[2.260s] [01m[K/home/kgh/ws2/src/yzbot_stm32connect/src/psc.cpp:33:124:[m[K [01;31m[Kerror: [m[Kâ€˜[01m[Kflag_bebebe[m[Kâ€™ was not declared in this scope
[2.260s]    33 |     neck_pose = mRobotSerial->GetNeckPose(psc_neck_status.height, psc_neck_status.limit, psc_neck_status.done, flag_light, [01;31m[Kflag_bebebe[m[K);
[2.260s]       |                                                                                                                            [01;31m[K^~~~~~~~~~~[m[K
[2.263s] [01m[K/home/kgh/ws2/src/yzbot_stm32connect/src/psc.cpp:36:12:[m[K [01;31m[Kerror: [m[Kâ€˜[01m[Khead_pose[m[Kâ€™ was not declared in this scope; did you mean â€˜[01m[Kneck_pose[m[Kâ€™?
[2.263s]    36 |     return [01;31m[Khead_pose[m[K != 0 ? 0 : 1;
[2.263s]       |            [01;31m[K^~~~~~~~~[m[K
[2.263s]       |            [32m[Kneck_pose[m[K
[3.645s] make[2]: *** [CMakeFiles/stm32_connect.dir/build.make:115ï¼šCMakeFiles/stm32_connect.dir/src/psc.cpp.o] é”™è¯¯ 1
[3.645s] make[1]: *** [CMakeFiles/Makefile2:80ï¼šCMakeFiles/stm32_connect.dir/all] é”™è¯¯ 2
[3.645s] make: *** [Makefile:141ï¼šall] é”™è¯¯ 2
[3.647s] Invoked command in '/home/kgh/ws2/build/yzbot_stm32connect' returned '2': CMAKE_PREFIX_PATH=/home/kgh/ws2/install/yzbot_msgs:/home/kgh/ws2/install/yzbot_stm32connect:/home/kgh/ws2/install/yzbot_nav2:/home/kgh/ws2/install/yzbot_cartographer:/home/kgh/ws2/install/nav2_system_tests:/home/kgh/ws2/install/nav2_bringup:/home/kgh/ws2/install/navigation2:/home/kgh/ws2/install/smac_planner:/home/kgh/ws2/install/nav2_dwb_controller:/home/kgh/ws2/install/nav2_controller:/home/kgh/ws2/install/dwb_plugins:/home/kgh/ws2/install/dwb_critics:/home/kgh/ws2/install/dwb_core:/home/kgh/ws2/install/nav_2d_utils:/home/kgh/ws2/install/dwb_msgs:/home/kgh/ws2/install/nav_2d_msgs:/home/kgh/ws2/install/nav2_waypoint_follower:/home/kgh/ws2/install/nav2_regulated_pure_pursuit_controller:/home/kgh/ws2/install/nav2_recoveries:/home/kgh/ws2/install/nav2_planner:/home/kgh/ws2/install/nav2_navfn_planner:/home/kgh/ws2/install/nav2_core:/home/kgh/ws2/install/costmap_queue:/home/kgh/ws2/install/nav2_costmap_2d:/home/kgh/ws2/install/nav2_voxel_grid:/home/kgh/ws2/install/nav2_rviz_plugins:/home/kgh/ws2/install/nav2_map_server:/home/kgh/ws2/install/nav2_lifecycle_manager:/home/kgh/ws2/install/nav2_bt_navigator:/home/kgh/ws2/install/nav2_behavior_tree:/home/kgh/ws2/install/nav2_amcl:/home/kgh/ws2/install/nav2_util:/home/kgh/ws2/install/nav2_msgs:/home/kgh/ws2/install/nav2_common:/home/kgh/ws2/install/bluesea2:/home/kgh/ws2/install/yzbot_description:/home/kgh/ws2/install/yzbot_controller:/home/kgh/ws2/install/nav2_gazebo_spawner:/opt/ros/foxy /usr/bin/cmake --build /home/kgh/ws2/build/yzbot_stm32connect -- -j16 -l16
