[ 44%] Built target serial
[35m[1mScanning dependencies of target stm32_connect[0m
[ 55%] [32mBuilding CXX object CMakeFiles/stm32_connect.dir/src/pms.cpp.o[0m
In file included from [01m[K/home/kgh/ws2/src/yzbot_stm32connect/src/pms.cpp:1[m[K:
[01m[K/home/kgh/ws2/src/yzbot_stm32connect/include/pms.hpp:16:20:[m[K [01;31m[Kerror: [m[Kexpected â€˜[01m[K)[m[Kâ€™ before â€˜[01m[K*[m[Kâ€™ token
   16 |     PMS[34m[K([m[KRobotSerial[01;31m[K [m[K[32m[K*[m[KRobotserial_);
      |        [34m[K~[m[K           [01;31m[K^[m[K[32m[K~[m[K
      |                    [32m[K)[m[K
[01m[K/home/kgh/ws2/src/yzbot_stm32connect/src/pms.cpp:3:1:[m[K [01;31m[Kerror: [m[Kâ€˜[01m[KRobotSerial[m[Kâ€™ does not name a type
    3 | [01;31m[KRobotSerial[m[K *mRobotSerial;
      | [01;31m[K^~~~~~~~~~~[m[K
[01m[K/home/kgh/ws2/src/yzbot_stm32connect/src/pms.cpp:8:9:[m[K [01;31m[Kerror: [m[Kexpected constructor, destructor, or type conversion before â€˜[01m[K([m[Kâ€™ token
    8 | PMS::PMS[01;31m[K([m[KRobotSerial *Robotserial_) : Node("pms")
      |         [01;31m[K^[m[K
make[2]: *** [CMakeFiles/stm32_connect.dir/build.make:102ï¼šCMakeFiles/stm32_connect.dir/src/pms.cpp.o] é”™è¯¯ 1
make[1]: *** [CMakeFiles/Makefile2:80ï¼šCMakeFiles/stm32_connect.dir/all] é”™è¯¯ 2
make: *** [Makefile:141ï¼šall] é”™è¯¯ 2
