[ 57%] Built target serial
[35m[1mScanning dependencies of target stm32_connect[0m
[ 71%] [32mBuilding CXX object CMakeFiles/stm32_connect.dir/src/robotserial.cpp.o[0m
[01m[K/home/kgh/ws2/src/yzbot_stm32connect/src/robotserial.cpp:4:29:[m[K [01;31m[Kerror: [m[Knon-member function â€˜[01m[Krclcpp::Logger get_logger()[m[Kâ€™ cannot have cv-qualifier
    4 | rclcpp::Logger get_logger() [01;31m[Kconst[m[K;
      |                             [01;31m[K^~~~~[m[K
[01m[K/home/kgh/ws2/src/yzbot_stm32connect/src/robotserial.cpp:[m[K In member function â€˜[01m[Kint8_t RobotSerial::robotSerialRead()[m[Kâ€™:
[01m[K/home/kgh/ws2/src/yzbot_stm32connect/src/robotserial.cpp:32:11:[m[K [01;35m[Kwarning: [m[Kunused variable â€˜[01m[Kread_byte[m[Kâ€™ [[01;35m[K-Wunused-variable[m[K]
   32 |    size_t [01;35m[Kread_byte[m[K = mSerial->read(RecvBUF+2, 17);
      |           [01;35m[K^~~~~~~~~[m[K
[01m[K/home/kgh/ws2/src/yzbot_stm32connect/src/robotserial.cpp:49:1:[m[K [01;35m[Kwarning: [m[Kcontrol reaches end of non-void function [[01;35m[K-Wreturn-type[m[K]
   49 | [01;35m[K}[m[K
      | [01;35m[K^[m[K
make[2]: *** [CMakeFiles/stm32_connect.dir/build.make:76ï¼šCMakeFiles/stm32_connect.dir/src/robotserial.cpp.o] é”™è¯¯ 1
make[1]: *** [CMakeFiles/Makefile2:80ï¼šCMakeFiles/stm32_connect.dir/all] é”™è¯¯ 2
make: *** [Makefile:141ï¼šall] é”™è¯¯ 2
