[0.114s] Invoking command in '/home/kgh/ws2/build/yzbot_stm32connect': CMAKE_PREFIX_PATH=/home/kgh/ws2/install/yzbot_msgs:/home/kgh/ws2/install/yzbot_stm32connect:/home/kgh/ws2/install/yzbot_nav2:/home/kgh/ws2/install/yzbot_cartographer:/home/kgh/ws2/install/nav2_system_tests:/home/kgh/ws2/install/nav2_bringup:/home/kgh/ws2/install/navigation2:/home/kgh/ws2/install/smac_planner:/home/kgh/ws2/install/nav2_dwb_controller:/home/kgh/ws2/install/nav2_controller:/home/kgh/ws2/install/dwb_plugins:/home/kgh/ws2/install/dwb_critics:/home/kgh/ws2/install/dwb_core:/home/kgh/ws2/install/nav_2d_utils:/home/kgh/ws2/install/dwb_msgs:/home/kgh/ws2/install/nav_2d_msgs:/home/kgh/ws2/install/nav2_waypoint_follower:/home/kgh/ws2/install/nav2_regulated_pure_pursuit_controller:/home/kgh/ws2/install/nav2_recoveries:/home/kgh/ws2/install/nav2_planner:/home/kgh/ws2/install/nav2_navfn_planner:/home/kgh/ws2/install/nav2_core:/home/kgh/ws2/install/costmap_queue:/home/kgh/ws2/install/nav2_costmap_2d:/home/kgh/ws2/install/nav2_voxel_grid:/home/kgh/ws2/install/nav2_rviz_plugins:/home/kgh/ws2/install/nav2_map_server:/home/kgh/ws2/install/nav2_lifecycle_manager:/home/kgh/ws2/install/nav2_bt_navigator:/home/kgh/ws2/install/nav2_behavior_tree:/home/kgh/ws2/install/nav2_amcl:/home/kgh/ws2/install/nav2_util:/home/kgh/ws2/install/nav2_msgs:/home/kgh/ws2/install/nav2_common:/home/kgh/ws2/install/bluesea2:/home/kgh/ws2/install/yzbot_description:/home/kgh/ws2/install/yzbot_controller:/home/kgh/ws2/install/nav2_gazebo_spawner:/opt/ros/foxy /usr/bin/cmake --build /home/kgh/ws2/build/yzbot_stm32connect -- -j16 -l16
[0.140s] -- Found ament_cmake: 0.9.12 (/opt/ros/foxy/share/ament_cmake/cmake)
[0.158s] -- Using PYTHON_EXECUTABLE: /usr/bin/python3
[0.292s] -- Found rclcpp: 2.4.3 (/opt/ros/foxy/share/rclcpp/cmake)
[0.321s] -- Using all available rosidl_typesupport_c: rosidl_typesupport_fastrtps_c;rosidl_typesupport_introspection_c
[0.323s] -- Found rosidl_adapter: 1.3.1 (/opt/ros/foxy/share/rosidl_adapter/cmake)
[0.424s] -- Using all available rosidl_typesupport_cpp: rosidl_typesupport_fastrtps_cpp;rosidl_typesupport_introspection_cpp
[0.462s] -- Found rmw_implementation_cmake: 1.0.4 (/opt/ros/foxy/share/rmw_implementation_cmake/cmake)
[0.464s] -- Using RMW implementation 'rmw_fastrtps_cpp' as default
[0.572s] -- Found yzbot_msgs: 0.0.0 (/home/kgh/ws2/install/yzbot_msgs/share/yzbot_msgs/cmake)
[0.576s] -- Found nav_msgs: 2.0.5 (/opt/ros/foxy/share/nav_msgs/cmake)
[0.663s] -- Found tf2_msgs: 0.13.14 (/opt/ros/foxy/share/tf2_msgs/cmake)
[0.805s] -- Found tf2_ros: 0.13.14 (/opt/ros/foxy/share/tf2_ros/cmake)
[0.917s] -- Found ament_lint_auto: 0.9.8 (/opt/ros/foxy/share/ament_lint_auto/cmake)
[0.967s] -- Added test 'copyright' to check source files copyright and LICENSE
[0.968s] -- Added test 'cppcheck' to perform static code analysis on C / C++ code
[0.968s] -- Configured cppcheck include dirs: /home/kgh/ws2/src/yzbot_stm32connect/include;$<BUILD_INTERFACE:/home/kgh/ws2/src/yzbot_stm32connect/include>
[0.968s] -- Configured cppcheck exclude dirs and/or files: 
[0.969s] -- Added test 'cpplint' to check C / C++ code against the Google style
[0.969s] -- Configured cpplint exclude dirs and/or files: 
[0.970s] -- Added test 'lint_cmake' to check CMake code style
[0.971s] -- Added test 'uncrustify' to check C / C++ code style
[0.971s] -- Configured uncrustify additional arguments: 
[0.971s] -- Added test 'xmllint' to check XML markup files
[0.973s] -- Configuring done
[0.983s] -- Generating done
[0.984s] -- Build files have been written to: /home/kgh/ws2/build/yzbot_stm32connect
[1.020s] [ 44%] Built target serial
[1.035s] [35m[1mScanning dependencies of target stm32_connect[0m
[1.074s] [ 77%] [32mBuilding CXX object CMakeFiles/stm32_connect.dir/src/pms.cpp.o[0m
[1.074s] [ 77%] [32mBuilding CXX object CMakeFiles/stm32_connect.dir/src/plc.cpp.o[0m
[1.074s] [ 77%] [32mBuilding CXX object CMakeFiles/stm32_connect.dir/src/stm32_connect.cpp.o[0m
[3.197s] [01m[K/home/kgh/ws2/src/yzbot_stm32connect/src/pms.cpp:[m[K In constructor ‚Äò[01m[KPMS::PMS(RobotSerial*)[m[K‚Äô:
[3.197s] [01m[K/home/kgh/ws2/src/yzbot_stm32connect/src/pms.cpp:12:46:[m[K [01;31m[Kerror: [m[K‚Äò[01m[Kget_callback[m[K‚Äô is not a member of ‚Äò[01m[KPMS[m[K‚Äô
[3.197s]    12 |         "Auto_Charging", 10, std::bind(&PMS::[01;31m[Kget_callback[m[K, this, std::placeholders::_1));
[3.197s]       |                                              [01;31m[K^~~~~~~~~~~~[m[K
[3.197s] [01m[K/home/kgh/ws2/src/yzbot_stm32connect/src/pms.cpp:9:9:[m[K [01;35m[Kwarning: [m[Kunused variable ‚Äò[01m[Kauto_charge_flag[m[K‚Äô [[01;35m[K-Wunused-variable[m[K]
[3.197s]     9 |     int [01;35m[Kauto_charge_flag[m[K = 0;
[3.197s]       |         [01;35m[K^~~~~~~~~~~~~~~~[m[K
[3.204s] [01m[K/home/kgh/ws2/src/yzbot_stm32connect/src/pms.cpp:[m[K In function ‚Äò[01m[Kvoid get_callback(yzbot_msgs::msg::ChargeCtrl_<std::allocator<void> >::SharedPtr)[m[K‚Äô:
[3.205s] [01m[K/home/kgh/ws2/src/yzbot_stm32connect/src/pms.cpp:19:5:[m[K [01;31m[Kerror: [m[K‚Äò[01m[Kauto_charge_flag[m[K‚Äô was not declared in this scope
[3.205s]    19 |     [01;31m[Kauto_charge_flag[m[K = msg->auto_charge_flag;
[3.205s]       |     [01;31m[K^~~~~~~~~~~~~~~~[m[K
[3.205s] In file included from [01m[K/opt/ros/foxy/include/rclcpp/service.hpp:34[m[K,
[3.205s]                  from [01m[K/opt/ros/foxy/include/rclcpp/callback_group.hpp:25[m[K,
[3.205s]                  from [01m[K/opt/ros/foxy/include/rclcpp/any_executable.hpp:20[m[K,
[3.205s]                  from [01m[K/opt/ros/foxy/include/rclcpp/memory_strategy.hpp:24[m[K,
[3.205s]                  from [01m[K/opt/ros/foxy/include/rclcpp/memory_strategies.hpp:18[m[K,
[3.205s]                  from [01m[K/opt/ros/foxy/include/rclcpp/executor_options.hpp:20[m[K,
[3.205s]                  from [01m[K/opt/ros/foxy/include/rclcpp/executor.hpp:33[m[K,
[3.205s]                  from [01m[K/opt/ros/foxy/include/rclcpp/executors/multi_threaded_executor.hpp:26[m[K,
[3.206s]                  from [01m[K/opt/ros/foxy/include/rclcpp/executors.hpp:21[m[K,
[3.206s]                  from [01m[K/opt/ros/foxy/include/rclcpp/rclcpp.hpp:146[m[K,
[3.206s]                  from [01m[K/home/kgh/ws2/src/yzbot_stm32connect/include/pms.hpp:4[m[K,
[3.206s]                  from [01m[K/home/kgh/ws2/src/yzbot_stm32connect/src/pms.cpp:1[m[K:
[3.206s] [01m[K/home/kgh/ws2/src/yzbot_stm32connect/src/pms.cpp:20:17:[m[K [01;31m[Kerror: [m[Kinvalid use of ‚Äò[01m[Kthis[m[K‚Äô in non-member function
[3.206s]    20 |     RCLCPP_INFO([01;31m[Kthis[m[K->get_logger(), "auto_charge_flag: %d", auto_charge_flag);
[3.206s]       |                 [01;31m[K^~~~[m[K
[3.206s] [01m[K/home/kgh/ws2/src/yzbot_stm32connect/src/pms.cpp:20:17:[m[K [01;31m[Kerror: [m[Kinvalid use of ‚Äò[01m[Kthis[m[K‚Äô in non-member function
[3.206s] [01m[K/home/kgh/ws2/src/yzbot_stm32connect/src/pms.cpp:20:5:[m[K [01;31m[Kerror: [m[Ktemplate argument 1 is invalid
[3.206s]    20 |     [01;31m[KRCLCPP_INFO[m[K(this->get_logger(), "auto_charge_flag: %d", auto_charge_flag);
[3.206s]       |     [01;31m[K^~~~~~~~~~~[m[K
[3.206s] [01m[K/home/kgh/ws2/src/yzbot_stm32connect/src/pms.cpp:20:5:[m[K [01;31m[Kerror: [m[Ktemplate argument 1 is invalid
[3.206s]    20 |     [01;31m[KRCLCPP_INFO[m[K(this->get_logger(), "auto_charge_flag: %d", auto_charge_flag);
[3.206s]       |     [01;31m[K^~~~~~~~~~~[m[K
[3.206s] [01m[K/home/kgh/ws2/src/yzbot_stm32connect/src/pms.cpp:20:5:[m[K [01;31m[Kerror: [m[Ktemplate argument 1 is invalid
[3.206s]    20 |     [01;31m[KRCLCPP_INFO[m[K(this->get_logger(), "auto_charge_flag: %d", auto_charge_flag);
[3.207s]       |     [01;31m[K^~~~~~~~~~~[m[K
[3.207s] In file included from [01m[K/opt/ros/foxy/include/rclcpp/client.hpp:40[m[K,
[3.207s]                  from [01m[K/opt/ros/foxy/include/rclcpp/callback_group.hpp:23[m[K,
[3.207s]                  from [01m[K/opt/ros/foxy/include/rclcpp/any_executable.hpp:20[m[K,
[3.207s]                  from [01m[K/opt/ros/foxy/include/rclcpp/memory_strategy.hpp:24[m[K,
[3.207s]                  from [01m[K/opt/ros/foxy/include/rclcpp/memory_strategies.hpp:18[m[K,
[3.207s]                  from [01m[K/opt/ros/foxy/include/rclcpp/executor_options.hpp:20[m[K,
[3.207s]                  from [01m[K/opt/ros/foxy/include/rclcpp/executor.hpp:33[m[K,
[3.207s]                  from [01m[K/opt/ros/foxy/include/rclcpp/executors/multi_threaded_executor.hpp:26[m[K,
[3.207s]                  from [01m[K/opt/ros/foxy/include/rclcpp/executors.hpp:21[m[K,
[3.207s]                  from [01m[K/opt/ros/foxy/include/rclcpp/rclcpp.hpp:146[m[K,
[3.207s]                  from [01m[K/home/kgh/ws2/src/yzbot_stm32connect/include/pms.hpp:4[m[K,
[3.207s]                  from [01m[K/home/kgh/ws2/src/yzbot_stm32connect/src/pms.cpp:1[m[K:
[3.208s] [01m[K/home/kgh/ws2/src/yzbot_stm32connect/src/pms.cpp:20:17:[m[K [01;31m[Kerror: [m[Kinvalid use of ‚Äò[01m[Kthis[m[K‚Äô in non-member function
[3.208s]    20 |     RCLCPP_INFO([01;31m[Kthis[m[K->get_logger(), "auto_charge_flag: %d", auto_charge_flag);
[3.208s]       |                 [01;31m[K^~~~[m[K
[3.208s] [01m[K/home/kgh/ws2/src/yzbot_stm32connect/src/pms.cpp:20:17:[m[K [01;31m[Kerror: [m[Kinvalid use of ‚Äò[01m[Kthis[m[K‚Äô in non-member function
[3.208s]    20 |     RCLCPP_INFO([01;31m[Kthis[m[K->get_logger(), "auto_charge_flag: %d", auto_charge_flag);
[3.208s]       |                 [01;31m[K^~~~[m[K
[3.208s] [01m[K/home/kgh/ws2/src/yzbot_stm32connect/src/pms.cpp:22:32:[m[K [01;31m[Kerror: [m[K‚Äò[01m[KmRobotSerial[m[K‚Äô was not declared in this scope; did you mean ‚Äò[01m[KRobotSerial[m[K‚Äô?
[3.208s]    22 |     if (auto_charge_flag == 0) [01;31m[KmRobotSerial[m[K->Auto_Charging(0);
[3.208s]       |                                [01;31m[K^~~~~~~~~~~~[m[K
[3.208s]       |                                [32m[KRobotSerial[m[K
[3.209s] [01m[K/home/kgh/ws2/src/yzbot_stm32connect/src/pms.cpp:23:38:[m[K [01;31m[Kerror: [m[K‚Äò[01m[KmRobotSerial[m[K‚Äô was not declared in this scope; did you mean ‚Äò[01m[KRobotSerial[m[K‚Äô?
[3.209s]    23 |     else if (auto_charge_flag == 1)  [01;31m[KmRobotSerial[m[K->Auto_Charging(1);
[3.209s]       |                                      [01;31m[K^~~~~~~~~~~~[m[K
[3.209s]       |                                      [32m[KRobotSerial[m[K
[3.367s] [01m[K/home/kgh/ws2/src/yzbot_stm32connect/src/plc.cpp:[m[K In member function ‚Äò[01m[Kint PLC::pub_odom(short int, short int, short int, short int, float, float, float, float)[m[K‚Äô:
[3.367s] [01m[K/home/kgh/ws2/src/yzbot_stm32connect/src/plc.cpp:62:29:[m[K [01;35m[Kwarning: [m[Kunused parameter ‚Äò[01m[Kvx[m[K‚Äô [[01;35m[K-Wunused-parameter[m[K]
[3.367s]    62 | int PLC::pub_odom([01;35m[Kshort int vx[m[K, short int vy, short int t1, short int t2, float angle_v, float angle, float n_vx, float n_vth)
[3.367s]       |                   [01;35m[K~~~~~~~~~~^~[m[K
[3.367s] [01m[K/home/kgh/ws2/src/yzbot_stm32connect/src/plc.cpp:62:43:[m[K [01;35m[Kwarning: [m[Kunused parameter ‚Äò[01m[Kvy[m[K‚Äô [[01;35m[K-Wunused-parameter[m[K]
[3.367s]    62 | int PLC::pub_odom(short int vx, [01;35m[Kshort int vy[m[K, short int t1, short int t2, float angle_v, float angle, float n_vx, float n_vth)
[3.367s]       |                                 [01;35m[K~~~~~~~~~~^~[m[K
[3.367s] [01m[K/home/kgh/ws2/src/yzbot_stm32connect/src/plc.cpp:62:81:[m[K [01;35m[Kwarning: [m[Kunused parameter ‚Äò[01m[Kangle_v[m[K‚Äô [[01;35m[K-Wunused-parameter[m[K]
[3.367s]    62 | int PLC::pub_odom(short int vx, short int vy, short int t1, short int t2, [01;35m[Kfloat angle_v[m[K, float angle, float n_vx, float n_vth)
[3.367s]       |                                                                           [01;35m[K~~~~~~^~~~~~~[m[K
[3.367s] [01m[K/home/kgh/ws2/src/yzbot_stm32connect/src/plc.cpp:62:109:[m[K [01;35m[Kwarning: [m[Kunused parameter ‚Äò[01m[Kn_vx[m[K‚Äô [[01;35m[K-Wunused-parameter[m[K]
[3.367s]    62 | int PLC::pub_odom(short int vx, short int vy, short int t1, short int t2, float angle_v, float angle, [01;35m[Kfloat n_vx[m[K, float n_vth)
[3.367s]       |                                                                                                       [01;35m[K~~~~~~^~~~[m[K
[3.368s] [01m[K/home/kgh/ws2/src/yzbot_stm32connect/src/plc.cpp:62:121:[m[K [01;35m[Kwarning: [m[Kunused parameter ‚Äò[01m[Kn_vth[m[K‚Äô [[01;35m[K-Wunused-parameter[m[K]
[3.368s]    62 | int PLC::pub_odom(short int vx, short int vy, short int t1, short int t2, float angle_v, float angle, float n_vx, [01;35m[Kfloat n_vth[m[K)
[3.368s]       |                                                                                                                   [01;35m[K~~~~~~^~~~~[m[K
[3.373s] [01m[K/home/kgh/ws2/src/yzbot_stm32connect/src/plc.cpp:[m[K In member function ‚Äò[01m[Kvoid PLC::pub_robot_pose(int, int, double, double)[m[K‚Äô:
[3.373s] [01m[K/home/kgh/ws2/src/yzbot_stm32connect/src/plc.cpp:171:18:[m[K [01;35m[Kwarning: [m[Kunused variable ‚Äò[01m[Ktrueth_angle[m[K‚Äô [[01;35m[K-Wunused-variable[m[K]
[3.373s]   171 |     static float [01;35m[Ktrueth_angle[m[K = 0;
[3.373s]       |                  [01;35m[K^~~~~~~~~~~~[m[K
[3.373s] [01m[K/home/kgh/ws2/src/yzbot_stm32connect/src/plc.cpp:175:12:[m[K [01;35m[Kwarning: [m[Kunused variable ‚Äò[01m[Kdt[m[K‚Äô [[01;35m[K-Wunused-variable[m[K]
[3.373s]   175 |     double [01;35m[Kdt[m[K = (current_time - robot_pose_lasttime).seconds();
[3.373s]       |            [01;35m[K^~[m[K
[3.374s] [01m[K/home/kgh/ws2/src/yzbot_stm32connect/src/plc.cpp:181:12:[m[K [01;35m[Kwarning: [m[Kunused variable ‚Äò[01m[Ksin_y[m[K‚Äô [[01;35m[K-Wunused-variable[m[K]
[3.374s]   181 |     double [01;35m[Ksin_y[m[K = sin(my_robot_pose.robot_yaw + dt_th/2.0);
[3.374s]       |            [01;35m[K^~~~~[m[K
[3.374s] [01m[K/home/kgh/ws2/src/yzbot_stm32connect/src/plc.cpp:168:74:[m[K [01;35m[Kwarning: [m[Kunused parameter ‚Äò[01m[Kangle_l[m[K‚Äô [[01;35m[K-Wunused-parameter[m[K]
[3.374s]   168 | void PLC::pub_robot_pose(int left_t, int right_t, double angle_t, [01;35m[Kdouble angle_l[m[K)
[3.374s]       |                                                                   [01;35m[K~~~~~~~^~~~~~~[m[K
[3.374s] [01m[K/home/kgh/ws2/src/yzbot_stm32connect/src/plc.cpp:[m[K In member function ‚Äò[01m[Kvoid PLC::plc_Timer_deal_odom()[m[K‚Äô:
[3.374s] [01m[K/home/kgh/ws2/src/yzbot_stm32connect/src/plc.cpp:245:7:[m[K [01;35m[Kwarning: [m[Kunused variable ‚Äò[01m[Kget_odom[m[K‚Äô [[01;35m[K-Wunused-variable[m[K]
[3.374s]   245 |   int [01;35m[Kget_odom[m[K = mRobotSerial->GetOdom(frameIndex, t1, t2, dbTh, dbTh_l, dbVth, fmq_status_flag, vx, vth);
[3.374s]       |       [01;35m[K^~~~~~~~[m[K
[3.809s] make[2]: *** [CMakeFiles/stm32_connect.dir/build.make:102ÔºöCMakeFiles/stm32_connect.dir/src/pms.cpp.o] ÈîôËØØ 1
[3.809s] make[2]: *** Ê≠£Âú®Á≠âÂæÖÊú™ÂÆåÊàêÁöÑ‰ªªÂä°....
[5.741s] [01m[K/home/kgh/ws2/src/yzbot_stm32connect/src/plc.cpp:[m[K At global scope:
[5.742s] [01m[K/home/kgh/ws2/src/yzbot_stm32connect/src/plc.cpp:171:18:[m[K [01;35m[Kwarning: [m[K‚Äò[01m[Ktrueth_angle[m[K‚Äô defined but not used [[01;35m[K-Wunused-variable[m[K]
[5.742s]   171 |     static float [01;35m[Ktrueth_angle[m[K = 0;
[5.742s]       |                  [01;35m[K^~~~~~~~~~~~[m[K
[8.803s] make[1]: *** [CMakeFiles/Makefile2:80ÔºöCMakeFiles/stm32_connect.dir/all] ÈîôËØØ 2
[8.803s] make: *** [Makefile:141Ôºöall] ÈîôËØØ 2
[8.805s] Invoked command in '/home/kgh/ws2/build/yzbot_stm32connect' returned '2': CMAKE_PREFIX_PATH=/home/kgh/ws2/install/yzbot_msgs:/home/kgh/ws2/install/yzbot_stm32connect:/home/kgh/ws2/install/yzbot_nav2:/home/kgh/ws2/install/yzbot_cartographer:/home/kgh/ws2/install/nav2_system_tests:/home/kgh/ws2/install/nav2_bringup:/home/kgh/ws2/install/navigation2:/home/kgh/ws2/install/smac_planner:/home/kgh/ws2/install/nav2_dwb_controller:/home/kgh/ws2/install/nav2_controller:/home/kgh/ws2/install/dwb_plugins:/home/kgh/ws2/install/dwb_critics:/home/kgh/ws2/install/dwb_core:/home/kgh/ws2/install/nav_2d_utils:/home/kgh/ws2/install/dwb_msgs:/home/kgh/ws2/install/nav_2d_msgs:/home/kgh/ws2/install/nav2_waypoint_follower:/home/kgh/ws2/install/nav2_regulated_pure_pursuit_controller:/home/kgh/ws2/install/nav2_recoveries:/home/kgh/ws2/install/nav2_planner:/home/kgh/ws2/install/nav2_navfn_planner:/home/kgh/ws2/install/nav2_core:/home/kgh/ws2/install/costmap_queue:/home/kgh/ws2/install/nav2_costmap_2d:/home/kgh/ws2/install/nav2_voxel_grid:/home/kgh/ws2/install/nav2_rviz_plugins:/home/kgh/ws2/install/nav2_map_server:/home/kgh/ws2/install/nav2_lifecycle_manager:/home/kgh/ws2/install/nav2_bt_navigator:/home/kgh/ws2/install/nav2_behavior_tree:/home/kgh/ws2/install/nav2_amcl:/home/kgh/ws2/install/nav2_util:/home/kgh/ws2/install/nav2_msgs:/home/kgh/ws2/install/nav2_common:/home/kgh/ws2/install/bluesea2:/home/kgh/ws2/install/yzbot_description:/home/kgh/ws2/install/yzbot_controller:/home/kgh/ws2/install/nav2_gazebo_spawner:/opt/ros/foxy /usr/bin/cmake --build /home/kgh/ws2/build/yzbot_stm32connect -- -j16 -l16
