[0.174s] Invoking command in '/home/kgh/ws2/build/nav2_amcl': CMAKE_PREFIX_PATH=/home/kgh/ws2/install/nav2_util:/home/kgh/ws2/install/nav2_msgs:/home/kgh/ws2/install/nav2_common:/home/kgh/ws2/install/yzbot_nav2:/home/kgh/ws2/install/yzbot_cartographer:/home/kgh/ws2/install/nav2_system_tests:/home/kgh/ws2/install/nav2_bringup:/home/kgh/ws2/install/navigation2:/home/kgh/ws2/install/smac_planner:/home/kgh/ws2/install/nav2_dwb_controller:/home/kgh/ws2/install/nav2_controller:/home/kgh/ws2/install/dwb_plugins:/home/kgh/ws2/install/dwb_critics:/home/kgh/ws2/install/dwb_core:/home/kgh/ws2/install/nav_2d_utils:/home/kgh/ws2/install/dwb_msgs:/home/kgh/ws2/install/nav_2d_msgs:/home/kgh/ws2/install/nav2_waypoint_follower:/home/kgh/ws2/install/nav2_regulated_pure_pursuit_controller:/home/kgh/ws2/install/nav2_recoveries:/home/kgh/ws2/install/nav2_planner:/home/kgh/ws2/install/nav2_navfn_planner:/home/kgh/ws2/install/nav2_core:/home/kgh/ws2/install/costmap_queue:/home/kgh/ws2/install/nav2_costmap_2d:/home/kgh/ws2/install/nav2_voxel_grid:/home/kgh/ws2/install/nav2_rviz_plugins:/home/kgh/ws2/install/nav2_map_server:/home/kgh/ws2/install/nav2_lifecycle_manager:/home/kgh/ws2/install/nav2_bt_navigator:/home/kgh/ws2/install/nav2_behavior_tree:/home/kgh/ws2/install/nav2_amcl:/home/kgh/ws2/install/yzbot_description:/home/kgh/ws2/install/yzbot_controller:/home/kgh/ws2/install/nav2_gazebo_spawner:/opt/ros/foxy LD_LIBRARY_PATH=/home/kgh/ws2/install/nav2_util/lib:/home/kgh/ws2/install/nav2_msgs/lib:/home/kgh/ws2/install/smac_planner/lib:/home/kgh/ws2/install/nav2_controller/lib:/home/kgh/ws2/install/dwb_plugins/lib:/home/kgh/ws2/install/dwb_critics/lib:/home/kgh/ws2/install/dwb_core/lib:/home/kgh/ws2/install/nav_2d_utils/lib:/home/kgh/ws2/install/dwb_msgs/lib:/home/kgh/ws2/install/nav_2d_msgs/lib:/home/kgh/ws2/install/nav2_waypoint_follower/lib:/home/kgh/ws2/install/nav2_regulated_pure_pursuit_controller/lib:/home/kgh/ws2/install/nav2_recoveries/lib:/home/kgh/ws2/install/nav2_planner/lib:/home/kgh/ws2/install/nav2_navfn_planner/lib:/home/kgh/ws2/install/costmap_queue/lib:/home/kgh/ws2/install/nav2_costmap_2d/lib:/home/kgh/ws2/install/nav2_voxel_grid/lib:/home/kgh/ws2/install/nav2_rviz_plugins/lib:/home/kgh/ws2/install/nav2_map_server/lib:/home/kgh/ws2/install/nav2_lifecycle_manager/lib:/home/kgh/ws2/install/nav2_bt_navigator/lib:/home/kgh/ws2/install/nav2_behavior_tree/lib:/home/kgh/ws2/install/nav2_amcl/lib:/usr/lib/x86_64-linux-gnu/gazebo-11/plugins:/opt/ros/foxy/opt/yaml_cpp_vendor/lib:/opt/ros/foxy/opt/rviz_ogre_vendor/lib:/opt/ros/foxy/lib/x86_64-linux-gnu:/opt/ros/foxy/lib PYTHONPATH=/home/kgh/ws2/install/nav2_msgs/lib/python3.8/site-packages:/home/kgh/ws2/install/nav2_common/lib/python3.8/site-packages:/home/kgh/ws2/install/yzbot_description/lib/python3.8/site-packages:/home/kgh/ws2/install/yzbot_controller/lib/python3.8/site-packages:/home/kgh/ws2/install/dwb_msgs/lib/python3.8/site-packages:/home/kgh/ws2/install/nav_2d_msgs/lib/python3.8/site-packages:/home/kgh/ws2/install/nav2_gazebo_spawner/lib/python3.8/site-packages:/opt/ros/foxy/lib/python3.8/site-packages /usr/bin/cmake --build /home/kgh/ws2/build/nav2_amcl -- -j16 -l16
[0.239s] [35m[1mScanning dependencies of target pf_lib[0m
[0.239s] [35m[1mScanning dependencies of target map_lib[0m
[0.257s] [ 38%] [32mBuilding C object src/map/CMakeFiles/map_lib.dir/map_draw.c.o[0m
[0.258s] [ 38%] [32mBuilding C object src/map/CMakeFiles/map_lib.dir/map_store.c.o[0m
[0.258s] [ 38%] [32mBuilding C object src/map/CMakeFiles/map_lib.dir/map_range.c.o[0m
[0.258s] [ 38%] [32mBuilding C object src/pf/CMakeFiles/pf_lib.dir/pf_vector.c.o[0m
[0.258s] [ 38%] [32mBuilding CXX object src/map/CMakeFiles/map_lib.dir/map_cspace.cpp.o[0m
[0.258s] [ 38%] [32mBuilding C object src/pf/CMakeFiles/pf_lib.dir/pf_pdf.c.o[0m
[0.258s] [ 38%] [32mBuilding C object src/pf/CMakeFiles/pf_lib.dir/eig3.c.o[0m
[0.258s] [ 38%] [32mBuilding C object src/pf/CMakeFiles/pf_lib.dir/pf_kdtree.c.o[0m
[0.258s] [ 38%] [32mBuilding C object src/pf/CMakeFiles/pf_lib.dir/pf.c.o[0m
[0.258s] [ 42%] [32mBuilding C object src/pf/CMakeFiles/pf_lib.dir/pf_draw.c.o[0m
[0.259s] [ 38%] [32mBuilding C object src/map/CMakeFiles/map_lib.dir/map.c.o[0m
[0.305s] [01m[K/home/kgh/ws2/src/navigation2/nav2_amcl/src/pf/pf.c:[m[K In function â€˜[01m[Kpf_alloc[m[Kâ€™:
[0.305s] [01m[K/home/kgh/ws2/src/navigation2/nav2_amcl/src/pf/pf.c:105:5:[m[K [01;31m[Kerror: [m[Kâ€˜[01m[Kpf_t[m[Kâ€™ {aka â€˜[01m[Kstruct _pf_t[m[Kâ€™} has no member named â€˜[01m[Ktotal_w[m[Kâ€™
[0.305s]   105 |   pf[01;31m[K->[m[Ktotal_w = 1; //wyj 2019-10-19
[0.306s]       |     [01;31m[K^~[m[K
[0.306s] [01m[K/home/kgh/ws2/src/navigation2/nav2_amcl/src/pf/pf.c:[m[K In function â€˜[01m[Kpf_init[m[Kâ€™:
[0.306s] [01m[K/home/kgh/ws2/src/navigation2/nav2_amcl/src/pf/pf.c:169:5:[m[K [01;31m[Kerror: [m[Kâ€˜[01m[Kpf_t[m[Kâ€™ {aka â€˜[01m[Kstruct _pf_t[m[Kâ€™} has no member named â€˜[01m[Ktotal_w[m[Kâ€™
[0.306s]   169 |   pf[01;31m[K->[m[Ktotal_w = 1; //wyj 2019-10-19
[0.306s]       |     [01;31m[K^~[m[K
[0.307s] [01m[K/home/kgh/ws2/src/navigation2/nav2_amcl/src/pf/pf.c:[m[K In function â€˜[01m[Kpf_init_model[m[Kâ€™:
[0.307s] [01m[K/home/kgh/ws2/src/navigation2/nav2_amcl/src/pf/pf.c:215:5:[m[K [01;31m[Kerror: [m[Kâ€˜[01m[Kpf_t[m[Kâ€™ {aka â€˜[01m[Kstruct _pf_t[m[Kâ€™} has no member named â€˜[01m[Ktotal_w[m[Kâ€™
[0.307s]   215 |   pf[01;31m[K->[m[Ktotal_w = 1; //wyj 2019-10-19
[0.307s]       |     [01;31m[K^~[m[K
[0.307s] [01m[K/home/kgh/ws2/src/navigation2/nav2_amcl/src/pf/pf.c:[m[K In function â€˜[01m[Kpf_update_converged[m[Kâ€™:
[0.308s] [01m[K/home/kgh/ws2/src/navigation2/nav2_amcl/src/pf/pf.c:240:10:[m[K [01;31m[Kerror: [m[Kunused variable â€˜[01m[Ktotal[m[Kâ€™ [[01;31m[K-Werror=unused-variable[m[K]
[0.308s]   240 |   double [01;31m[Ktotal[m[K;
[0.308s]       |          [01;31m[K^~~~~[m[K
[0.308s] [01m[K/home/kgh/ws2/src/navigation2/nav2_amcl/src/pf/pf.c:[m[K In function â€˜[01m[Kpf_update_sensor[m[Kâ€™:
[0.309s] [01m[K/home/kgh/ws2/src/navigation2/nav2_amcl/src/pf/pf.c:312:5:[m[K [01;31m[Kerror: [m[Kâ€˜[01m[Kpf_t[m[Kâ€™ {aka â€˜[01m[Kstruct _pf_t[m[Kâ€™} has no member named â€˜[01m[Ktotal_w[m[Kâ€™
[0.309s]   312 |   pf[01;31m[K->[m[Ktotal_w = total;  //wyj 2019-10-19
[0.309s]       |     [01;31m[K^~[m[K
[0.309s] [01m[K/home/kgh/ws2/src/navigation2/nav2_amcl/src/pf/pf.c:338:7:[m[K [01;31m[Kerror: [m[Kâ€˜[01m[Kpf_t[m[Kâ€™ {aka â€˜[01m[Kstruct _pf_t[m[Kâ€™} has no member named â€˜[01m[Kw_diff[m[Kâ€™
[0.309s]   338 |     pf[01;31m[K->[m[Kw_diff = 1.0 - pf->w_fast / pf->w_slow; //wyj added
[0.310s]       |       [01;31m[K^~[m[K
[0.310s] [01m[K/home/kgh/ws2/src/navigation2/nav2_amcl/src/pf/pf.c:339:57:[m[K [01;31m[Kerror: [m[Kâ€˜[01m[Kpf_t[m[Kâ€™ {aka â€˜[01m[Kstruct _pf_t[m[Kâ€™} has no member named â€˜[01m[Kw_diff[m[Kâ€™
[0.310s]   339 |     printf("w_diff = %f, w_fast = %f, w_slow = %f\n", pf[01;31m[K->[m[Kw_diff, pf->w_fast, pf->w_slow);
[0.310s]       |                                                         [01;31m[K^~[m[K
[0.311s] [01m[K/home/kgh/ws2/src/navigation2/nav2_amcl/src/pf/pf.c:[m[K In function â€˜[01m[Kpf_update_resample[m[Kâ€™:
[0.311s] [01m[K/home/kgh/ws2/src/navigation2/nav2_amcl/src/pf/pf.c:425:3:[m[K [01;31m[Kerror: [m[Kâ€˜[01m[Klost_w_new[m[Kâ€™ undeclared (first use in this function)
[0.311s]   425 |   [01;31m[Klost_w_new[m[K = pf->lost_w;
[0.311s]       |   [01;31m[K^~~~~~~~~~[m[K
[0.311s] [01m[K/home/kgh/ws2/src/navigation2/nav2_amcl/src/pf/pf.c:425:3:[m[K [01;36m[Knote: [m[Keach undeclared identifier is reported only once for each function it appears in
[0.311s] [01m[K/home/kgh/ws2/src/navigation2/nav2_amcl/src/pf/pf.c:425:18:[m[K [01;31m[Kerror: [m[Kâ€˜[01m[Kpf_t[m[Kâ€™ {aka â€˜[01m[Kstruct _pf_t[m[Kâ€™} has no member named â€˜[01m[Klost_w[m[Kâ€™
[0.312s]   425 |   lost_w_new = pf[01;31m[K->[m[Klost_w;
[0.312s]       |                  [01;31m[K^~[m[K
[0.312s] [01m[K/home/kgh/ws2/src/navigation2/nav2_amcl/src/pf/pf.c:426:3:[m[K [01;31m[Kerror: [m[Kâ€˜[01m[Kpoor_w_new[m[Kâ€™ undeclared (first use in this function)
[0.312s]   426 |   [01;31m[Kpoor_w_new[m[K = pf->poor_w;
[0.312s]       |   [01;31m[K^~~~~~~~~~[m[K
[0.312s] [01m[K/home/kgh/ws2/src/navigation2/nav2_amcl/src/pf/pf.c:426:18:[m[K [01;31m[Kerror: [m[Kâ€˜[01m[Kpf_t[m[Kâ€™ {aka â€˜[01m[Kstruct _pf_t[m[Kâ€™} has no member named â€˜[01m[Kpoor_w[m[Kâ€™
[0.312s]   426 |   poor_w_new = pf[01;31m[K->[m[Kpoor_w;
[0.313s]       |                  [01;31m[K^~[m[K
[0.313s] [01m[K/home/kgh/ws2/src/navigation2/nav2_amcl/src/pf/pf.c:428:9:[m[K [01;31m[Kerror: [m[Kâ€˜[01m[Kpf_t[m[Kâ€™ {aka â€˜[01m[Kstruct _pf_t[m[Kâ€™} has no member named â€˜[01m[Ktotal_w_max[m[Kâ€™
[0.313s]   428 |   if (pf[01;31m[K->[m[Ktotal_w_max < pf->total_w) {
[0.313s]       |         [01;31m[K^~[m[K
[0.313s] [01m[K/home/kgh/ws2/src/navigation2/nav2_amcl/src/pf/pf.c:428:27:[m[K [01;31m[Kerror: [m[Kâ€˜[01m[Kpf_t[m[Kâ€™ {aka â€˜[01m[Kstruct _pf_t[m[Kâ€™} has no member named â€˜[01m[Ktotal_w[m[Kâ€™
[0.313s]   428 |   if (pf->total_w_max < pf[01;31m[K->[m[Ktotal_w) {
[0.313s]       |                           [01;31m[K^~[m[K
[0.314s] [01m[K/home/kgh/ws2/src/navigation2/nav2_amcl/src/pf/pf.c:429:7:[m[K [01;31m[Kerror: [m[Kâ€˜[01m[Kpf_t[m[Kâ€™ {aka â€˜[01m[Kstruct _pf_t[m[Kâ€™} has no member named â€˜[01m[Ktotal_w_max[m[Kâ€™
[0.314s]   429 |     pf[01;31m[K->[m[Ktotal_w_max = pf->total_w;
[0.314s]       |       [01;31m[K^~[m[K
[0.314s] [01m[K/home/kgh/ws2/src/navigation2/nav2_amcl/src/pf/pf.c:429:25:[m[K [01;31m[Kerror: [m[Kâ€˜[01m[Kpf_t[m[Kâ€™ {aka â€˜[01m[Kstruct _pf_t[m[Kâ€™} has no member named â€˜[01m[Ktotal_w[m[Kâ€™
[0.314s]   429 |     pf->total_w_max = pf[01;31m[K->[m[Ktotal_w;
[0.314s]       |                         [01;31m[K^~[m[K
[0.314s] [01m[K/home/kgh/ws2/src/navigation2/nav2_amcl/src/pf/pf.c:432:26:[m[K [01;31m[Kerror: [m[Kâ€˜[01m[Kpf_t[m[Kâ€™ {aka â€˜[01m[Kstruct _pf_t[m[Kâ€™} has no member named â€˜[01m[Ktotal_w_max[m[Kâ€™
[0.315s]   432 |   if (lost_w_new < 0.6*pf[01;31m[K->[m[Ktotal_w_max && pf->total_w_max > pf->lost_w/0.6) {
[0.315s]       |                          [01;31m[K^~[m[K
[0.315s] [01m[K/home/kgh/ws2/src/navigation2/nav2_amcl/src/pf/pf.c:432:45:[m[K [01;31m[Kerror: [m[Kâ€˜[01m[Kpf_t[m[Kâ€™ {aka â€˜[01m[Kstruct _pf_t[m[Kâ€™} has no member named â€˜[01m[Ktotal_w_max[m[Kâ€™
[0.315s]   432 |   if (lost_w_new < 0.6*pf->total_w_max && pf[01;31m[K->[m[Ktotal_w_max > pf->lost_w/0.6) {
[0.315s]       |                                             [01;31m[K^~[m[K
[0.315s] [01m[K/home/kgh/ws2/src/navigation2/nav2_amcl/src/pf/pf.c:432:63:[m[K [01;31m[Kerror: [m[Kâ€˜[01m[Kpf_t[m[Kâ€™ {aka â€˜[01m[Kstruct _pf_t[m[Kâ€™} has no member named â€˜[01m[Klost_w[m[Kâ€™
[0.316s]   432 |   if (lost_w_new < 0.6*pf->total_w_max && pf->total_w_max > pf[01;31m[K->[m[Klost_w/0.6) {
[0.316s]       |                                                               [01;31m[K^~[m[K
[0.316s] [01m[K/home/kgh/ws2/src/navigation2/nav2_amcl/src/pf/pf.c:433:24:[m[K [01;31m[Kerror: [m[Kâ€˜[01m[Kpf_t[m[Kâ€™ {aka â€˜[01m[Kstruct _pf_t[m[Kâ€™} has no member named â€˜[01m[Ktotal_w_max[m[Kâ€™
[0.316s]   433 |     lost_w_new = 0.6*pf[01;31m[K->[m[Ktotal_w_max;
[0.316s]       |                        [01;31m[K^~[m[K
[0.316s] [01m[K/home/kgh/ws2/src/navigation2/nav2_amcl/src/pf/pf.c:436:26:[m[K [01;31m[Kerror: [m[Kâ€˜[01m[Kpf_t[m[Kâ€™ {aka â€˜[01m[Kstruct _pf_t[m[Kâ€™} has no member named â€˜[01m[Ktotal_w_max[m[Kâ€™
[0.316s]   436 |   if (poor_w_new < 0.9*pf[01;31m[K->[m[Ktotal_w_max && pf->total_w_max > pf->poor_w/0.9) {
[0.317s]       |                          [01;31m[K^~[m[K
[0.317s] [01m[K/home/kgh/ws2/src/navigation2/nav2_amcl/src/pf/pf.c:436:45:[m[K [01;31m[Kerror: [m[Kâ€˜[01m[Kpf_t[m[Kâ€™ {aka â€˜[01m[Kstruct _pf_t[m[Kâ€™} has no member named â€˜[01m[Ktotal_w_max[m[Kâ€™
[0.317s]   436 |   if (poor_w_new < 0.9*pf->total_w_max && pf[01;31m[K->[m[Ktotal_w_max > pf->poor_w/0.9) {
[0.317s]       |                                             [01;31m[K^~[m[K
[0.317s] [01m[K/home/kgh/ws2/src/navigation2/nav2_amcl/src/pf/pf.c:436:63:[m[K [01;31m[Kerror: [m[Kâ€˜[01m[Kpf_t[m[Kâ€™ {aka â€˜[01m[Kstruct _pf_t[m[Kâ€™} has no member named â€˜[01m[Kpoor_w[m[Kâ€™
[0.317s]   436 |   if (poor_w_new < 0.9*pf->total_w_max && pf->total_w_max > pf[01;31m[K->[m[Kpoor_w/0.9) {
[0.317s]       |                                                               [01;31m[K^~[m[K
[0.318s] [01m[K/home/kgh/ws2/src/navigation2/nav2_amcl/src/pf/pf.c:437:24:[m[K [01;31m[Kerror: [m[Kâ€˜[01m[Kpf_t[m[Kâ€™ {aka â€˜[01m[Kstruct _pf_t[m[Kâ€™} has no member named â€˜[01m[Ktotal_w_max[m[Kâ€™
[0.318s]   437 |     poor_w_new = 0.9*pf[01;31m[K->[m[Ktotal_w_max;
[0.318s]       |                        [01;31m[K^~[m[K
[0.318s] [01m[K/home/kgh/ws2/src/navigation2/nav2_amcl/src/pf/pf.c:440:9:[m[K [01;31m[Kerror: [m[Kâ€˜[01m[Kpf_t[m[Kâ€™ {aka â€˜[01m[Kstruct _pf_t[m[Kâ€™} has no member named â€˜[01m[Ktotal_w_max[m[Kâ€™
[0.318s]   440 |   if (pf[01;31m[K->[m[Ktotal_w_max > 1.2*pf->total_w) {
[0.318s]       |         [01;31m[K^~[m[K
[0.318s] [01m[K/home/kgh/ws2/src/navigation2/nav2_amcl/src/pf/pf.c:440:31:[m[K [01;31m[Kerror: [m[Kâ€˜[01m[Kpf_t[m[Kâ€™ {aka â€˜[01m[Kstruct _pf_t[m[Kâ€™} has no member named â€˜[01m[Ktotal_w[m[Kâ€™
[0.319s]   440 |   if (pf->total_w_max > 1.2*pf[01;31m[K->[m[Ktotal_w) {
[0.319s]       |                               [01;31m[K^~[m[K
[0.319s] [01m[K/home/kgh/ws2/src/navigation2/nav2_amcl/src/pf/pf.c:441:6:[m[K [01;31m[Kerror: [m[Kâ€˜[01m[Kpf_t[m[Kâ€™ {aka â€˜[01m[Kstruct _pf_t[m[Kâ€™} has no member named â€˜[01m[Ktotal_w_max[m[Kâ€™
[0.319s]   441 |    pf[01;31m[K->[m[Ktotal_w_max = 0;
[0.319s]       |      [01;31m[K^~[m[K
[0.319s] [01m[K/home/kgh/ws2/src/navigation2/nav2_amcl/src/pf/pf.c:447:5:[m[K [01;31m[Kerror: [m[Kâ€˜[01m[Kpf_t[m[Kâ€™ {aka â€˜[01m[Kstruct _pf_t[m[Kâ€™} has no member named â€˜[01m[Kpose_x[m[Kâ€™
[0.320s]   447 |   pf[01;31m[K->[m[Kpose_x = set_a->mean.v[0];
[0.320s]       |     [01;31m[K^~[m[K
[0.320s] [01m[K/home/kgh/ws2/src/navigation2/nav2_amcl/src/pf/pf.c:448:5:[m[K [01;31m[Kerror: [m[Kâ€˜[01m[Kpf_t[m[Kâ€™ {aka â€˜[01m[Kstruct _pf_t[m[Kâ€™} has no member named â€˜[01m[Kpose_y[m[Kâ€™
[0.320s]   448 |   pf[01;31m[K->[m[Kpose_y = set_a->mean.v[1];
[0.320s]       |     [01;31m[K^~[m[K
[0.321s] [01m[K/home/kgh/ws2/src/navigation2/nav2_amcl/src/pf/pf.c:453:20:[m[K [01;31m[Kerror: [m[Kâ€˜[01m[Kpf_t[m[Kâ€™ {aka â€˜[01m[Kstruct _pf_t[m[Kâ€™} has no member named â€˜[01m[Kpoor_m[m[Kâ€™
[0.321s]   453 |     double kkk = pf[01;31m[K->[m[Kpoor_m;
[0.321s]       |                    [01;31m[K^~[m[K
[0.321s] [01m[K/home/kgh/ws2/src/navigation2/nav2_amcl/src/pf/pf.c:454:11:[m[K [01;31m[Kerror: [m[Kâ€˜[01m[Kpf_t[m[Kâ€™ {aka â€˜[01m[Kstruct _pf_t[m[Kâ€™} has no member named â€˜[01m[Ktotal_w[m[Kâ€™
[0.321s]   454 |     if (pf[01;31m[K->[m[Ktotal_w < lost_w_new || pf->w_diff > pf->poor_wdiff) {
[0.321s]       |           [01;31m[K^~[m[K
[0.322s] [01m[K/home/kgh/ws2/src/navigation2/nav2_amcl/src/pf/pf.c:454:39:[m[K [01;31m[Kerror: [m[Kâ€˜[01m[Kpf_t[m[Kâ€™ {aka â€˜[01m[Kstruct _pf_t[m[Kâ€™} has no member named â€˜[01m[Kw_diff[m[Kâ€™
[0.322s]   454 |     if (pf->total_w < lost_w_new || pf[01;31m[K->[m[Kw_diff > pf->poor_wdiff) {
[0.322s]       |                                       [01;31m[K^~[m[K
[0.322s] [01m[K/home/kgh/ws2/src/navigation2/nav2_amcl/src/pf/pf.c:454:52:[m[K [01;31m[Kerror: [m[Kâ€˜[01m[Kpf_t[m[Kâ€™ {aka â€˜[01m[Kstruct _pf_t[m[Kâ€™} has no member named â€˜[01m[Kpoor_wdiff[m[Kâ€™
[0.322s]   454 |     if (pf->total_w < lost_w_new || pf->w_diff > pf[01;31m[K->[m[Kpoor_wdiff) {
[0.322s]       |                                                    [01;31m[K^~[m[K
[0.322s] [01m[K/home/kgh/ws2/src/navigation2/nav2_amcl/src/pf/pf.c:456:15:[m[K [01;31m[Kerror: [m[Kâ€˜[01m[Kpf_t[m[Kâ€™ {aka â€˜[01m[Kstruct _pf_t[m[Kâ€™} has no member named â€˜[01m[Klost_m[m[Kâ€™
[0.323s]   456 |       kkk = pf[01;31m[K->[m[Klost_m;
[0.323s]       |               [01;31m[K^~[m[K
[0.323s] [01m[K/home/kgh/ws2/src/navigation2/nav2_amcl/src/pf/pf.c:475:11:[m[K [01;31m[Kerror: [m[Kâ€˜[01m[Kpf_t[m[Kâ€™ {aka â€˜[01m[Kstruct _pf_t[m[Kâ€™} has no member named â€˜[01m[Ktotal_w[m[Kâ€™
[0.323s]   475 |     if((pf[01;31m[K->[m[Ktotal_w < poor_w_new) && (set_b->sample_count < 500*kk)) {
[0.323s]       |           [01;31m[K^~[m[K
[0.323s] [01m[K/home/kgh/ws2/src/navigation2/nav2_amcl/src/pf/pf.c:506:11:[m[K [01;31m[Kerror: [m[Kunused variable â€˜[01m[Kvdxy[m[Kâ€™ [[01;31m[K-Werror=unused-variable[m[K]
[0.324s]   506 |       int [01;31m[Kvdxy[m[K = valid_map_xy(map_, rx, ry);
[0.324s]       |           [01;31m[K^~~~[m[K
[0.324s] [01m[K/home/kgh/ws2/src/navigation2/nav2_amcl/src/pf/pf.c:487:11:[m[K [01;31m[Kerror: [m[Kvariable â€˜[01m[Ksucc[m[Kâ€™ set but not used [[01;31m[K-Werror=unused-but-set-variable[m[K]
[0.324s]   487 |       int [01;31m[Ksucc[m[K = 0;
[0.324s]       |           [01;31m[K^~~~[m[K
[0.324s] cc1: all warnings being treated as errors
[0.324s] make[2]: *** [src/pf/CMakeFiles/pf_lib.dir/build.make:63ï¼šsrc/pf/CMakeFiles/pf_lib.dir/pf.c.o] é”™è¯¯ 1
[0.324s] make[2]: *** æ­£åœ¨ç­‰å¾…æœªå®Œæˆçš„ä»»åŠ¡....
[0.472s] make[1]: *** [CMakeFiles/Makefile2:278ï¼šsrc/pf/CMakeFiles/pf_lib.dir/all] é”™è¯¯ 2
[0.472s] make[1]: *** æ­£åœ¨ç­‰å¾…æœªå®Œæˆçš„ä»»åŠ¡....
[0.631s] [ 46%] [32m[1mLinking CXX shared library libmap_lib.so[0m
[0.731s] [ 46%] Built target map_lib
[0.732s] make: *** [Makefile:141ï¼šall] é”™è¯¯ 2
[0.734s] Invoked command in '/home/kgh/ws2/build/nav2_amcl' returned '2': CMAKE_PREFIX_PATH=/home/kgh/ws2/install/nav2_util:/home/kgh/ws2/install/nav2_msgs:/home/kgh/ws2/install/nav2_common:/home/kgh/ws2/install/yzbot_nav2:/home/kgh/ws2/install/yzbot_cartographer:/home/kgh/ws2/install/nav2_system_tests:/home/kgh/ws2/install/nav2_bringup:/home/kgh/ws2/install/navigation2:/home/kgh/ws2/install/smac_planner:/home/kgh/ws2/install/nav2_dwb_controller:/home/kgh/ws2/install/nav2_controller:/home/kgh/ws2/install/dwb_plugins:/home/kgh/ws2/install/dwb_critics:/home/kgh/ws2/install/dwb_core:/home/kgh/ws2/install/nav_2d_utils:/home/kgh/ws2/install/dwb_msgs:/home/kgh/ws2/install/nav_2d_msgs:/home/kgh/ws2/install/nav2_waypoint_follower:/home/kgh/ws2/install/nav2_regulated_pure_pursuit_controller:/home/kgh/ws2/install/nav2_recoveries:/home/kgh/ws2/install/nav2_planner:/home/kgh/ws2/install/nav2_navfn_planner:/home/kgh/ws2/install/nav2_core:/home/kgh/ws2/install/costmap_queue:/home/kgh/ws2/install/nav2_costmap_2d:/home/kgh/ws2/install/nav2_voxel_grid:/home/kgh/ws2/install/nav2_rviz_plugins:/home/kgh/ws2/install/nav2_map_server:/home/kgh/ws2/install/nav2_lifecycle_manager:/home/kgh/ws2/install/nav2_bt_navigator:/home/kgh/ws2/install/nav2_behavior_tree:/home/kgh/ws2/install/nav2_amcl:/home/kgh/ws2/install/yzbot_description:/home/kgh/ws2/install/yzbot_controller:/home/kgh/ws2/install/nav2_gazebo_spawner:/opt/ros/foxy LD_LIBRARY_PATH=/home/kgh/ws2/install/nav2_util/lib:/home/kgh/ws2/install/nav2_msgs/lib:/home/kgh/ws2/install/smac_planner/lib:/home/kgh/ws2/install/nav2_controller/lib:/home/kgh/ws2/install/dwb_plugins/lib:/home/kgh/ws2/install/dwb_critics/lib:/home/kgh/ws2/install/dwb_core/lib:/home/kgh/ws2/install/nav_2d_utils/lib:/home/kgh/ws2/install/dwb_msgs/lib:/home/kgh/ws2/install/nav_2d_msgs/lib:/home/kgh/ws2/install/nav2_waypoint_follower/lib:/home/kgh/ws2/install/nav2_regulated_pure_pursuit_controller/lib:/home/kgh/ws2/install/nav2_recoveries/lib:/home/kgh/ws2/install/nav2_planner/lib:/home/kgh/ws2/install/nav2_navfn_planner/lib:/home/kgh/ws2/install/costmap_queue/lib:/home/kgh/ws2/install/nav2_costmap_2d/lib:/home/kgh/ws2/install/nav2_voxel_grid/lib:/home/kgh/ws2/install/nav2_rviz_plugins/lib:/home/kgh/ws2/install/nav2_map_server/lib:/home/kgh/ws2/install/nav2_lifecycle_manager/lib:/home/kgh/ws2/install/nav2_bt_navigator/lib:/home/kgh/ws2/install/nav2_behavior_tree/lib:/home/kgh/ws2/install/nav2_amcl/lib:/usr/lib/x86_64-linux-gnu/gazebo-11/plugins:/opt/ros/foxy/opt/yaml_cpp_vendor/lib:/opt/ros/foxy/opt/rviz_ogre_vendor/lib:/opt/ros/foxy/lib/x86_64-linux-gnu:/opt/ros/foxy/lib PYTHONPATH=/home/kgh/ws2/install/nav2_msgs/lib/python3.8/site-packages:/home/kgh/ws2/install/nav2_common/lib/python3.8/site-packages:/home/kgh/ws2/install/yzbot_description/lib/python3.8/site-packages:/home/kgh/ws2/install/yzbot_controller/lib/python3.8/site-packages:/home/kgh/ws2/install/dwb_msgs/lib/python3.8/site-packages:/home/kgh/ws2/install/nav_2d_msgs/lib/python3.8/site-packages:/home/kgh/ws2/install/nav2_gazebo_spawner/lib/python3.8/site-packages:/opt/ros/foxy/lib/python3.8/site-packages /usr/bin/cmake --build /home/kgh/ws2/build/nav2_amcl -- -j16 -l16
