[0.108s] Invoking command in '/home/kgh/ws2/build/yzbot_stm32connect': CMAKE_PREFIX_PATH=/home/kgh/ws2/install/yzbot_msgs:/home/kgh/ws2/install/yzbot_stm32connect:/home/kgh/ws2/install/yzbot_nav2:/home/kgh/ws2/install/yzbot_cartographer:/home/kgh/ws2/install/nav2_system_tests:/home/kgh/ws2/install/nav2_bringup:/home/kgh/ws2/install/navigation2:/home/kgh/ws2/install/smac_planner:/home/kgh/ws2/install/nav2_dwb_controller:/home/kgh/ws2/install/nav2_controller:/home/kgh/ws2/install/dwb_plugins:/home/kgh/ws2/install/dwb_critics:/home/kgh/ws2/install/dwb_core:/home/kgh/ws2/install/nav_2d_utils:/home/kgh/ws2/install/dwb_msgs:/home/kgh/ws2/install/nav_2d_msgs:/home/kgh/ws2/install/nav2_waypoint_follower:/home/kgh/ws2/install/nav2_regulated_pure_pursuit_controller:/home/kgh/ws2/install/nav2_recoveries:/home/kgh/ws2/install/nav2_planner:/home/kgh/ws2/install/nav2_navfn_planner:/home/kgh/ws2/install/nav2_core:/home/kgh/ws2/install/costmap_queue:/home/kgh/ws2/install/nav2_costmap_2d:/home/kgh/ws2/install/nav2_voxel_grid:/home/kgh/ws2/install/nav2_rviz_plugins:/home/kgh/ws2/install/nav2_map_server:/home/kgh/ws2/install/nav2_lifecycle_manager:/home/kgh/ws2/install/nav2_bt_navigator:/home/kgh/ws2/install/nav2_behavior_tree:/home/kgh/ws2/install/nav2_amcl:/home/kgh/ws2/install/nav2_util:/home/kgh/ws2/install/nav2_msgs:/home/kgh/ws2/install/nav2_common:/home/kgh/ws2/install/bluesea2:/home/kgh/ws2/install/yzbot_description:/home/kgh/ws2/install/yzbot_controller:/home/kgh/ws2/install/nav2_gazebo_spawner:/opt/ros/foxy /usr/bin/cmake --build /home/kgh/ws2/build/yzbot_stm32connect -- -j16 -l16
[0.184s] [ 50%] Built target serial
[0.200s] [35m[1mScanning dependencies of target stm32_connect[0m
[0.237s] [ 75%] [32mBuilding CXX object CMakeFiles/stm32_connect.dir/src/stm32_connect.cpp.o[0m
[0.237s] [ 75%] [32mBuilding CXX object CMakeFiles/stm32_connect.dir/src/plc.cpp.o[0m
[2.272s] In file included from [01m[K/home/kgh/ws2/src/yzbot_stm32connect/src/plc.cpp:1[m[K:
[2.272s] [01m[K/home/kgh/ws2/src/yzbot_stm32connect/include/plc.hpp:47:5:[m[K [01;31m[Kerror: [m[K‚Äò[01m[Kmy_robot_pose[m[K‚Äô does not name a type; did you mean ‚Äò[01m[KRobot_pose[m[K‚Äô?
[2.273s]    47 |     [01;31m[Kmy_robot_pose[m[K.robot_x = 0;
[2.273s]       |     [01;31m[K^~~~~~~~~~~~~[m[K
[2.273s]       |     [32m[KRobot_pose[m[K
[2.274s] [01m[K/home/kgh/ws2/src/yzbot_stm32connect/include/plc.hpp:48:5:[m[K [01;31m[Kerror: [m[K‚Äò[01m[Kmy_robot_pose[m[K‚Äô does not name a type; did you mean ‚Äò[01m[KRobot_pose[m[K‚Äô?
[2.274s]    48 |     [01;31m[Kmy_robot_pose[m[K.robot_y = 0;
[2.274s]       |     [01;31m[K^~~~~~~~~~~~~[m[K
[2.274s]       |     [32m[KRobot_pose[m[K
[2.275s] [01m[K/home/kgh/ws2/src/yzbot_stm32connect/include/plc.hpp:49:5:[m[K [01;31m[Kerror: [m[K‚Äò[01m[Kmy_robot_pose[m[K‚Äô does not name a type; did you mean ‚Äò[01m[KRobot_pose[m[K‚Äô?
[2.275s]    49 |     [01;31m[Kmy_robot_pose[m[K.robot_yaw = 0;
[2.276s]       |     [01;31m[K^~~~~~~~~~~~~[m[K
[2.276s]       |     [32m[KRobot_pose[m[K
[2.279s] In file included from [01m[K/home/kgh/ws2/src/yzbot_stm32connect/include/stm32_connect.hpp:6[m[K,
[2.279s]                  from [01m[K/home/kgh/ws2/src/yzbot_stm32connect/src/stm32_connect.cpp:1[m[K:
[2.279s] [01m[K/home/kgh/ws2/src/yzbot_stm32connect/include/plc.hpp:47:5:[m[K [01;31m[Kerror: [m[K‚Äò[01m[Kmy_robot_pose[m[K‚Äô does not name a type; did you mean ‚Äò[01m[KRobot_pose[m[K‚Äô?
[2.279s]    47 |     [01;31m[Kmy_robot_pose[m[K.robot_x = 0;
[2.279s]       |     [01;31m[K^~~~~~~~~~~~~[m[K
[2.279s]       |     [32m[KRobot_pose[m[K
[2.281s] [01m[K/home/kgh/ws2/src/yzbot_stm32connect/include/plc.hpp:48:5:[m[K [01;31m[Kerror: [m[K‚Äò[01m[Kmy_robot_pose[m[K‚Äô does not name a type; did you mean ‚Äò[01m[KRobot_pose[m[K‚Äô?
[2.281s]    48 |     [01;31m[Kmy_robot_pose[m[K.robot_y = 0;
[2.281s]       |     [01;31m[K^~~~~~~~~~~~~[m[K
[2.281s]       |     [32m[KRobot_pose[m[K
[2.282s] [01m[K/home/kgh/ws2/src/yzbot_stm32connect/include/plc.hpp:49:5:[m[K [01;31m[Kerror: [m[K‚Äò[01m[Kmy_robot_pose[m[K‚Äô does not name a type; did you mean ‚Äò[01m[KRobot_pose[m[K‚Äô?
[2.283s]    49 |     [01;31m[Kmy_robot_pose[m[K.robot_yaw = 0;
[2.283s]       |     [01;31m[K^~~~~~~~~~~~~[m[K
[2.283s]       |     [32m[KRobot_pose[m[K
[2.313s] [01m[K/home/kgh/ws2/src/yzbot_stm32connect/src/plc.cpp:[m[K In constructor ‚Äò[01m[KPLC::PLC(RobotSerial*)[m[K‚Äô:
[2.314s] [01m[K/home/kgh/ws2/src/yzbot_stm32connect/src/plc.cpp:23:42:[m[K [01;31m[Kerror: [m[K‚Äò[01m[Kamcl_pose_callback[m[K‚Äô is not a member of ‚Äò[01m[KPLC[m[K‚Äô
[2.314s]    23 |         "amcl_pose", 10, std::bind(&PLC::[01;31m[Kamcl_pose_callback[m[K, this, std::placeholders::_1));
[2.314s]       |                                          [01;31m[K^~~~~~~~~~~~~~~~~~[m[K
[2.320s] [01m[K/home/kgh/ws2/src/yzbot_stm32connect/src/plc.cpp:[m[K In function ‚Äò[01m[Kvoid amcl_pose_callback(geometry_msgs::msg::PoseWithCovarianceStamped_<std::allocator<void> >::SharedPtr)[m[K‚Äô:
[2.320s] [01m[K/home/kgh/ws2/src/yzbot_stm32connect/src/plc.cpp:42:5:[m[K [01;31m[Kerror: [m[K‚Äò[01m[KmRobotPose_x[m[K‚Äô was not declared in this scope
[2.320s]    42 |     [01;31m[KmRobotPose_x[m[K = amcl_pose->pose.pose.position.x;
[2.320s]       |     [01;31m[K^~~~~~~~~~~~[m[K
[2.323s] [01m[K/home/kgh/ws2/src/yzbot_stm32connect/src/plc.cpp:43:5:[m[K [01;31m[Kerror: [m[K‚Äò[01m[KmRobotPose_y[m[K‚Äô was not declared in this scope
[2.323s]    43 |     [01;31m[KmRobotPose_y[m[K = amcl_pose->pose.pose.position.y;
[2.323s]       |     [01;31m[K^~~~~~~~~~~~[m[K
[2.324s] [01m[K/home/kgh/ws2/src/yzbot_stm32connect/src/plc.cpp:44:5:[m[K [01;31m[Kerror: [m[K‚Äò[01m[KmD[m[K‚Äô was not declared in this scope
[2.324s]    44 |     [01;31m[KmD[m[K = mRobotPose_y - 14.3;
[2.324s]       |     [01;31m[K^~[m[K
[2.326s] [01m[K/home/kgh/ws2/src/yzbot_stm32connect/src/plc.cpp:45:5:[m[K [01;31m[Kerror: [m[K‚Äò[01m[Kmy_robot_pose[m[K‚Äô was not declared in this scope; did you mean ‚Äò[01m[KRobot_pose[m[K‚Äô?
[2.326s]    45 |     [01;31m[Kmy_robot_pose[m[K.robot_x = amcl_pose->pose.pose.position.x;
[2.326s]       |     [01;31m[K^~~~~~~~~~~~~[m[K
[2.326s]       |     [32m[KRobot_pose[m[K
[2.328s] [01m[K/home/kgh/ws2/src/yzbot_stm32connect/src/plc.cpp:53:5:[m[K [01;31m[Kerror: [m[K‚Äò[01m[KmRobotPose_yaw[m[K‚Äô was not declared in this scope
[2.328s]    53 |     [01;31m[KmRobotPose_yaw[m[K = yaw;
[2.329s]       |     [01;31m[K^~~~~~~~~~~~~~[m[K
[2.337s] [01m[K/home/kgh/ws2/src/yzbot_stm32connect/src/plc.cpp:[m[K In member function ‚Äò[01m[Kint PLC::pub_odom(short int, short int, short int, short int, float, float, float, float)[m[K‚Äô:
[2.337s] [01m[K/home/kgh/ws2/src/yzbot_stm32connect/src/plc.cpp:60:29:[m[K [01;35m[Kwarning: [m[Kunused parameter ‚Äò[01m[Kvx[m[K‚Äô [[01;35m[K-Wunused-parameter[m[K]
[2.337s]    60 | int PLC::pub_odom([01;35m[Kshort int vx[m[K, short int vy, short int t1, short int t2, float angle_v, float angle, float n_vx, float n_vth)
[2.337s]       |                   [01;35m[K~~~~~~~~~~^~[m[K
[2.337s] [01m[K/home/kgh/ws2/src/yzbot_stm32connect/src/plc.cpp:60:43:[m[K [01;35m[Kwarning: [m[Kunused parameter ‚Äò[01m[Kvy[m[K‚Äô [[01;35m[K-Wunused-parameter[m[K]
[2.337s]    60 | int PLC::pub_odom(short int vx, [01;35m[Kshort int vy[m[K, short int t1, short int t2, float angle_v, float angle, float n_vx, float n_vth)
[2.338s]       |                                 [01;35m[K~~~~~~~~~~^~[m[K
[2.338s] [01m[K/home/kgh/ws2/src/yzbot_stm32connect/src/plc.cpp:60:81:[m[K [01;35m[Kwarning: [m[Kunused parameter ‚Äò[01m[Kangle_v[m[K‚Äô [[01;35m[K-Wunused-parameter[m[K]
[2.338s]    60 | int PLC::pub_odom(short int vx, short int vy, short int t1, short int t2, [01;35m[Kfloat angle_v[m[K, float angle, float n_vx, float n_vth)
[2.338s]       |                                                                           [01;35m[K~~~~~~^~~~~~~[m[K
[2.338s] [01m[K/home/kgh/ws2/src/yzbot_stm32connect/src/plc.cpp:60:109:[m[K [01;35m[Kwarning: [m[Kunused parameter ‚Äò[01m[Kn_vx[m[K‚Äô [[01;35m[K-Wunused-parameter[m[K]
[2.338s]    60 | int PLC::pub_odom(short int vx, short int vy, short int t1, short int t2, float angle_v, float angle, [01;35m[Kfloat n_vx[m[K, float n_vth)
[2.338s]       |                                                                                                       [01;35m[K~~~~~~^~~~[m[K
[2.338s] [01m[K/home/kgh/ws2/src/yzbot_stm32connect/src/plc.cpp:60:121:[m[K [01;35m[Kwarning: [m[Kunused parameter ‚Äò[01m[Kn_vth[m[K‚Äô [[01;35m[K-Wunused-parameter[m[K]
[2.338s]    60 | int PLC::pub_odom(short int vx, short int vy, short int t1, short int t2, float angle_v, float angle, float n_vx, [01;35m[Kfloat n_vth[m[K)
[2.338s]       |                                                                                                                   [01;35m[K~~~~~~^~~~~[m[K
[2.341s] [01m[K/home/kgh/ws2/src/yzbot_stm32connect/src/plc.cpp:[m[K In member function ‚Äò[01m[Kvoid PLC::pub_robot_pose(int, int, double, double)[m[K‚Äô:
[2.342s] [01m[K/home/kgh/ws2/src/yzbot_stm32connect/src/plc.cpp:172:5:[m[K [01;31m[Kerror: [m[K‚Äò[01m[Kcurrent_time[m[K‚Äô was not declared in this scope
[2.342s]   172 |     [01;31m[Kcurrent_time[m[K = this->now();
[2.342s]       |     [01;31m[K^~~~~~~~~~~~[m[K
[2.349s] [01m[K/home/kgh/ws2/src/yzbot_stm32connect/src/plc.cpp:173:33:[m[K [01;31m[Kerror: [m[K‚Äò[01m[Krobot_pose_lasttime[m[K‚Äô was not declared in this scope
[2.349s]   173 |     double dt = (current_time - [01;31m[Krobot_pose_lasttime[m[K).seconds();
[2.349s]       |                                 [01;31m[K^~~~~~~~~~~~~~~~~~~[m[K
[2.351s] [01m[K/home/kgh/ws2/src/yzbot_stm32connect/src/plc.cpp:177:57:[m[K [01;31m[Kerror: [m[K‚Äò[01m[Kmy_robot_pose[m[K‚Äô was not declared in this scope; did you mean ‚Äò[01m[Kpub_robot_pose[m[K‚Äô?
[2.351s]   177 |     double dt_x = ((left_t + right_t) * pulse_sec * cos([01;31m[Kmy_robot_pose[m[K.robot_yaw + dt_th/2.0))/2.0;
[2.351s]       |                                                         [01;31m[K^~~~~~~~~~~~~[m[K
[2.351s]       |                                                         [32m[Kpub_robot_pose[m[K
[2.357s] [01m[K/home/kgh/ws2/src/yzbot_stm32connect/src/plc.cpp:169:18:[m[K [01;35m[Kwarning: [m[Kunused variable ‚Äò[01m[Ktrueth_angle[m[K‚Äô [[01;35m[K-Wunused-variable[m[K]
[2.357s]   169 |     static float [01;35m[Ktrueth_angle[m[K = 0;
[2.357s]       |                  [01;35m[K^~~~~~~~~~~~[m[K
[2.357s] [01m[K/home/kgh/ws2/src/yzbot_stm32connect/src/plc.cpp:173:12:[m[K [01;35m[Kwarning: [m[Kunused variable ‚Äò[01m[Kdt[m[K‚Äô [[01;35m[K-Wunused-variable[m[K]
[2.357s]   173 |     double [01;35m[Kdt[m[K = (current_time - robot_pose_lasttime).seconds();
[2.357s]       |            [01;35m[K^~[m[K
[2.357s] [01m[K/home/kgh/ws2/src/yzbot_stm32connect/src/plc.cpp:179:12:[m[K [01;35m[Kwarning: [m[Kunused variable ‚Äò[01m[Ksin_y[m[K‚Äô [[01;35m[K-Wunused-variable[m[K]
[2.357s]   179 |     double [01;35m[Ksin_y[m[K = sin(my_robot_pose.robot_yaw + dt_th/2.0);
[2.357s]       |            [01;35m[K^~~~~[m[K
[2.357s] [01m[K/home/kgh/ws2/src/yzbot_stm32connect/src/plc.cpp:166:74:[m[K [01;35m[Kwarning: [m[Kunused parameter ‚Äò[01m[Kangle_l[m[K‚Äô [[01;35m[K-Wunused-parameter[m[K]
[2.357s]   166 | void PLC::pub_robot_pose(int left_t, int right_t, double angle_t, [01;35m[Kdouble angle_l[m[K)
[2.357s]       |                                                                   [01;35m[K~~~~~~~^~~~~~~[m[K
[2.911s] make[2]: *** [CMakeFiles/stm32_connect.dir/build.make:63ÔºöCMakeFiles/stm32_connect.dir/src/stm32_connect.cpp.o] ÈîôËØØ 1
[2.911s] make[2]: *** Ê≠£Âú®Á≠âÂæÖÊú™ÂÆåÊàêÁöÑ‰ªªÂä°....
[3.938s] [01m[K/home/kgh/ws2/src/yzbot_stm32connect/src/plc.cpp:[m[K At global scope:
[3.938s] [01m[K/home/kgh/ws2/src/yzbot_stm32connect/src/plc.cpp:169:18:[m[K [01;35m[Kwarning: [m[K‚Äò[01m[Ktrueth_angle[m[K‚Äô defined but not used [[01;35m[K-Wunused-variable[m[K]
[3.938s]   169 |     static float [01;35m[Ktrueth_angle[m[K = 0;
[3.938s]       |                  [01;35m[K^~~~~~~~~~~~[m[K
[3.966s] make[2]: *** [CMakeFiles/stm32_connect.dir/build.make:89ÔºöCMakeFiles/stm32_connect.dir/src/plc.cpp.o] ÈîôËØØ 1
[3.966s] make[1]: *** [CMakeFiles/Makefile2:80ÔºöCMakeFiles/stm32_connect.dir/all] ÈîôËØØ 2
[3.966s] make: *** [Makefile:141Ôºöall] ÈîôËØØ 2
[3.969s] Invoked command in '/home/kgh/ws2/build/yzbot_stm32connect' returned '2': CMAKE_PREFIX_PATH=/home/kgh/ws2/install/yzbot_msgs:/home/kgh/ws2/install/yzbot_stm32connect:/home/kgh/ws2/install/yzbot_nav2:/home/kgh/ws2/install/yzbot_cartographer:/home/kgh/ws2/install/nav2_system_tests:/home/kgh/ws2/install/nav2_bringup:/home/kgh/ws2/install/navigation2:/home/kgh/ws2/install/smac_planner:/home/kgh/ws2/install/nav2_dwb_controller:/home/kgh/ws2/install/nav2_controller:/home/kgh/ws2/install/dwb_plugins:/home/kgh/ws2/install/dwb_critics:/home/kgh/ws2/install/dwb_core:/home/kgh/ws2/install/nav_2d_utils:/home/kgh/ws2/install/dwb_msgs:/home/kgh/ws2/install/nav_2d_msgs:/home/kgh/ws2/install/nav2_waypoint_follower:/home/kgh/ws2/install/nav2_regulated_pure_pursuit_controller:/home/kgh/ws2/install/nav2_recoveries:/home/kgh/ws2/install/nav2_planner:/home/kgh/ws2/install/nav2_navfn_planner:/home/kgh/ws2/install/nav2_core:/home/kgh/ws2/install/costmap_queue:/home/kgh/ws2/install/nav2_costmap_2d:/home/kgh/ws2/install/nav2_voxel_grid:/home/kgh/ws2/install/nav2_rviz_plugins:/home/kgh/ws2/install/nav2_map_server:/home/kgh/ws2/install/nav2_lifecycle_manager:/home/kgh/ws2/install/nav2_bt_navigator:/home/kgh/ws2/install/nav2_behavior_tree:/home/kgh/ws2/install/nav2_amcl:/home/kgh/ws2/install/nav2_util:/home/kgh/ws2/install/nav2_msgs:/home/kgh/ws2/install/nav2_common:/home/kgh/ws2/install/bluesea2:/home/kgh/ws2/install/yzbot_description:/home/kgh/ws2/install/yzbot_controller:/home/kgh/ws2/install/nav2_gazebo_spawner:/opt/ros/foxy /usr/bin/cmake --build /home/kgh/ws2/build/yzbot_stm32connect -- -j16 -l16
